[ 2016-12-20T14:22:11+08:00 ] ::1 /thinkphp/index.php/Home/Index/verify
INFO: [ app_init ] --START--
INFO: Run Behavior\BuildLiteBehavior [ RunTime:0.000018s ]
INFO: [ app_init ] --END-- [ RunTime:0.000514s ]
INFO: [ app_begin ] --START--
INFO: Run Behavior\ReadHtmlCacheBehavior [ RunTime:0.000569s ]
INFO: [ app_begin ] --END-- [ RunTime:0.000637s ]
INFO: [ app_end ] --START--
INFO: Run Behavior\ShowPageTraceBehavior [ RunTime:0.000720s ]
INFO: [ app_end ] --END-- [ RunTime:0.000805s ]

[ 2016-12-20T14:22:36+08:00 ] ::1 /thinkphp/index.php/Home/Index/check
INFO: [ app_init ] --START--
INFO: Run Behavior\BuildLiteBehavior [ RunTime:0.000011s ]
INFO: [ app_init ] --END-- [ RunTime:0.000429s ]
INFO: [ app_begin ] --START--
INFO: Run Behavior\ReadHtmlCacheBehavior [ RunTime:0.000422s ]
INFO: [ app_begin ] --END-- [ RunTime:0.000465s ]
NOTIC: [8] A session had already been started - ignoring session_start() H:\xampp\htdocs\thinkphp\Application\Home\Controller\IndexController.class.php 第 155 行.
INFO: [ app_end ] --START--
INFO: Run Behavior\ShowPageTraceBehavior [ RunTime:0.000523s ]
INFO: [ app_end ] --END-- [ RunTime:0.000575s ]

[ 2016-12-20T14:22:41+08:00 ] ::1 /thinkphp/index.php/Home/Index/check
INFO: [ app_init ] --START--
INFO: Run Behavior\BuildLiteBehavior [ RunTime:0.000011s ]
INFO: [ app_init ] --END-- [ RunTime:0.000326s ]
INFO: [ app_begin ] --START--
INFO: Run Behavior\ReadHtmlCacheBehavior [ RunTime:0.000456s ]
INFO: [ app_begin ] --END-- [ RunTime:0.000501s ]
NOTIC: [8] A session had already been started - ignoring session_start() H:\xampp\htdocs\thinkphp\Application\Home\Controller\IndexController.class.php 第 155 行.
INFO: [ app_end ] --START--
INFO: Run Behavior\ShowPageTraceBehavior [ RunTime:0.000452s ]
INFO: [ app_end ] --END-- [ RunTime:0.000499s ]

[ 2016-12-20T14:22:41+08:00 ] ::1 /thinkphp/index.php/Home/Index/check
INFO: [ app_init ] --START--
INFO: Run Behavior\BuildLiteBehavior [ RunTime:0.000011s ]
INFO: [ app_init ] --END-- [ RunTime:0.000292s ]
INFO: [ app_begin ] --START--
INFO: Run Behavior\ReadHtmlCacheBehavior [ RunTime:0.000369s ]
INFO: [ app_begin ] --END-- [ RunTime:0.000412s ]
NOTIC: [8] A session had already been started - ignoring session_start() H:\xampp\htdocs\thinkphp\Application\Home\Controller\IndexController.class.php 第 155 行.
INFO: [ app_end ] --START--
INFO: Run Behavior\ShowPageTraceBehavior [ RunTime:0.000378s ]
INFO: [ app_end ] --END-- [ RunTime:0.000417s ]

[ 2016-12-20T14:25:15+08:00 ] ::1 /thinkphp/index.php/Home/Index/check
INFO: [ app_init ] --START--
INFO: Run Behavior\BuildLiteBehavior [ RunTime:0.000012s ]
INFO: [ app_init ] --END-- [ RunTime:0.000374s ]
INFO: [ app_begin ] --START--
INFO: Run Behavior\ReadHtmlCacheBehavior [ RunTime:0.000456s ]
INFO: [ app_begin ] --END-- [ RunTime:0.000505s ]

[ 2016-12-20T14:26:01+08:00 ] ::1 /thinkphp/index.php/Home/Index/check
INFO: [ app_init ] --START--
INFO: Run Behavior\BuildLiteBehavior [ RunTime:0.000010s ]
INFO: [ app_init ] --END-- [ RunTime:0.000318s ]
INFO: [ app_begin ] --START--
INFO: Run Behavior\ReadHtmlCacheBehavior [ RunTime:0.000449s ]
INFO: [ app_begin ] --END-- [ RunTime:0.000494s ]
NOTIC: [8] A session had already been started - ignoring session_start() H:\xampp\htdocs\thinkphp\Application\Home\Controller\IndexController.class.php 第 173 行.
INFO: [ app_end ] --START--
INFO: Run Behavior\ShowPageTraceBehavior [ RunTime:0.000496s ]
INFO: [ app_end ] --END-- [ RunTime:0.000542s ]

[ 2016-12-20T14:26:02+08:00 ] ::1 /thinkphp/index.php/Home/Index/check
INFO: [ app_init ] --START--
INFO: Run Behavior\BuildLiteBehavior [ RunTime:0.000013s ]
INFO: [ app_init ] --END-- [ RunTime:0.000292s ]
INFO: [ app_begin ] --START--
INFO: Run Behavior\ReadHtmlCacheBehavior [ RunTime:0.000408s ]
INFO: [ app_begin ] --END-- [ RunTime:0.000457s ]
NOTIC: [8] A session had already been started - ignoring session_start() H:\xampp\htdocs\thinkphp\Application\Home\Controller\IndexController.class.php 第 173 行.
INFO: [ app_end ] --START--
INFO: Run Behavior\ShowPageTraceBehavior [ RunTime:0.000471s ]
INFO: [ app_end ] --END-- [ RunTime:0.000516s ]

[ 2016-12-20T14:26:02+08:00 ] ::1 /thinkphp/index.php/Home/Index/check
INFO: [ app_init ] --START--
INFO: Run Behavior\BuildLiteBehavior [ RunTime:0.000008s ]
INFO: [ app_init ] --END-- [ RunTime:0.000233s ]
INFO: [ app_begin ] --START--
INFO: Run Behavior\ReadHtmlCacheBehavior [ RunTime:0.000347s ]
INFO: [ app_begin ] --END-- [ RunTime:0.000388s ]
NOTIC: [8] A session had already been started - ignoring session_start() H:\xampp\htdocs\thinkphp\Application\Home\Controller\IndexController.class.php 第 173 行.
INFO: [ app_end ] --START--
INFO: Run Behavior\ShowPageTraceBehavior [ RunTime:0.000307s ]
INFO: [ app_end ] --END-- [ RunTime:0.000338s ]

[ 2016-12-20T14:26:04+08:00 ] ::1 /thinkphp/index.php/Home/Index/verify
INFO: [ app_init ] --START--
INFO: Run Behavior\BuildLiteBehavior [ RunTime:0.000012s ]
INFO: [ app_init ] --END-- [ RunTime:0.000296s ]
INFO: [ app_begin ] --START--
INFO: Run Behavior\ReadHtmlCacheBehavior [ RunTime:0.000369s ]
INFO: [ app_begin ] --END-- [ RunTime:0.000411s ]
INFO: [ app_end ] --START--
INFO: Run Behavior\ShowPageTraceBehavior [ RunTime:0.001373s ]
INFO: [ app_end ] --END-- [ RunTime:0.001567s ]

[ 2016-12-20T14:26:07+08:00 ] ::1 /thinkphp/index.php/Home/Index/check
INFO: [ app_init ] --START--
INFO: Run Behavior\BuildLiteBehavior [ RunTime:0.000010s ]
INFO: [ app_init ] --END-- [ RunTime:0.000282s ]
INFO: [ app_begin ] --START--
INFO: Run Behavior\ReadHtmlCacheBehavior [ RunTime:0.000381s ]
INFO: [ app_begin ] --END-- [ RunTime:0.000424s ]
NOTIC: [8] A session had already been started - ignoring session_start() H:\xampp\htdocs\thinkphp\Application\Home\Controller\IndexController.class.php 第 173 行.
INFO: [ app_end ] --START--
INFO: Run Behavior\ShowPageTraceBehavior [ RunTime:0.000379s ]
INFO: [ app_end ] --END-- [ RunTime:0.000417s ]

[ 2016-12-20T14:26:10+08:00 ] ::1 /thinkphp/index.php/Home/Index/check
INFO: [ app_init ] --START--
INFO: Run Behavior\BuildLiteBehavior [ RunTime:0.000012s ]
INFO: [ app_init ] --END-- [ RunTime:0.000319s ]
INFO: [ app_begin ] --START--
INFO: Run Behavior\ReadHtmlCacheBehavior [ RunTime:0.000377s ]
INFO: [ app_begin ] --END-- [ RunTime:0.000423s ]
NOTIC: [8] A session had already been started - ignoring session_start() H:\xampp\htdocs\thinkphp\Application\Home\Controller\IndexController.class.php 第 173 行.
INFO: [ app_end ] --START--
INFO: Run Behavior\ShowPageTraceBehavior [ RunTime:0.000400s ]
INFO: [ app_end ] --END-- [ RunTime:0.000442s ]

[ 2016-12-20T14:26:13+08:00 ] ::1 /thinkphp/index.php/Home/Index/verify
INFO: [ app_init ] --START--
INFO: Run Behavior\BuildLiteBehavior [ RunTime:0.000011s ]
INFO: [ app_init ] --END-- [ RunTime:0.000284s ]
INFO: [ app_begin ] --START--
INFO: Run Behavior\ReadHtmlCacheBehavior [ RunTime:0.000368s ]
INFO: [ app_begin ] --END-- [ RunTime:0.000410s ]
INFO: [ app_end ] --START--
INFO: Run Behavior\ShowPageTraceBehavior [ RunTime:0.000479s ]
INFO: [ app_end ] --END-- [ RunTime:0.000536s ]

[ 2016-12-20T14:26:15+08:00 ] ::1 /thinkphp/index.php/Home/Index/check
INFO: [ app_init ] --START--
INFO: Run Behavior\BuildLiteBehavior [ RunTime:0.000010s ]
INFO: [ app_init ] --END-- [ RunTime:0.000280s ]
INFO: [ app_begin ] --START--
INFO: Run Behavior\ReadHtmlCacheBehavior [ RunTime:0.000359s ]
INFO: [ app_begin ] --END-- [ RunTime:0.000401s ]
NOTIC: [8] A session had already been started - ignoring session_start() H:\xampp\htdocs\thinkphp\Application\Home\Controller\IndexController.class.php 第 173 行.
INFO: [ app_end ] --START--
INFO: Run Behavior\ShowPageTraceBehavior [ RunTime:0.000373s ]
INFO: [ app_end ] --END-- [ RunTime:0.000413s ]

[ 2016-12-20T14:35:50+08:00 ] ::1 /thinkphp/index.php/Home/Index/input
INFO: [ app_init ] --START--
INFO: Run Behavior\BuildLiteBehavior [ RunTime:0.000012s ]
INFO: [ app_init ] --END-- [ RunTime:0.000385s ]
INFO: [ app_begin ] --START--
INFO: Run Behavior\ReadHtmlCacheBehavior [ RunTime:0.000534s ]
INFO: [ app_begin ] --END-- [ RunTime:0.000590s ]
INFO: [ view_parse ] --START--
NOTIC: [2] filemtime(): stat failed for ./Application/Runtime/Cache\ef3d929ad908a565aaf630421a33139ab4aa4e49.file.input.html.php H:\xampp\htdocs\thinkphp\ThinkPHP\Library\Vendor\Smarty\sysplugins\smarty_resource.php 第 683 行.
NOTIC: [2] unlink(./Application/Runtime/Cache\ef3d929ad908a565aaf630421a33139ab4aa4e49.file.input.html.php): No such file or directory H:\xampp\htdocs\thinkphp\ThinkPHP\Library\Vendor\Smarty\sysplugins\smarty_internal_write_file.php 第 49 行.
NOTIC: [8] Undefined index: ROOT H:\xampp\htdocs\thinkphp\Application\Runtime\Cache\ef3d929ad908a565aaf630421a33139ab4aa4e49.file.input.html.php 第 25 行.
NOTIC: [8] Undefined index: ROOT H:\xampp\htdocs\thinkphp\Application\Runtime\Cache\ef3d929ad908a565aaf630421a33139ab4aa4e49.file.input.html.php 第 27 行.
INFO: Run Behavior\ParseTemplateBehavior [ RunTime:0.107222s ]
INFO: [ view_parse ] --END-- [ RunTime:0.107285s ]
INFO: [ view_filter ] --START--
INFO: Run Behavior\WriteHtmlCacheBehavior [ RunTime:0.011294s ]
INFO: [ view_filter ] --END-- [ RunTime:0.011341s ]
INFO: [ app_end ] --START--
INFO: Run Behavior\ShowPageTraceBehavior [ RunTime:0.000525s ]
INFO: [ app_end ] --END-- [ RunTime:0.000568s ]

[ 2016-12-20T14:35:51+08:00 ] ::1 /thinkphp/index.php/Home/Index/verify
INFO: [ app_init ] --START--
INFO: Run Behavior\BuildLiteBehavior [ RunTime:0.000015s ]
INFO: [ app_init ] --END-- [ RunTime:0.000488s ]
INFO: [ app_begin ] --START--
INFO: Run Behavior\ReadHtmlCacheBehavior [ RunTime:0.000617s ]
INFO: [ app_begin ] --END-- [ RunTime:0.000684s ]
INFO: [ app_end ] --START--
INFO: Run Behavior\ShowPageTraceBehavior [ RunTime:0.000606s ]
INFO: [ app_end ] --END-- [ RunTime:0.000701s ]

[ 2016-12-20T14:47:40+08:00 ] ::1 /thinkphp/index.php/Home/Index/input
INFO: [ app_init ] --START--
INFO: Run Behavior\BuildLiteBehavior [ RunTime:0.000012s ]
INFO: [ app_init ] --END-- [ RunTime:0.000327s ]
INFO: [ app_begin ] --START--
INFO: Run Behavior\ReadHtmlCacheBehavior [ RunTime:0.000485s ]
INFO: [ app_begin ] --END-- [ RunTime:0.000538s ]
INFO: [ view_parse ] --START--
NOTIC: [8] Undefined index: ROOT H:\xampp\htdocs\thinkphp\Application\Runtime\Cache\ef3d929ad908a565aaf630421a33139ab4aa4e49.file.input.html.php 第 25 行.
NOTIC: [8] Undefined index: ROOT H:\xampp\htdocs\thinkphp\Application\Runtime\Cache\ef3d929ad908a565aaf630421a33139ab4aa4e49.file.input.html.php 第 27 行.
INFO: Run Behavior\ParseTemplateBehavior [ RunTime:0.007779s ]
INFO: [ view_parse ] --END-- [ RunTime:0.007824s ]
INFO: [ view_filter ] --START--
INFO: Run Behavior\WriteHtmlCacheBehavior [ RunTime:0.000350s ]
INFO: [ view_filter ] --END-- [ RunTime:0.000399s ]
INFO: [ app_end ] --START--
INFO: Run Behavior\ShowPageTraceBehavior [ RunTime:0.000455s ]
INFO: [ app_end ] --END-- [ RunTime:0.000491s ]

[ 2016-12-20T14:47:40+08:00 ] ::1 /thinkphp/index.php/Home/Index/verify
INFO: [ app_init ] --START--
INFO: Run Behavior\BuildLiteBehavior [ RunTime:0.000019s ]
INFO: [ app_init ] --END-- [ RunTime:0.000585s ]
INFO: [ app_begin ] --START--
INFO: Run Behavior\ReadHtmlCacheBehavior [ RunTime:0.000520s ]
INFO: [ app_begin ] --END-- [ RunTime:0.000588s ]
INFO: [ app_end ] --START--
INFO: Run Behavior\ShowPageTraceBehavior [ RunTime:0.000775s ]
INFO: [ app_end ] --END-- [ RunTime:0.000876s ]

[ 2016-12-20T14:47:47+08:00 ] ::1 /thinkphp/index.php/Home/Index/check
INFO: [ app_init ] --START--
INFO: Run Behavior\BuildLiteBehavior [ RunTime:0.000010s ]
INFO: [ app_init ] --END-- [ RunTime:0.000290s ]
INFO: [ app_begin ] --START--
INFO: Run Behavior\ReadHtmlCacheBehavior [ RunTime:0.000392s ]
INFO: [ app_begin ] --END-- [ RunTime:0.000432s ]
INFO: [ app_end ] --START--
INFO: Run Behavior\ShowPageTraceBehavior [ RunTime:0.000401s ]
INFO: [ app_end ] --END-- [ RunTime:0.000448s ]

[ 2016-12-20T14:49:03+08:00 ] ::1 /thinkphp/index.php/Home/Index/check
INFO: [ app_init ] --START--
INFO: Run Behavior\BuildLiteBehavior [ RunTime:0.000011s ]
INFO: [ app_init ] --END-- [ RunTime:0.000293s ]
INFO: [ app_begin ] --START--
INFO: Run Behavior\ReadHtmlCacheBehavior [ RunTime:0.000352s ]
INFO: [ app_begin ] --END-- [ RunTime:0.000394s ]
INFO: [ app_end ] --START--
INFO: Run Behavior\ShowPageTraceBehavior [ RunTime:0.000333s ]
INFO: [ app_end ] --END-- [ RunTime:0.000368s ]

[ 2016-12-20T14:49:05+08:00 ] ::1 /thinkphp/index.php/Home/Index/input
INFO: [ app_init ] --START--
INFO: Run Behavior\BuildLiteBehavior [ RunTime:0.000011s ]
INFO: [ app_init ] --END-- [ RunTime:0.000283s ]
INFO: [ app_begin ] --START--
INFO: Run Behavior\ReadHtmlCacheBehavior [ RunTime:0.000359s ]
INFO: [ app_begin ] --END-- [ RunTime:0.000401s ]
INFO: [ view_parse ] --START--
NOTIC: [8] Undefined index: ROOT H:\xampp\htdocs\thinkphp\Application\Runtime\Cache\ef3d929ad908a565aaf630421a33139ab4aa4e49.file.input.html.php 第 25 行.
NOTIC: [8] Undefined index: ROOT H:\xampp\htdocs\thinkphp\Application\Runtime\Cache\ef3d929ad908a565aaf630421a33139ab4aa4e49.file.input.html.php 第 27 行.
INFO: Run Behavior\ParseTemplateBehavior [ RunTime:0.007746s ]
INFO: [ view_parse ] --END-- [ RunTime:0.007788s ]
INFO: [ view_filter ] --START--
INFO: Run Behavior\WriteHtmlCacheBehavior [ RunTime:0.000259s ]
INFO: [ view_filter ] --END-- [ RunTime:0.000292s ]
INFO: [ app_end ] --START--
INFO: Run Behavior\ShowPageTraceBehavior [ RunTime:0.000364s ]
INFO: [ app_end ] --END-- [ RunTime:0.000397s ]

[ 2016-12-20T14:49:05+08:00 ] ::1 /thinkphp/index.php/Home/Index/verify
INFO: [ app_init ] --START--
INFO: Run Behavior\BuildLiteBehavior [ RunTime:0.000017s ]
INFO: [ app_init ] --END-- [ RunTime:0.000477s ]
INFO: [ app_begin ] --START--
INFO: Run Behavior\ReadHtmlCacheBehavior [ RunTime:0.000357s ]
INFO: [ app_begin ] --END-- [ RunTime:0.000401s ]
INFO: [ app_end ] --START--
INFO: Run Behavior\ShowPageTraceBehavior [ RunTime:0.000796s ]
INFO: [ app_end ] --END-- [ RunTime:0.000890s ]

[ 2016-12-20T14:49:06+08:00 ] ::1 /thinkphp/index.php/Home/Index/input
INFO: [ app_init ] --START--
INFO: Run Behavior\BuildLiteBehavior [ RunTime:0.000011s ]
INFO: [ app_init ] --END-- [ RunTime:0.000280s ]
INFO: [ app_begin ] --START--
INFO: Run Behavior\ReadHtmlCacheBehavior [ RunTime:0.000358s ]
INFO: [ app_begin ] --END-- [ RunTime:0.000400s ]
INFO: [ view_parse ] --START--
NOTIC: [8] Undefined index: ROOT H:\xampp\htdocs\thinkphp\Application\Runtime\Cache\ef3d929ad908a565aaf630421a33139ab4aa4e49.file.input.html.php 第 25 行.
NOTIC: [8] Undefined index: ROOT H:\xampp\htdocs\thinkphp\Application\Runtime\Cache\ef3d929ad908a565aaf630421a33139ab4aa4e49.file.input.html.php 第 27 行.
INFO: Run Behavior\ParseTemplateBehavior [ RunTime:0.006672s ]
INFO: [ view_parse ] --END-- [ RunTime:0.006714s ]
INFO: [ view_filter ] --START--
INFO: Run Behavior\WriteHtmlCacheBehavior [ RunTime:0.000188s ]
INFO: [ view_filter ] --END-- [ RunTime:0.000220s ]
INFO: [ app_end ] --START--
INFO: Run Behavior\ShowPageTraceBehavior [ RunTime:0.000361s ]
INFO: [ app_end ] --END-- [ RunTime:0.000396s ]

[ 2016-12-20T14:49:06+08:00 ] ::1 /thinkphp/index.php/Home/Index/verify
INFO: [ app_init ] --START--
INFO: Run Behavior\BuildLiteBehavior [ RunTime:0.000011s ]
INFO: [ app_init ] --END-- [ RunTime:0.000263s ]
INFO: [ app_begin ] --START--
INFO: Run Behavior\ReadHtmlCacheBehavior [ RunTime:0.000491s ]
INFO: [ app_begin ] --END-- [ RunTime:0.000555s ]
INFO: [ app_end ] --START--
INFO: Run Behavior\ShowPageTraceBehavior [ RunTime:0.000629s ]
INFO: [ app_end ] --END-- [ RunTime:0.000900s ]

[ 2016-12-20T14:49:06+08:00 ] ::1 /thinkphp/index.php/Home/Index/input
INFO: [ app_init ] --START--
INFO: Run Behavior\BuildLiteBehavior [ RunTime:0.000008s ]
INFO: [ app_init ] --END-- [ RunTime:0.000237s ]
INFO: [ app_begin ] --START--
INFO: Run Behavior\ReadHtmlCacheBehavior [ RunTime:0.000304s ]
INFO: [ app_begin ] --END-- [ RunTime:0.000339s ]
INFO: [ view_parse ] --START--
NOTIC: [8] Undefined index: ROOT H:\xampp\htdocs\thinkphp\Application\Runtime\Cache\ef3d929ad908a565aaf630421a33139ab4aa4e49.file.input.html.php 第 25 行.
NOTIC: [8] Undefined index: ROOT H:\xampp\htdocs\thinkphp\Application\Runtime\Cache\ef3d929ad908a565aaf630421a33139ab4aa4e49.file.input.html.php 第 27 行.
INFO: Run Behavior\ParseTemplateBehavior [ RunTime:0.005597s ]
INFO: [ view_parse ] --END-- [ RunTime:0.005632s ]
INFO: [ view_filter ] --START--
INFO: Run Behavior\WriteHtmlCacheBehavior [ RunTime:0.000155s ]
INFO: [ view_filter ] --END-- [ RunTime:0.000180s ]
INFO: [ app_end ] --START--
INFO: Run Behavior\ShowPageTraceBehavior [ RunTime:0.000306s ]
INFO: [ app_end ] --END-- [ RunTime:0.000334s ]

[ 2016-12-20T14:49:06+08:00 ] ::1 /thinkphp/index.php/Home/Index/verify
INFO: [ app_init ] --START--
INFO: Run Behavior\BuildLiteBehavior [ RunTime:0.000019s ]
INFO: [ app_init ] --END-- [ RunTime:0.000485s ]
INFO: [ app_begin ] --START--
INFO: Run Behavior\ReadHtmlCacheBehavior [ RunTime:0.000525s ]
INFO: [ app_begin ] --END-- [ RunTime:0.000597s ]
INFO: [ app_end ] --START--
INFO: Run Behavior\ShowPageTraceBehavior [ RunTime:0.000683s ]
INFO: [ app_end ] --END-- [ RunTime:0.001109s ]

[ 2016-12-20T14:49:06+08:00 ] ::1 /thinkphp/index.php/Home/Index/input
INFO: [ app_init ] --START--
INFO: Run Behavior\BuildLiteBehavior [ RunTime:0.000009s ]
INFO: [ app_init ] --END-- [ RunTime:0.000235s ]
INFO: [ app_begin ] --START--
INFO: Run Behavior\ReadHtmlCacheBehavior [ RunTime:0.000342s ]
INFO: [ app_begin ] --END-- [ RunTime:0.000380s ]
INFO: [ view_parse ] --START--
NOTIC: [8] Undefined index: ROOT H:\xampp\htdocs\thinkphp\Application\Runtime\Cache\ef3d929ad908a565aaf630421a33139ab4aa4e49.file.input.html.php 第 25 行.
NOTIC: [8] Undefined index: ROOT H:\xampp\htdocs\thinkphp\Application\Runtime\Cache\ef3d929ad908a565aaf630421a33139ab4aa4e49.file.input.html.php 第 27 行.
INFO: Run Behavior\ParseTemplateBehavior [ RunTime:0.005297s ]
INFO: [ view_parse ] --END-- [ RunTime:0.005329s ]
INFO: [ view_filter ] --START--
INFO: Run Behavior\WriteHtmlCacheBehavior [ RunTime:0.000145s ]
INFO: [ view_filter ] --END-- [ RunTime:0.000171s ]
INFO: [ app_end ] --START--
INFO: Run Behavior\ShowPageTraceBehavior [ RunTime:0.000295s ]
INFO: [ app_end ] --END-- [ RunTime:0.000322s ]

[ 2016-12-20T14:49:06+08:00 ] ::1 /thinkphp/index.php/Home/Index/verify
INFO: [ app_init ] --START--
INFO: Run Behavior\BuildLiteBehavior [ RunTime:0.000018s ]
INFO: [ app_init ] --END-- [ RunTime:0.000512s ]
INFO: [ app_begin ] --START--
INFO: Run Behavior\ReadHtmlCacheBehavior [ RunTime:0.000533s ]
INFO: [ app_begin ] --END-- [ RunTime:0.000602s ]
INFO: [ app_end ] --START--
INFO: Run Behavior\ShowPageTraceBehavior [ RunTime:0.000627s ]
INFO: [ app_end ] --END-- [ RunTime:0.000720s ]

[ 2016-12-20T14:49:14+08:00 ] ::1 /thinkphp/index.php/Home/Index/check
INFO: [ app_init ] --START--
INFO: Run Behavior\BuildLiteBehavior [ RunTime:0.000011s ]
INFO: [ app_init ] --END-- [ RunTime:0.000292s ]
INFO: [ app_begin ] --START--
INFO: Run Behavior\ReadHtmlCacheBehavior [ RunTime:0.000400s ]
INFO: [ app_begin ] --END-- [ RunTime:0.000442s ]
INFO: [ app_end ] --START--
INFO: Run Behavior\ShowPageTraceBehavior [ RunTime:0.000439s ]
INFO: [ app_end ] --END-- [ RunTime:0.000497s ]

[ 2016-12-20T14:49:55+08:00 ] ::1 /thinkphp/index.php/Home/Index/input
INFO: [ app_init ] --START--
INFO: Run Behavior\BuildLiteBehavior [ RunTime:0.000011s ]
INFO: [ app_init ] --END-- [ RunTime:0.000309s ]
INFO: [ app_begin ] --START--
INFO: Run Behavior\ReadHtmlCacheBehavior [ RunTime:0.000364s ]
INFO: [ app_begin ] --END-- [ RunTime:0.000405s ]
INFO: [ view_parse ] --START--
NOTIC: [8] Undefined index: ROOT H:\xampp\htdocs\thinkphp\Application\Runtime\Cache\ef3d929ad908a565aaf630421a33139ab4aa4e49.file.input.html.php 第 25 行.
NOTIC: [8] Undefined index: ROOT H:\xampp\htdocs\thinkphp\Application\Runtime\Cache\ef3d929ad908a565aaf630421a33139ab4aa4e49.file.input.html.php 第 27 行.
INFO: Run Behavior\ParseTemplateBehavior [ RunTime:0.007847s ]
INFO: [ view_parse ] --END-- [ RunTime:0.007890s ]
INFO: [ view_filter ] --START--
INFO: Run Behavior\WriteHtmlCacheBehavior [ RunTime:0.000275s ]
INFO: [ view_filter ] --END-- [ RunTime:0.000308s ]
INFO: [ app_end ] --START--
INFO: Run Behavior\ShowPageTraceBehavior [ RunTime:0.000383s ]
INFO: [ app_end ] --END-- [ RunTime:0.000419s ]

[ 2016-12-20T14:49:55+08:00 ] ::1 /thinkphp/index.php/Home/Index/verify
INFO: [ app_init ] --START--
INFO: Run Behavior\BuildLiteBehavior [ RunTime:0.000016s ]
INFO: [ app_init ] --END-- [ RunTime:0.000396s ]
INFO: [ app_begin ] --START--
INFO: Run Behavior\ReadHtmlCacheBehavior [ RunTime:0.000369s ]
INFO: [ app_begin ] --END-- [ RunTime:0.000416s ]
INFO: [ app_end ] --START--
INFO: Run Behavior\ShowPageTraceBehavior [ RunTime:0.000627s ]
INFO: [ app_end ] --END-- [ RunTime:0.000716s ]

[ 2016-12-20T14:49:58+08:00 ] ::1 /thinkphp/index.php/Home/Index/input
INFO: [ app_init ] --START--
INFO: Run Behavior\BuildLiteBehavior [ RunTime:0.000011s ]
INFO: [ app_init ] --END-- [ RunTime:0.000285s ]
INFO: [ app_begin ] --START--
INFO: Run Behavior\ReadHtmlCacheBehavior [ RunTime:0.000360s ]
INFO: [ app_begin ] --END-- [ RunTime:0.000402s ]
INFO: [ view_parse ] --START--
NOTIC: [8] Undefined index: ROOT H:\xampp\htdocs\thinkphp\Application\Runtime\Cache\ef3d929ad908a565aaf630421a33139ab4aa4e49.file.input.html.php 第 25 行.
NOTIC: [8] Undefined index: ROOT H:\xampp\htdocs\thinkphp\Application\Runtime\Cache\ef3d929ad908a565aaf630421a33139ab4aa4e49.file.input.html.php 第 27 行.
INFO: Run Behavior\ParseTemplateBehavior [ RunTime:0.006626s ]
INFO: [ view_parse ] --END-- [ RunTime:0.006667s ]
INFO: [ view_filter ] --START--
INFO: Run Behavior\WriteHtmlCacheBehavior [ RunTime:0.000184s ]
INFO: [ view_filter ] --END-- [ RunTime:0.000216s ]
INFO: [ app_end ] --START--
INFO: Run Behavior\ShowPageTraceBehavior [ RunTime:0.000367s ]
INFO: [ app_end ] --END-- [ RunTime:0.000402s ]

[ 2016-12-20T14:49:58+08:00 ] ::1 /thinkphp/index.php/Home/Index/verify
INFO: [ app_init ] --START--
INFO: Run Behavior\BuildLiteBehavior [ RunTime:0.000018s ]
INFO: [ app_init ] --END-- [ RunTime:0.000463s ]
INFO: [ app_begin ] --START--
INFO: Run Behavior\ReadHtmlCacheBehavior [ RunTime:0.000569s ]
INFO: [ app_begin ] --END-- [ RunTime:0.000637s ]
INFO: [ app_end ] --START--
INFO: Run Behavior\ShowPageTraceBehavior [ RunTime:0.000713s ]
INFO: [ app_end ] --END-- [ RunTime:0.001063s ]

[ 2016-12-20T14:49:59+08:00 ] ::1 /thinkphp/index.php/Home/Index/input
INFO: [ app_init ] --START--
INFO: Run Behavior\BuildLiteBehavior [ RunTime:0.000009s ]
INFO: [ app_init ] --END-- [ RunTime:0.000229s ]
INFO: [ app_begin ] --START--
INFO: Run Behavior\ReadHtmlCacheBehavior [ RunTime:0.000300s ]
INFO: [ app_begin ] --END-- [ RunTime:0.000336s ]
INFO: [ view_parse ] --START--
NOTIC: [8] Undefined index: ROOT H:\xampp\htdocs\thinkphp\Application\Runtime\Cache\ef3d929ad908a565aaf630421a33139ab4aa4e49.file.input.html.php 第 25 行.
NOTIC: [8] Undefined index: ROOT H:\xampp\htdocs\thinkphp\Application\Runtime\Cache\ef3d929ad908a565aaf630421a33139ab4aa4e49.file.input.html.php 第 27 行.
INFO: Run Behavior\ParseTemplateBehavior [ RunTime:0.005830s ]
INFO: [ view_parse ] --END-- [ RunTime:0.005865s ]
INFO: [ view_filter ] --START--
INFO: Run Behavior\WriteHtmlCacheBehavior [ RunTime:0.000154s ]
INFO: [ view_filter ] --END-- [ RunTime:0.000179s ]
INFO: [ app_end ] --START--
INFO: Run Behavior\ShowPageTraceBehavior [ RunTime:0.000304s ]
INFO: [ app_end ] --END-- [ RunTime:0.000331s ]

[ 2016-12-20T14:49:59+08:00 ] ::1 /thinkphp/index.php/Home/Index/verify
INFO: [ app_init ] --START--
INFO: Run Behavior\BuildLiteBehavior [ RunTime:0.000017s ]
INFO: [ app_init ] --END-- [ RunTime:0.000540s ]
INFO: [ app_begin ] --START--
INFO: Run Behavior\ReadHtmlCacheBehavior [ RunTime:0.000501s ]
INFO: [ app_begin ] --END-- [ RunTime:0.000568s ]
INFO: [ app_end ] --START--
INFO: Run Behavior\ShowPageTraceBehavior [ RunTime:0.000681s ]
INFO: [ app_end ] --END-- [ RunTime:0.000783s ]

[ 2016-12-20T14:50:04+08:00 ] ::1 /thinkphp/index.php/Home/Index/check
INFO: [ app_init ] --START--
INFO: Run Behavior\BuildLiteBehavior [ RunTime:0.000010s ]
INFO: [ app_init ] --END-- [ RunTime:0.000252s ]
INFO: [ app_begin ] --START--
INFO: Run Behavior\ReadHtmlCacheBehavior [ RunTime:0.000319s ]
INFO: [ app_begin ] --END-- [ RunTime:0.000356s ]
INFO: [ app_end ] --START--
INFO: Run Behavior\ShowPageTraceBehavior [ RunTime:0.000342s ]
INFO: [ app_end ] --END-- [ RunTime:0.000384s ]

[ 2016-12-20T14:50:55+08:00 ] ::1 /thinkphp/index.php/Home/Index/input
INFO: [ app_init ] --START--
INFO: Run Behavior\BuildLiteBehavior [ RunTime:0.000010s ]
INFO: [ app_init ] --END-- [ RunTime:0.000287s ]
INFO: [ app_begin ] --START--
INFO: Run Behavior\ReadHtmlCacheBehavior [ RunTime:0.000382s ]
INFO: [ app_begin ] --END-- [ RunTime:0.000425s ]
INFO: [ view_parse ] --START--
NOTIC: [8] Undefined index: ROOT H:\xampp\htdocs\thinkphp\Application\Runtime\Cache\ef3d929ad908a565aaf630421a33139ab4aa4e49.file.input.html.php 第 25 行.
NOTIC: [8] Undefined index: ROOT H:\xampp\htdocs\thinkphp\Application\Runtime\Cache\ef3d929ad908a565aaf630421a33139ab4aa4e49.file.input.html.php 第 27 行.
INFO: Run Behavior\ParseTemplateBehavior [ RunTime:0.006633s ]
INFO: [ view_parse ] --END-- [ RunTime:0.006675s ]
INFO: [ view_filter ] --START--
INFO: Run Behavior\WriteHtmlCacheBehavior [ RunTime:0.000181s ]
INFO: [ view_filter ] --END-- [ RunTime:0.000213s ]
INFO: [ app_end ] --START--
INFO: Run Behavior\ShowPageTraceBehavior [ RunTime:0.000368s ]
INFO: [ app_end ] --END-- [ RunTime:0.000403s ]

[ 2016-12-20T14:50:55+08:00 ] ::1 /thinkphp/index.php/Home/Index/verify
INFO: [ app_init ] --START--
INFO: Run Behavior\BuildLiteBehavior [ RunTime:0.000013s ]
INFO: [ app_init ] --END-- [ RunTime:0.000388s ]
INFO: [ app_begin ] --START--
INFO: Run Behavior\ReadHtmlCacheBehavior [ RunTime:0.000338s ]
INFO: [ app_begin ] --END-- [ RunTime:0.000379s ]
INFO: [ app_end ] --START--
INFO: Run Behavior\ShowPageTraceBehavior [ RunTime:0.000583s ]
INFO: [ app_end ] --END-- [ RunTime:0.000662s ]

[ 2016-12-20T14:51:00+08:00 ] ::1 /thinkphp/index.php/Home/Index/check
INFO: [ app_init ] --START--
INFO: Run Behavior\BuildLiteBehavior [ RunTime:0.000011s ]
INFO: [ app_init ] --END-- [ RunTime:0.000283s ]
INFO: [ app_begin ] --START--
INFO: Run Behavior\ReadHtmlCacheBehavior [ RunTime:0.000402s ]
INFO: [ app_begin ] --END-- [ RunTime:0.000442s ]
INFO: [ app_end ] --START--
INFO: Run Behavior\ShowPageTraceBehavior [ RunTime:0.000414s ]
INFO: [ app_end ] --END-- [ RunTime:0.000472s ]

[ 2016-12-20T14:51:31+08:00 ] ::1 /thinkphp/index.php/Home/Index/check
INFO: [ app_init ] --START--
INFO: Run Behavior\BuildLiteBehavior [ RunTime:0.000012s ]
INFO: [ app_init ] --END-- [ RunTime:0.000364s ]
INFO: [ app_begin ] --START--
INFO: Run Behavior\ReadHtmlCacheBehavior [ RunTime:0.000531s ]
INFO: [ app_begin ] --END-- [ RunTime:0.000572s ]
INFO: [ app_end ] --START--
INFO: Run Behavior\ShowPageTraceBehavior [ RunTime:0.000424s ]
INFO: [ app_end ] --END-- [ RunTime:0.000468s ]

[ 2016-12-20T14:51:39+08:00 ] ::1 /thinkphp/index.php/Home/Index/verify
INFO: [ app_init ] --START--
INFO: Run Behavior\BuildLiteBehavior [ RunTime:0.000010s ]
INFO: [ app_init ] --END-- [ RunTime:0.000283s ]
INFO: [ app_begin ] --START--
INFO: Run Behavior\ReadHtmlCacheBehavior [ RunTime:0.000437s ]
INFO: [ app_begin ] --END-- [ RunTime:0.000481s ]
INFO: [ app_end ] --START--
INFO: Run Behavior\ShowPageTraceBehavior [ RunTime:0.000494s ]
INFO: [ app_end ] --END-- [ RunTime:0.000561s ]

[ 2016-12-20T14:51:40+08:00 ] ::1 /thinkphp/index.php/Home/Index/verify
INFO: [ app_init ] --START--
INFO: Run Behavior\BuildLiteBehavior [ RunTime:0.000012s ]
INFO: [ app_init ] --END-- [ RunTime:0.000289s ]
INFO: [ app_begin ] --START--
INFO: Run Behavior\ReadHtmlCacheBehavior [ RunTime:0.000362s ]
INFO: [ app_begin ] --END-- [ RunTime:0.000405s ]
INFO: [ app_end ] --START--
INFO: Run Behavior\ShowPageTraceBehavior [ RunTime:0.000653s ]
INFO: [ app_end ] --END-- [ RunTime:0.000756s ]

[ 2016-12-20T14:51:41+08:00 ] ::1 /thinkphp/index.php/Home/Index/verify
INFO: [ app_init ] --START--
INFO: Run Behavior\BuildLiteBehavior [ RunTime:0.000013s ]
INFO: [ app_init ] --END-- [ RunTime:0.000436s ]
INFO: [ app_begin ] --START--
INFO: Run Behavior\ReadHtmlCacheBehavior [ RunTime:0.000681s ]
INFO: [ app_begin ] --END-- [ RunTime:0.000761s ]
INFO: [ app_end ] --START--
INFO: Run Behavior\ShowPageTraceBehavior [ RunTime:0.000758s ]
INFO: [ app_end ] --END-- [ RunTime:0.000875s ]

[ 2016-12-20T14:51:42+08:00 ] ::1 /thinkphp/index.php/Home/Index/input
INFO: [ app_init ] --START--
INFO: Run Behavior\BuildLiteBehavior [ RunTime:0.000011s ]
INFO: [ app_init ] --END-- [ RunTime:0.000291s ]
INFO: [ app_begin ] --START--
INFO: Run Behavior\ReadHtmlCacheBehavior [ RunTime:0.000362s ]
INFO: [ app_begin ] --END-- [ RunTime:0.000424s ]
INFO: [ view_parse ] --START--
NOTIC: [8] Undefined index: ROOT H:\xampp\htdocs\thinkphp\Application\Runtime\Cache\ef3d929ad908a565aaf630421a33139ab4aa4e49.file.input.html.php 第 25 行.
NOTIC: [8] Undefined index: ROOT H:\xampp\htdocs\thinkphp\Application\Runtime\Cache\ef3d929ad908a565aaf630421a33139ab4aa4e49.file.input.html.php 第 27 行.
INFO: Run Behavior\ParseTemplateBehavior [ RunTime:0.007848s ]
INFO: [ view_parse ] --END-- [ RunTime:0.007889s ]
INFO: [ view_filter ] --START--
INFO: Run Behavior\WriteHtmlCacheBehavior [ RunTime:0.000258s ]
INFO: [ view_filter ] --END-- [ RunTime:0.000291s ]
INFO: [ app_end ] --START--
INFO: Run Behavior\ShowPageTraceBehavior [ RunTime:0.000358s ]
INFO: [ app_end ] --END-- [ RunTime:0.000394s ]

[ 2016-12-20T14:51:42+08:00 ] ::1 /thinkphp/index.php/Home/Index/verify
INFO: [ app_init ] --START--
INFO: Run Behavior\BuildLiteBehavior [ RunTime:0.000019s ]
INFO: [ app_init ] --END-- [ RunTime:0.000453s ]
INFO: [ app_begin ] --START--
INFO: Run Behavior\ReadHtmlCacheBehavior [ RunTime:0.000773s ]
INFO: [ app_begin ] --END-- [ RunTime:0.000860s ]
INFO: [ app_end ] --START--
INFO: Run Behavior\ShowPageTraceBehavior [ RunTime:0.000575s ]
INFO: [ app_end ] --END-- [ RunTime:0.000659s ]

[ 2016-12-20T14:51:42+08:00 ] ::1 /thinkphp/index.php/Home/Index/input
INFO: [ app_init ] --START--
INFO: Run Behavior\BuildLiteBehavior [ RunTime:0.000010s ]
INFO: [ app_init ] --END-- [ RunTime:0.000281s ]
INFO: [ app_begin ] --START--
INFO: Run Behavior\ReadHtmlCacheBehavior [ RunTime:0.000356s ]
INFO: [ app_begin ] --END-- [ RunTime:0.000398s ]
INFO: [ view_parse ] --START--
NOTIC: [8] Undefined index: ROOT H:\xampp\htdocs\thinkphp\Application\Runtime\Cache\ef3d929ad908a565aaf630421a33139ab4aa4e49.file.input.html.php 第 25 行.
NOTIC: [8] Undefined index: ROOT H:\xampp\htdocs\thinkphp\Application\Runtime\Cache\ef3d929ad908a565aaf630421a33139ab4aa4e49.file.input.html.php 第 27 行.
INFO: Run Behavior\ParseTemplateBehavior [ RunTime:0.006149s ]
INFO: [ view_parse ] --END-- [ RunTime:0.006185s ]
INFO: [ view_filter ] --START--
INFO: Run Behavior\WriteHtmlCacheBehavior [ RunTime:0.000156s ]
INFO: [ view_filter ] --END-- [ RunTime:0.000182s ]
INFO: [ app_end ] --START--
INFO: Run Behavior\ShowPageTraceBehavior [ RunTime:0.000325s ]
INFO: [ app_end ] --END-- [ RunTime:0.000354s ]

[ 2016-12-20T14:51:42+08:00 ] ::1 /thinkphp/index.php/Home/Index/verify
INFO: [ app_init ] --START--
INFO: Run Behavior\BuildLiteBehavior [ RunTime:0.000019s ]
INFO: [ app_init ] --END-- [ RunTime:0.000544s ]
INFO: [ app_begin ] --START--
INFO: Run Behavior\ReadHtmlCacheBehavior [ RunTime:0.000648s ]
INFO: [ app_begin ] --END-- [ RunTime:0.000749s ]
INFO: [ app_end ] --START--
INFO: Run Behavior\ShowPageTraceBehavior [ RunTime:0.001282s ]
INFO: [ app_end ] --END-- [ RunTime:0.001767s ]

[ 2016-12-20T14:51:42+08:00 ] ::1 /thinkphp/index.php/Home/Index/input
INFO: [ app_init ] --START--
INFO: Run Behavior\BuildLiteBehavior [ RunTime:0.000011s ]
INFO: [ app_init ] --END-- [ RunTime:0.000307s ]
INFO: [ app_begin ] --START--
INFO: Run Behavior\ReadHtmlCacheBehavior [ RunTime:0.000360s ]
INFO: [ app_begin ] --END-- [ RunTime:0.000403s ]
INFO: [ view_parse ] --START--
NOTIC: [8] Undefined index: ROOT H:\xampp\htdocs\thinkphp\Application\Runtime\Cache\ef3d929ad908a565aaf630421a33139ab4aa4e49.file.input.html.php 第 25 行.
NOTIC: [8] Undefined index: ROOT H:\xampp\htdocs\thinkphp\Application\Runtime\Cache\ef3d929ad908a565aaf630421a33139ab4aa4e49.file.input.html.php 第 27 行.
INFO: Run Behavior\ParseTemplateBehavior [ RunTime:0.006736s ]
INFO: [ view_parse ] --END-- [ RunTime:0.006777s ]
INFO: [ view_filter ] --START--
INFO: Run Behavior\WriteHtmlCacheBehavior [ RunTime:0.000183s ]
INFO: [ view_filter ] --END-- [ RunTime:0.000215s ]
INFO: [ app_end ] --START--
INFO: Run Behavior\ShowPageTraceBehavior [ RunTime:0.000365s ]
INFO: [ app_end ] --END-- [ RunTime:0.000400s ]

[ 2016-12-20T14:51:42+08:00 ] ::1 /thinkphp/index.php/Home/Index/verify
INFO: [ app_init ] --START--
INFO: Run Behavior\BuildLiteBehavior [ RunTime:0.000021s ]
INFO: [ app_init ] --END-- [ RunTime:0.000546s ]
INFO: [ app_begin ] --START--
INFO: Run Behavior\ReadHtmlCacheBehavior [ RunTime:0.000525s ]
INFO: [ app_begin ] --END-- [ RunTime:0.000593s ]
INFO: [ app_end ] --START--
INFO: Run Behavior\ShowPageTraceBehavior [ RunTime:0.000609s ]
INFO: [ app_end ] --END-- [ RunTime:0.000700s ]

[ 2016-12-20T14:51:47+08:00 ] ::1 /thinkphp/index.php/Home/Index/check
INFO: [ app_init ] --START--
INFO: Run Behavior\BuildLiteBehavior [ RunTime:0.000014s ]
INFO: [ app_init ] --END-- [ RunTime:0.000256s ]
INFO: [ app_begin ] --START--
INFO: Run Behavior\ReadHtmlCacheBehavior [ RunTime:0.000308s ]
INFO: [ app_begin ] --END-- [ RunTime:0.000346s ]
INFO: [ app_end ] --START--
INFO: Run Behavior\ShowPageTraceBehavior [ RunTime:0.000336s ]
INFO: [ app_end ] --END-- [ RunTime:0.000385s ]

[ 2016-12-20T14:51:57+08:00 ] ::1 /thinkphp/index.php/Home/Index/input
INFO: [ app_init ] --START--
INFO: Run Behavior\BuildLiteBehavior [ RunTime:0.000011s ]
INFO: [ app_init ] --END-- [ RunTime:0.000321s ]
INFO: [ app_begin ] --START--
INFO: Run Behavior\ReadHtmlCacheBehavior [ RunTime:0.000360s ]
INFO: [ app_begin ] --END-- [ RunTime:0.000403s ]
INFO: [ view_parse ] --START--
NOTIC: [8] Undefined index: ROOT H:\xampp\htdocs\thinkphp\Application\Runtime\Cache\ef3d929ad908a565aaf630421a33139ab4aa4e49.file.input.html.php 第 25 行.
NOTIC: [8] Undefined index: ROOT H:\xampp\htdocs\thinkphp\Application\Runtime\Cache\ef3d929ad908a565aaf630421a33139ab4aa4e49.file.input.html.php 第 27 行.
INFO: Run Behavior\ParseTemplateBehavior [ RunTime:0.007722s ]
INFO: [ view_parse ] --END-- [ RunTime:0.007772s ]
INFO: [ view_filter ] --START--
INFO: Run Behavior\WriteHtmlCacheBehavior [ RunTime:0.000260s ]
INFO: [ view_filter ] --END-- [ RunTime:0.000295s ]
INFO: [ app_end ] --START--
INFO: Run Behavior\ShowPageTraceBehavior [ RunTime:0.000373s ]
INFO: [ app_end ] --END-- [ RunTime:0.000407s ]

[ 2016-12-20T14:51:57+08:00 ] ::1 /thinkphp/index.php/Home/Index/verify
INFO: [ app_init ] --START--
INFO: Run Behavior\BuildLiteBehavior [ RunTime:0.000014s ]
INFO: [ app_init ] --END-- [ RunTime:0.000415s ]
INFO: [ app_begin ] --START--
INFO: Run Behavior\ReadHtmlCacheBehavior [ RunTime:0.000346s ]
INFO: [ app_begin ] --END-- [ RunTime:0.000399s ]
INFO: [ app_end ] --START--
INFO: Run Behavior\ShowPageTraceBehavior [ RunTime:0.000919s ]
INFO: [ app_end ] --END-- [ RunTime:0.001120s ]

[ 2016-12-20T14:52:07+08:00 ] ::1 /thinkphp/index.php/Home/Index/input
INFO: [ app_init ] --START--
INFO: Run Behavior\BuildLiteBehavior [ RunTime:0.000011s ]
INFO: [ app_init ] --END-- [ RunTime:0.000284s ]
INFO: [ app_begin ] --START--
INFO: Run Behavior\ReadHtmlCacheBehavior [ RunTime:0.000357s ]
INFO: [ app_begin ] --END-- [ RunTime:0.000400s ]
INFO: [ view_parse ] --START--
NOTIC: [8] Undefined index: ROOT H:\xampp\htdocs\thinkphp\Application\Runtime\Cache\ef3d929ad908a565aaf630421a33139ab4aa4e49.file.input.html.php 第 25 行.
NOTIC: [8] Undefined index: ROOT H:\xampp\htdocs\thinkphp\Application\Runtime\Cache\ef3d929ad908a565aaf630421a33139ab4aa4e49.file.input.html.php 第 27 行.
INFO: Run Behavior\ParseTemplateBehavior [ RunTime:0.006378s ]
INFO: [ view_parse ] --END-- [ RunTime:0.006416s ]
INFO: [ view_filter ] --START--
INFO: Run Behavior\WriteHtmlCacheBehavior [ RunTime:0.000150s ]
INFO: [ view_filter ] --END-- [ RunTime:0.000175s ]
INFO: [ app_end ] --START--
INFO: Run Behavior\ShowPageTraceBehavior [ RunTime:0.000337s ]
INFO: [ app_end ] --END-- [ RunTime:0.000366s ]

[ 2016-12-20T14:52:07+08:00 ] ::1 /thinkphp/index.php/Home/Index/verify
INFO: [ app_init ] --START--
INFO: Run Behavior\BuildLiteBehavior [ RunTime:0.000017s ]
INFO: [ app_init ] --END-- [ RunTime:0.000432s ]
INFO: [ app_begin ] --START--
INFO: Run Behavior\ReadHtmlCacheBehavior [ RunTime:0.000575s ]
INFO: [ app_begin ] --END-- [ RunTime:0.000648s ]
INFO: [ app_end ] --START--
INFO: Run Behavior\ShowPageTraceBehavior [ RunTime:0.001528s ]
INFO: [ app_end ] --END-- [ RunTime:0.001650s ]

[ 2016-12-20T14:52:14+08:00 ] ::1 /thinkphp/index.php/Home/Index/check
INFO: [ app_init ] --START--
INFO: Run Behavior\BuildLiteBehavior [ RunTime:0.000016s ]
INFO: [ app_init ] --END-- [ RunTime:0.000428s ]
INFO: [ app_begin ] --START--
INFO: Run Behavior\ReadHtmlCacheBehavior [ RunTime:0.000591s ]
INFO: [ app_begin ] --END-- [ RunTime:0.000660s ]
INFO: [ app_end ] --START--
INFO: Run Behavior\ShowPageTraceBehavior [ RunTime:0.000645s ]
INFO: [ app_end ] --END-- [ RunTime:0.000716s ]

[ 2016-12-20T14:54:52+08:00 ] ::1 /thinkphp/index.php/Home/Index/input
INFO: [ app_init ] --START--
INFO: Run Behavior\BuildLiteBehavior [ RunTime:0.000011s ]
INFO: [ app_init ] --END-- [ RunTime:0.000339s ]
INFO: [ app_begin ] --START--
INFO: Run Behavior\ReadHtmlCacheBehavior [ RunTime:0.000646s ]
INFO: [ app_begin ] --END-- [ RunTime:0.000701s ]
INFO: [ view_parse ] --START--
NOTIC: [8] Undefined index: ROOT H:\xampp\htdocs\thinkphp\Application\Runtime\Cache\ef3d929ad908a565aaf630421a33139ab4aa4e49.file.input.html.php 第 25 行.
NOTIC: [8] Undefined index: ROOT H:\xampp\htdocs\thinkphp\Application\Runtime\Cache\ef3d929ad908a565aaf630421a33139ab4aa4e49.file.input.html.php 第 27 行.
INFO: Run Behavior\ParseTemplateBehavior [ RunTime:0.007491s ]
INFO: [ view_parse ] --END-- [ RunTime:0.007537s ]
INFO: [ view_filter ] --START--
INFO: Run Behavior\WriteHtmlCacheBehavior [ RunTime:0.000252s ]
INFO: [ view_filter ] --END-- [ RunTime:0.000284s ]
INFO: [ app_end ] --START--
INFO: Run Behavior\ShowPageTraceBehavior [ RunTime:0.000459s ]
INFO: [ app_end ] --END-- [ RunTime:0.000494s ]

[ 2016-12-20T14:54:52+08:00 ] ::1 /thinkphp/index.php/Home/Index/verify
INFO: [ app_init ] --START--
INFO: Run Behavior\BuildLiteBehavior [ RunTime:0.000011s ]
INFO: [ app_init ] --END-- [ RunTime:0.000329s ]
INFO: [ app_begin ] --START--
INFO: Run Behavior\ReadHtmlCacheBehavior [ RunTime:0.000320s ]
INFO: [ app_begin ] --END-- [ RunTime:0.000358s ]
INFO: [ app_end ] --START--
INFO: Run Behavior\ShowPageTraceBehavior [ RunTime:0.000636s ]
INFO: [ app_end ] --END-- [ RunTime:0.000731s ]

[ 2016-12-20T14:54:59+08:00 ] ::1 /thinkphp/index.php/Home/Index/check
INFO: [ app_init ] --START--
INFO: Run Behavior\BuildLiteBehavior [ RunTime:0.000012s ]
INFO: [ app_init ] --END-- [ RunTime:0.000296s ]
INFO: [ app_begin ] --START--
INFO: Run Behavior\ReadHtmlCacheBehavior [ RunTime:0.000404s ]
INFO: [ app_begin ] --END-- [ RunTime:0.000449s ]
INFO: [ app_end ] --START--
INFO: Run Behavior\ShowPageTraceBehavior [ RunTime:0.000413s ]
INFO: [ app_end ] --END-- [ RunTime:0.000460s ]

[ 2016-12-20T14:55:03+08:00 ] ::1 /thinkphp/index.php/Home/Index/input
INFO: [ app_init ] --START--
INFO: Run Behavior\BuildLiteBehavior [ RunTime:0.000011s ]
INFO: [ app_init ] --END-- [ RunTime:0.000307s ]
INFO: [ app_begin ] --START--
INFO: Run Behavior\ReadHtmlCacheBehavior [ RunTime:0.000360s ]
INFO: [ app_begin ] --END-- [ RunTime:0.000403s ]
INFO: [ view_parse ] --START--
NOTIC: [8] Undefined index: ROOT H:\xampp\htdocs\thinkphp\Application\Runtime\Cache\ef3d929ad908a565aaf630421a33139ab4aa4e49.file.input.html.php 第 25 行.
NOTIC: [8] Undefined index: ROOT H:\xampp\htdocs\thinkphp\Application\Runtime\Cache\ef3d929ad908a565aaf630421a33139ab4aa4e49.file.input.html.php 第 27 行.
INFO: Run Behavior\ParseTemplateBehavior [ RunTime:0.008010s ]
INFO: [ view_parse ] --END-- [ RunTime:0.008053s ]
INFO: [ view_filter ] --START--
INFO: Run Behavior\WriteHtmlCacheBehavior [ RunTime:0.000279s ]
INFO: [ view_filter ] --END-- [ RunTime:0.000312s ]
INFO: [ app_end ] --START--
INFO: Run Behavior\ShowPageTraceBehavior [ RunTime:0.000384s ]
INFO: [ app_end ] --END-- [ RunTime:0.000417s ]

[ 2016-12-20T14:55:03+08:00 ] ::1 /thinkphp/index.php/Home/Index/verify
INFO: [ app_init ] --START--
INFO: Run Behavior\BuildLiteBehavior [ RunTime:0.000011s ]
INFO: [ app_init ] --END-- [ RunTime:0.000258s ]
INFO: [ app_begin ] --START--
INFO: Run Behavior\ReadHtmlCacheBehavior [ RunTime:0.000321s ]
INFO: [ app_begin ] --END-- [ RunTime:0.000360s ]
INFO: [ app_end ] --START--
INFO: Run Behavior\ShowPageTraceBehavior [ RunTime:0.000523s ]
INFO: [ app_end ] --END-- [ RunTime:0.000603s ]

[ 2016-12-20T14:55:08+08:00 ] ::1 /thinkphp/index.php/Home/Index/check
INFO: [ app_init ] --START--
INFO: Run Behavior\BuildLiteBehavior [ RunTime:0.000023s ]
INFO: [ app_init ] --END-- [ RunTime:0.000301s ]
INFO: [ app_begin ] --START--
INFO: Run Behavior\ReadHtmlCacheBehavior [ RunTime:0.000313s ]
INFO: [ app_begin ] --END-- [ RunTime:0.000350s ]
INFO: [ app_end ] --START--
INFO: Run Behavior\ShowPageTraceBehavior [ RunTime:0.000342s ]
INFO: [ app_end ] --END-- [ RunTime:0.000384s ]

[ 2016-12-20T14:55:44+08:00 ] ::1 /thinkphp/index.php/Home/Index/input
INFO: [ app_init ] --START--
INFO: Run Behavior\BuildLiteBehavior [ RunTime:0.000012s ]
INFO: [ app_init ] --END-- [ RunTime:0.000292s ]
INFO: [ app_begin ] --START--
INFO: Run Behavior\ReadHtmlCacheBehavior [ RunTime:0.000386s ]
INFO: [ app_begin ] --END-- [ RunTime:0.000431s ]
INFO: [ view_parse ] --START--
NOTIC: [8] Undefined index: ROOT H:\xampp\htdocs\thinkphp\Application\Runtime\Cache\ef3d929ad908a565aaf630421a33139ab4aa4e49.file.input.html.php 第 25 行.
NOTIC: [8] Undefined index: ROOT H:\xampp\htdocs\thinkphp\Application\Runtime\Cache\ef3d929ad908a565aaf630421a33139ab4aa4e49.file.input.html.php 第 27 行.
INFO: Run Behavior\ParseTemplateBehavior [ RunTime:0.006466s ]
INFO: [ view_parse ] --END-- [ RunTime:0.006508s ]
INFO: [ view_filter ] --START--
INFO: Run Behavior\WriteHtmlCacheBehavior [ RunTime:0.000180s ]
INFO: [ view_filter ] --END-- [ RunTime:0.000210s ]
INFO: [ app_end ] --START--
INFO: Run Behavior\ShowPageTraceBehavior [ RunTime:0.000388s ]
INFO: [ app_end ] --END-- [ RunTime:0.000423s ]

[ 2016-12-20T14:55:44+08:00 ] ::1 /thinkphp/index.php/Home/Index/verify
INFO: [ app_init ] --START--
INFO: Run Behavior\BuildLiteBehavior [ RunTime:0.000018s ]
INFO: [ app_init ] --END-- [ RunTime:0.000426s ]
INFO: [ app_begin ] --START--
INFO: Run Behavior\ReadHtmlCacheBehavior [ RunTime:0.000472s ]
INFO: [ app_begin ] --END-- [ RunTime:0.000536s ]
INFO: [ app_end ] --START--
INFO: Run Behavior\ShowPageTraceBehavior [ RunTime:0.000442s ]
INFO: [ app_end ] --END-- [ RunTime:0.000510s ]

[ 2016-12-20T14:55:44+08:00 ] ::1 /thinkphp/index.php/Home/Index/input
INFO: [ app_init ] --START--
INFO: Run Behavior\BuildLiteBehavior [ RunTime:0.000012s ]
INFO: [ app_init ] --END-- [ RunTime:0.000315s ]
INFO: [ app_begin ] --START--
INFO: Run Behavior\ReadHtmlCacheBehavior [ RunTime:0.000362s ]
INFO: [ app_begin ] --END-- [ RunTime:0.000405s ]
INFO: [ view_parse ] --START--
NOTIC: [8] Undefined index: ROOT H:\xampp\htdocs\thinkphp\Application\Runtime\Cache\ef3d929ad908a565aaf630421a33139ab4aa4e49.file.input.html.php 第 25 行.
NOTIC: [8] Undefined index: ROOT H:\xampp\htdocs\thinkphp\Application\Runtime\Cache\ef3d929ad908a565aaf630421a33139ab4aa4e49.file.input.html.php 第 27 行.
INFO: Run Behavior\ParseTemplateBehavior [ RunTime:0.006850s ]
INFO: [ view_parse ] --END-- [ RunTime:0.006897s ]
INFO: [ view_filter ] --START--
INFO: Run Behavior\WriteHtmlCacheBehavior [ RunTime:0.000188s ]
INFO: [ view_filter ] --END-- [ RunTime:0.000223s ]
INFO: [ app_end ] --START--
INFO: Run Behavior\ShowPageTraceBehavior [ RunTime:0.000363s ]
INFO: [ app_end ] --END-- [ RunTime:0.000397s ]

[ 2016-12-20T14:55:44+08:00 ] ::1 /thinkphp/index.php/Home/Index/verify
INFO: [ app_init ] --START--
INFO: Run Behavior\BuildLiteBehavior [ RunTime:0.000018s ]
INFO: [ app_init ] --END-- [ RunTime:0.000486s ]
INFO: [ app_begin ] --START--
INFO: Run Behavior\ReadHtmlCacheBehavior [ RunTime:0.000757s ]
INFO: [ app_begin ] --END-- [ RunTime:0.000837s ]
INFO: [ app_end ] --START--
INFO: Run Behavior\ShowPageTraceBehavior [ RunTime:0.001218s ]
INFO: [ app_end ] --END-- [ RunTime:0.001316s ]

[ 2016-12-20T14:55:49+08:00 ] ::1 /thinkphp/index.php/Home/Index/check
INFO: [ app_init ] --START--
INFO: Run Behavior\BuildLiteBehavior [ RunTime:0.000011s ]
INFO: [ app_init ] --END-- [ RunTime:0.000275s ]
INFO: [ app_begin ] --START--
INFO: Run Behavior\ReadHtmlCacheBehavior [ RunTime:0.000340s ]
INFO: [ app_begin ] --END-- [ RunTime:0.000380s ]
INFO: [ app_end ] --START--
INFO: Run Behavior\ShowPageTraceBehavior [ RunTime:0.000351s ]
INFO: [ app_end ] --END-- [ RunTime:0.000394s ]

[ 2016-12-20T14:55:58+08:00 ] ::1 /thinkphp/index.php/Home/Index/input
INFO: [ app_init ] --START--
INFO: Run Behavior\BuildLiteBehavior [ RunTime:0.000010s ]
INFO: [ app_init ] --END-- [ RunTime:0.000283s ]
INFO: [ app_begin ] --START--
INFO: Run Behavior\ReadHtmlCacheBehavior [ RunTime:0.000378s ]
INFO: [ app_begin ] --END-- [ RunTime:0.000421s ]
INFO: [ view_parse ] --START--
NOTIC: [8] Undefined index: ROOT H:\xampp\htdocs\thinkphp\Application\Runtime\Cache\ef3d929ad908a565aaf630421a33139ab4aa4e49.file.input.html.php 第 25 行.
NOTIC: [8] Undefined index: ROOT H:\xampp\htdocs\thinkphp\Application\Runtime\Cache\ef3d929ad908a565aaf630421a33139ab4aa4e49.file.input.html.php 第 27 行.
INFO: Run Behavior\ParseTemplateBehavior [ RunTime:0.006615s ]
INFO: [ view_parse ] --END-- [ RunTime:0.006660s ]
INFO: [ view_filter ] --START--
INFO: Run Behavior\WriteHtmlCacheBehavior [ RunTime:0.000187s ]
INFO: [ view_filter ] --END-- [ RunTime:0.000219s ]
INFO: [ app_end ] --START--
INFO: Run Behavior\ShowPageTraceBehavior [ RunTime:0.000379s ]
INFO: [ app_end ] --END-- [ RunTime:0.000412s ]

[ 2016-12-20T14:55:58+08:00 ] ::1 /thinkphp/index.php/Home/Index/verify
INFO: [ app_init ] --START--
INFO: Run Behavior\BuildLiteBehavior [ RunTime:0.000015s ]
INFO: [ app_init ] --END-- [ RunTime:0.000383s ]
INFO: [ app_begin ] --START--
INFO: Run Behavior\ReadHtmlCacheBehavior [ RunTime:0.000520s ]
INFO: [ app_begin ] --END-- [ RunTime:0.000613s ]
INFO: [ app_end ] --START--
INFO: Run Behavior\ShowPageTraceBehavior [ RunTime:0.000589s ]
INFO: [ app_end ] --END-- [ RunTime:0.000685s ]

[ 2016-12-20T14:56:01+08:00 ] ::1 /thinkphp/index.php/Home/Index/check
INFO: [ app_init ] --START--
INFO: Run Behavior\BuildLiteBehavior [ RunTime:0.000010s ]
INFO: [ app_init ] --END-- [ RunTime:0.000247s ]
INFO: [ app_begin ] --START--
INFO: Run Behavior\ReadHtmlCacheBehavior [ RunTime:0.000314s ]
INFO: [ app_begin ] --END-- [ RunTime:0.000352s ]
INFO: [ app_end ] --START--
INFO: Run Behavior\ShowPageTraceBehavior [ RunTime:0.000394s ]
INFO: [ app_end ] --END-- [ RunTime:0.000440s ]

[ 2016-12-20T15:03:44+08:00 ] ::1 /thinkphp/index.php/Home/Index/check
INFO: [ app_init ] --START--
INFO: Run Behavior\BuildLiteBehavior [ RunTime:0.000011s ]
INFO: [ app_init ] --END-- [ RunTime:0.000319s ]
INFO: [ app_begin ] --START--
INFO: Run Behavior\ReadHtmlCacheBehavior [ RunTime:0.000462s ]
INFO: [ app_begin ] --END-- [ RunTime:0.000522s ]
INFO: [ app_end ] --START--
INFO: Run Behavior\ShowPageTraceBehavior [ RunTime:0.000460s ]
INFO: [ app_end ] --END-- [ RunTime:0.000503s ]

[ 2016-12-20T15:03:47+08:00 ] ::1 /thinkphp/index.php/Home/Index/check
INFO: [ app_init ] --START--
INFO: Run Behavior\BuildLiteBehavior [ RunTime:0.000012s ]
INFO: [ app_init ] --END-- [ RunTime:0.000295s ]
INFO: [ app_begin ] --START--
INFO: Run Behavior\ReadHtmlCacheBehavior [ RunTime:0.000353s ]
INFO: [ app_begin ] --END-- [ RunTime:0.000395s ]
INFO: [ app_end ] --START--
INFO: Run Behavior\ShowPageTraceBehavior [ RunTime:0.000406s ]
INFO: [ app_end ] --END-- [ RunTime:0.000457s ]

[ 2016-12-20T15:03:49+08:00 ] ::1 /thinkphp/index.php/Home/Index/check
INFO: [ app_init ] --START--
INFO: Run Behavior\BuildLiteBehavior [ RunTime:0.000012s ]
INFO: [ app_init ] --END-- [ RunTime:0.000288s ]
INFO: [ app_begin ] --START--
INFO: Run Behavior\ReadHtmlCacheBehavior [ RunTime:0.000433s ]
INFO: [ app_begin ] --END-- [ RunTime:0.000480s ]
INFO: [ app_end ] --START--
INFO: Run Behavior\ShowPageTraceBehavior [ RunTime:0.000385s ]
INFO: [ app_end ] --END-- [ RunTime:0.000430s ]

[ 2016-12-20T15:09:15+08:00 ] ::1 /thinkphp/index.php/Home/Index/verify
INFO: [ app_init ] --START--
INFO: Run Behavior\BuildLiteBehavior [ RunTime:0.000010s ]
INFO: [ app_init ] --END-- [ RunTime:0.000320s ]
INFO: [ app_begin ] --START--
INFO: Run Behavior\ReadHtmlCacheBehavior [ RunTime:0.000456s ]
INFO: [ app_begin ] --END-- [ RunTime:0.000501s ]
INFO: [ app_end ] --START--
INFO: Run Behavior\ShowPageTraceBehavior [ RunTime:0.000548s ]
INFO: [ app_end ] --END-- [ RunTime:0.000612s ]

[ 2016-12-20T15:09:16+08:00 ] ::1 /thinkphp/index.php/Home/Index/verify
INFO: [ app_init ] --START--
INFO: Run Behavior\BuildLiteBehavior [ RunTime:0.000020s ]
INFO: [ app_init ] --END-- [ RunTime:0.000483s ]
INFO: [ app_begin ] --START--
INFO: Run Behavior\ReadHtmlCacheBehavior [ RunTime:0.000691s ]
INFO: [ app_begin ] --END-- [ RunTime:0.000783s ]
INFO: [ app_end ] --START--
INFO: Run Behavior\ShowPageTraceBehavior [ RunTime:0.000416s ]
INFO: [ app_end ] --END-- [ RunTime:0.000480s ]

[ 2016-12-20T15:09:16+08:00 ] ::1 /thinkphp/index.php/Home/Index/input
INFO: [ app_init ] --START--
INFO: Run Behavior\BuildLiteBehavior [ RunTime:0.000010s ]
INFO: [ app_init ] --END-- [ RunTime:0.000304s ]
INFO: [ app_begin ] --START--
INFO: Run Behavior\ReadHtmlCacheBehavior [ RunTime:0.000363s ]
INFO: [ app_begin ] --END-- [ RunTime:0.000405s ]
INFO: [ view_parse ] --START--
NOTIC: [8] Undefined index: ROOT H:\xampp\htdocs\thinkphp\Application\Runtime\Cache\ef3d929ad908a565aaf630421a33139ab4aa4e49.file.input.html.php 第 25 行.
NOTIC: [8] Undefined index: ROOT H:\xampp\htdocs\thinkphp\Application\Runtime\Cache\ef3d929ad908a565aaf630421a33139ab4aa4e49.file.input.html.php 第 27 行.
INFO: Run Behavior\ParseTemplateBehavior [ RunTime:0.007724s ]
INFO: [ view_parse ] --END-- [ RunTime:0.007776s ]
INFO: [ view_filter ] --START--
INFO: Run Behavior\WriteHtmlCacheBehavior [ RunTime:0.000284s ]
INFO: [ view_filter ] --END-- [ RunTime:0.000324s ]
INFO: [ app_end ] --START--
INFO: Run Behavior\ShowPageTraceBehavior [ RunTime:0.000458s ]
INFO: [ app_end ] --END-- [ RunTime:0.000501s ]

[ 2016-12-20T15:09:16+08:00 ] ::1 /thinkphp/index.php/Home/Index/verify
INFO: [ app_init ] --START--
INFO: Run Behavior\BuildLiteBehavior [ RunTime:0.000016s ]
INFO: [ app_init ] --END-- [ RunTime:0.000426s ]
INFO: [ app_begin ] --START--
INFO: Run Behavior\ReadHtmlCacheBehavior [ RunTime:0.000341s ]
INFO: [ app_begin ] --END-- [ RunTime:0.000386s ]
INFO: [ app_end ] --START--
INFO: Run Behavior\ShowPageTraceBehavior [ RunTime:0.000718s ]
INFO: [ app_end ] --END-- [ RunTime:0.000817s ]

[ 2016-12-20T15:09:17+08:00 ] ::1 /thinkphp/index.php/Home/Index/input
INFO: [ app_init ] --START--
INFO: Run Behavior\BuildLiteBehavior [ RunTime:0.000012s ]
INFO: [ app_init ] --END-- [ RunTime:0.000292s ]
INFO: [ app_begin ] --START--
INFO: Run Behavior\ReadHtmlCacheBehavior [ RunTime:0.000357s ]
INFO: [ app_begin ] --END-- [ RunTime:0.000399s ]
INFO: [ view_parse ] --START--
NOTIC: [8] Undefined index: ROOT H:\xampp\htdocs\thinkphp\Application\Runtime\Cache\ef3d929ad908a565aaf630421a33139ab4aa4e49.file.input.html.php 第 25 行.
NOTIC: [8] Undefined index: ROOT H:\xampp\htdocs\thinkphp\Application\Runtime\Cache\ef3d929ad908a565aaf630421a33139ab4aa4e49.file.input.html.php 第 27 行.
INFO: Run Behavior\ParseTemplateBehavior [ RunTime:0.006828s ]
INFO: [ view_parse ] --END-- [ RunTime:0.006870s ]
INFO: [ view_filter ] --START--
INFO: Run Behavior\WriteHtmlCacheBehavior [ RunTime:0.000181s ]
INFO: [ view_filter ] --END-- [ RunTime:0.000213s ]
INFO: [ app_end ] --START--
INFO: Run Behavior\ShowPageTraceBehavior [ RunTime:0.000362s ]
INFO: [ app_end ] --END-- [ RunTime:0.000396s ]

[ 2016-12-20T15:09:17+08:00 ] ::1 /thinkphp/index.php/Home/Index/verify
INFO: [ app_init ] --START--
INFO: Run Behavior\BuildLiteBehavior [ RunTime:0.000017s ]
INFO: [ app_init ] --END-- [ RunTime:0.000406s ]
INFO: [ app_begin ] --START--
INFO: Run Behavior\ReadHtmlCacheBehavior [ RunTime:0.000572s ]
INFO: [ app_begin ] --END-- [ RunTime:0.000647s ]
INFO: [ app_end ] --START--
INFO: Run Behavior\ShowPageTraceBehavior [ RunTime:0.000437s ]
INFO: [ app_end ] --END-- [ RunTime:0.000500s ]

[ 2016-12-20T15:09:17+08:00 ] ::1 /thinkphp/index.php/Home/Index/input
INFO: [ app_init ] --START--
INFO: Run Behavior\BuildLiteBehavior [ RunTime:0.000011s ]
INFO: [ app_init ] --END-- [ RunTime:0.000278s ]
INFO: [ app_begin ] --START--
INFO: Run Behavior\ReadHtmlCacheBehavior [ RunTime:0.000367s ]
INFO: [ app_begin ] --END-- [ RunTime:0.000409s ]
INFO: [ view_parse ] --START--
NOTIC: [8] Undefined index: ROOT H:\xampp\htdocs\thinkphp\Application\Runtime\Cache\ef3d929ad908a565aaf630421a33139ab4aa4e49.file.input.html.php 第 25 行.
NOTIC: [8] Undefined index: ROOT H:\xampp\htdocs\thinkphp\Application\Runtime\Cache\ef3d929ad908a565aaf630421a33139ab4aa4e49.file.input.html.php 第 27 行.
INFO: Run Behavior\ParseTemplateBehavior [ RunTime:0.006726s ]
INFO: [ view_parse ] --END-- [ RunTime:0.006767s ]
INFO: [ view_filter ] --START--
INFO: Run Behavior\WriteHtmlCacheBehavior [ RunTime:0.000188s ]
INFO: [ view_filter ] --END-- [ RunTime:0.000219s ]
INFO: [ app_end ] --START--
INFO: Run Behavior\ShowPageTraceBehavior [ RunTime:0.000375s ]
INFO: [ app_end ] --END-- [ RunTime:0.000410s ]

[ 2016-12-20T15:09:17+08:00 ] ::1 /thinkphp/index.php/Home/Index/verify
INFO: [ app_init ] --START--
INFO: Run Behavior\BuildLiteBehavior [ RunTime:0.000019s ]
INFO: [ app_init ] --END-- [ RunTime:0.000574s ]
INFO: [ app_begin ] --START--
INFO: Run Behavior\ReadHtmlCacheBehavior [ RunTime:0.000598s ]
INFO: [ app_begin ] --END-- [ RunTime:0.000677s ]
INFO: [ app_end ] --START--
INFO: Run Behavior\ShowPageTraceBehavior [ RunTime:0.000703s ]
INFO: [ app_end ] --END-- [ RunTime:0.000815s ]

[ 2016-12-20T15:09:17+08:00 ] ::1 /thinkphp/index.php/Home/Index/input
INFO: [ app_init ] --START--
INFO: Run Behavior\BuildLiteBehavior [ RunTime:0.000010s ]
INFO: [ app_init ] --END-- [ RunTime:0.000287s ]
INFO: [ app_begin ] --START--
INFO: Run Behavior\ReadHtmlCacheBehavior [ RunTime:0.000520s ]
INFO: [ app_begin ] --END-- [ RunTime:0.000578s ]
INFO: [ view_parse ] --START--
NOTIC: [8] Undefined index: ROOT H:\xampp\htdocs\thinkphp\Application\Runtime\Cache\ef3d929ad908a565aaf630421a33139ab4aa4e49.file.input.html.php 第 25 行.
NOTIC: [8] Undefined index: ROOT H:\xampp\htdocs\thinkphp\Application\Runtime\Cache\ef3d929ad908a565aaf630421a33139ab4aa4e49.file.input.html.php 第 27 行.
INFO: Run Behavior\ParseTemplateBehavior [ RunTime:0.006450s ]
INFO: [ view_parse ] --END-- [ RunTime:0.006488s ]
INFO: [ view_filter ] --START--
INFO: Run Behavior\WriteHtmlCacheBehavior [ RunTime:0.000148s ]
INFO: [ view_filter ] --END-- [ RunTime:0.000174s ]
INFO: [ app_end ] --START--
INFO: Run Behavior\ShowPageTraceBehavior [ RunTime:0.000293s ]
INFO: [ app_end ] --END-- [ RunTime:0.000321s ]

[ 2016-12-20T15:09:17+08:00 ] ::1 /thinkphp/index.php/Home/Index/verify
INFO: [ app_init ] --START--
INFO: Run Behavior\BuildLiteBehavior [ RunTime:0.000019s ]
INFO: [ app_init ] --END-- [ RunTime:0.000446s ]
INFO: [ app_begin ] --START--
INFO: Run Behavior\ReadHtmlCacheBehavior [ RunTime:0.000760s ]
INFO: [ app_begin ] --END-- [ RunTime:0.000837s ]
INFO: [ app_end ] --START--
INFO: Run Behavior\ShowPageTraceBehavior [ RunTime:0.000865s ]
INFO: [ app_end ] --END-- [ RunTime:0.000968s ]

[ 2016-12-20T15:09:27+08:00 ] ::1 /thinkphp/index.php/Home/Index/check
INFO: [ app_init ] --START--
INFO: Run Behavior\BuildLiteBehavior [ RunTime:0.000012s ]
INFO: [ app_init ] --END-- [ RunTime:0.000287s ]
INFO: [ app_begin ] --START--
INFO: Run Behavior\ReadHtmlCacheBehavior [ RunTime:0.000403s ]
INFO: [ app_begin ] --END-- [ RunTime:0.000445s ]
INFO: [ app_end ] --START--
INFO: Run Behavior\ShowPageTraceBehavior [ RunTime:0.000524s ]
INFO: [ app_end ] --END-- [ RunTime:0.000593s ]

[ 2016-12-20T15:09:30+08:00 ] ::1 /thinkphp/index.php/Home/Index/input
INFO: [ app_init ] --START--
INFO: Run Behavior\BuildLiteBehavior [ RunTime:0.000010s ]
INFO: [ app_init ] --END-- [ RunTime:0.000282s ]
INFO: [ app_begin ] --START--
INFO: Run Behavior\ReadHtmlCacheBehavior [ RunTime:0.000375s ]
INFO: [ app_begin ] --END-- [ RunTime:0.000417s ]
INFO: [ view_parse ] --START--
NOTIC: [8] Undefined index: ROOT H:\xampp\htdocs\thinkphp\Application\Runtime\Cache\ef3d929ad908a565aaf630421a33139ab4aa4e49.file.input.html.php 第 25 行.
NOTIC: [8] Undefined index: ROOT H:\xampp\htdocs\thinkphp\Application\Runtime\Cache\ef3d929ad908a565aaf630421a33139ab4aa4e49.file.input.html.php 第 27 行.
INFO: Run Behavior\ParseTemplateBehavior [ RunTime:0.007584s ]
INFO: [ view_parse ] --END-- [ RunTime:0.007627s ]
INFO: [ view_filter ] --START--
INFO: Run Behavior\WriteHtmlCacheBehavior [ RunTime:0.000257s ]
INFO: [ view_filter ] --END-- [ RunTime:0.000289s ]
INFO: [ app_end ] --START--
INFO: Run Behavior\ShowPageTraceBehavior [ RunTime:0.000369s ]
INFO: [ app_end ] --END-- [ RunTime:0.000404s ]

[ 2016-12-20T15:09:30+08:00 ] ::1 /thinkphp/index.php/Home/Index/verify
INFO: [ app_init ] --START--
INFO: Run Behavior\BuildLiteBehavior [ RunTime:0.000015s ]
INFO: [ app_init ] --END-- [ RunTime:0.000410s ]
INFO: [ app_begin ] --START--
INFO: Run Behavior\ReadHtmlCacheBehavior [ RunTime:0.000343s ]
INFO: [ app_begin ] --END-- [ RunTime:0.000387s ]
INFO: [ app_end ] --START--
INFO: Run Behavior\ShowPageTraceBehavior [ RunTime:0.000621s ]
INFO: [ app_end ] --END-- [ RunTime:0.000708s ]

[ 2016-12-20T15:09:35+08:00 ] ::1 /thinkphp/index.php/Home/Index/input
INFO: [ app_init ] --START--
INFO: Run Behavior\BuildLiteBehavior [ RunTime:0.000012s ]
INFO: [ app_init ] --END-- [ RunTime:0.000303s ]
INFO: [ app_begin ] --START--
INFO: Run Behavior\ReadHtmlCacheBehavior [ RunTime:0.000368s ]
INFO: [ app_begin ] --END-- [ RunTime:0.000410s ]
INFO: [ view_parse ] --START--
NOTIC: [8] Undefined index: ROOT H:\xampp\htdocs\thinkphp\Application\Runtime\Cache\ef3d929ad908a565aaf630421a33139ab4aa4e49.file.input.html.php 第 25 行.
NOTIC: [8] Undefined index: ROOT H:\xampp\htdocs\thinkphp\Application\Runtime\Cache\ef3d929ad908a565aaf630421a33139ab4aa4e49.file.input.html.php 第 27 行.
INFO: Run Behavior\ParseTemplateBehavior [ RunTime:0.006880s ]
INFO: [ view_parse ] --END-- [ RunTime:0.006923s ]
INFO: [ view_filter ] --START--
INFO: Run Behavior\WriteHtmlCacheBehavior [ RunTime:0.000182s ]
INFO: [ view_filter ] --END-- [ RunTime:0.000224s ]
INFO: [ app_end ] --START--
INFO: Run Behavior\ShowPageTraceBehavior [ RunTime:0.000387s ]
INFO: [ app_end ] --END-- [ RunTime:0.000424s ]

[ 2016-12-20T15:09:35+08:00 ] ::1 /thinkphp/index.php/Home/Index/verify
INFO: [ app_init ] --START--
INFO: Run Behavior\BuildLiteBehavior [ RunTime:0.000029s ]
INFO: [ app_init ] --END-- [ RunTime:0.000601s ]
INFO: [ app_begin ] --START--
INFO: Run Behavior\ReadHtmlCacheBehavior [ RunTime:0.000546s ]
INFO: [ app_begin ] --END-- [ RunTime:0.000620s ]
INFO: [ app_end ] --START--
INFO: Run Behavior\ShowPageTraceBehavior [ RunTime:0.000950s ]
INFO: [ app_end ] --END-- [ RunTime:0.001080s ]

[ 2016-12-20T15:09:40+08:00 ] ::1 /thinkphp/index.php/Home/Index/check
INFO: [ app_init ] --START--
INFO: Run Behavior\BuildLiteBehavior [ RunTime:0.000011s ]
INFO: [ app_init ] --END-- [ RunTime:0.000274s ]
INFO: [ app_begin ] --START--
INFO: Run Behavior\ReadHtmlCacheBehavior [ RunTime:0.000319s ]
INFO: [ app_begin ] --END-- [ RunTime:0.000358s ]
INFO: [ app_end ] --START--
INFO: Run Behavior\ShowPageTraceBehavior [ RunTime:0.000344s ]
INFO: [ app_end ] --END-- [ RunTime:0.000387s ]

[ 2016-12-20T15:09:45+08:00 ] ::1 /thinkphp/index.php/Home/Index/input
INFO: [ app_init ] --START--
INFO: Run Behavior\BuildLiteBehavior [ RunTime:0.000010s ]
INFO: [ app_init ] --END-- [ RunTime:0.000285s ]
INFO: [ app_begin ] --START--
INFO: Run Behavior\ReadHtmlCacheBehavior [ RunTime:0.000369s ]
INFO: [ app_begin ] --END-- [ RunTime:0.000411s ]
INFO: [ view_parse ] --START--
NOTIC: [8] Undefined index: ROOT H:\xampp\htdocs\thinkphp\Application\Runtime\Cache\ef3d929ad908a565aaf630421a33139ab4aa4e49.file.input.html.php 第 25 行.
NOTIC: [8] Undefined index: ROOT H:\xampp\htdocs\thinkphp\Application\Runtime\Cache\ef3d929ad908a565aaf630421a33139ab4aa4e49.file.input.html.php 第 27 行.
INFO: Run Behavior\ParseTemplateBehavior [ RunTime:0.006862s ]
INFO: [ view_parse ] --END-- [ RunTime:0.006906s ]
INFO: [ view_filter ] --START--
INFO: Run Behavior\WriteHtmlCacheBehavior [ RunTime:0.000186s ]
INFO: [ view_filter ] --END-- [ RunTime:0.000217s ]
INFO: [ app_end ] --START--
INFO: Run Behavior\ShowPageTraceBehavior [ RunTime:0.000393s ]
INFO: [ app_end ] --END-- [ RunTime:0.000430s ]

[ 2016-12-20T15:09:45+08:00 ] ::1 /thinkphp/index.php/Home/Index/verify
INFO: [ app_init ] --START--
INFO: Run Behavior\BuildLiteBehavior [ RunTime:0.000017s ]
INFO: [ app_init ] --END-- [ RunTime:0.000431s ]
INFO: [ app_begin ] --START--
INFO: Run Behavior\ReadHtmlCacheBehavior [ RunTime:0.000526s ]
INFO: [ app_begin ] --END-- [ RunTime:0.000596s ]
INFO: [ app_end ] --START--
INFO: Run Behavior\ShowPageTraceBehavior [ RunTime:0.000697s ]
INFO: [ app_end ] --END-- [ RunTime:0.000795s ]

[ 2016-12-20T15:09:53+08:00 ] ::1 /thinkphp/index.php/Home/Index/check
INFO: [ app_init ] --START--
INFO: Run Behavior\BuildLiteBehavior [ RunTime:0.000011s ]
INFO: [ app_init ] --END-- [ RunTime:0.000294s ]
INFO: [ app_begin ] --START--
INFO: Run Behavior\ReadHtmlCacheBehavior [ RunTime:0.000403s ]
INFO: [ app_begin ] --END-- [ RunTime:0.000445s ]
INFO: [ app_end ] --START--
INFO: Run Behavior\ShowPageTraceBehavior [ RunTime:0.000415s ]
INFO: [ app_end ] --END-- [ RunTime:0.000461s ]

[ 2016-12-20T15:10:08+08:00 ] ::1 /thinkphp/index.php/Home/Index/input
INFO: [ app_init ] --START--
INFO: Run Behavior\BuildLiteBehavior [ RunTime:0.000012s ]
INFO: [ app_init ] --END-- [ RunTime:0.000302s ]
INFO: [ app_begin ] --START--
INFO: Run Behavior\ReadHtmlCacheBehavior [ RunTime:0.000367s ]
INFO: [ app_begin ] --END-- [ RunTime:0.000410s ]
INFO: [ view_parse ] --START--
NOTIC: [8] Undefined index: ROOT H:\xampp\htdocs\thinkphp\Application\Runtime\Cache\ef3d929ad908a565aaf630421a33139ab4aa4e49.file.input.html.php 第 25 行.
NOTIC: [8] Undefined index: ROOT H:\xampp\htdocs\thinkphp\Application\Runtime\Cache\ef3d929ad908a565aaf630421a33139ab4aa4e49.file.input.html.php 第 27 行.
INFO: Run Behavior\ParseTemplateBehavior [ RunTime:0.007925s ]
INFO: [ view_parse ] --END-- [ RunTime:0.007968s ]
INFO: [ view_filter ] --START--
INFO: Run Behavior\WriteHtmlCacheBehavior [ RunTime:0.000272s ]
INFO: [ view_filter ] --END-- [ RunTime:0.000312s ]
INFO: [ app_end ] --START--
INFO: Run Behavior\ShowPageTraceBehavior [ RunTime:0.000378s ]
INFO: [ app_end ] --END-- [ RunTime:0.000412s ]

[ 2016-12-20T15:10:08+08:00 ] ::1 /thinkphp/index.php/Home/Index/verify
INFO: [ app_init ] --START--
INFO: Run Behavior\BuildLiteBehavior [ RunTime:0.000016s ]
INFO: [ app_init ] --END-- [ RunTime:0.000420s ]
INFO: [ app_begin ] --START--
INFO: Run Behavior\ReadHtmlCacheBehavior [ RunTime:0.000491s ]
INFO: [ app_begin ] --END-- [ RunTime:0.000553s ]
INFO: [ app_end ] --START--
INFO: Run Behavior\ShowPageTraceBehavior [ RunTime:0.000850s ]
INFO: [ app_end ] --END-- [ RunTime:0.000970s ]

[ 2016-12-20T15:10:14+08:00 ] ::1 /thinkphp/index.php/Home/Index/check
INFO: [ app_init ] --START--
INFO: Run Behavior\BuildLiteBehavior [ RunTime:0.000014s ]
INFO: [ app_init ] --END-- [ RunTime:0.000272s ]
INFO: [ app_begin ] --START--
INFO: Run Behavior\ReadHtmlCacheBehavior [ RunTime:0.000335s ]
INFO: [ app_begin ] --END-- [ RunTime:0.000387s ]
INFO: [ app_end ] --START--
INFO: Run Behavior\ShowPageTraceBehavior [ RunTime:0.000400s ]
INFO: [ app_end ] --END-- [ RunTime:0.000448s ]

[ 2016-12-20T15:10:17+08:00 ] ::1 /thinkphp/index.php/Home/Index/check
INFO: [ app_init ] --START--
INFO: Run Behavior\BuildLiteBehavior [ RunTime:0.000012s ]
INFO: [ app_init ] --END-- [ RunTime:0.000298s ]
INFO: [ app_begin ] --START--
INFO: Run Behavior\ReadHtmlCacheBehavior [ RunTime:0.000374s ]
INFO: [ app_begin ] --END-- [ RunTime:0.000417s ]
INFO: [ app_end ] --START--
INFO: Run Behavior\ShowPageTraceBehavior [ RunTime:0.000374s ]
INFO: [ app_end ] --END-- [ RunTime:0.000417s ]

[ 2016-12-20T15:10:23+08:00 ] ::1 /thinkphp/index.php/Home/Index/input
INFO: [ app_init ] --START--
INFO: Run Behavior\BuildLiteBehavior [ RunTime:0.000011s ]
INFO: [ app_init ] --END-- [ RunTime:0.000287s ]
INFO: [ app_begin ] --START--
INFO: Run Behavior\ReadHtmlCacheBehavior [ RunTime:0.000372s ]
INFO: [ app_begin ] --END-- [ RunTime:0.000416s ]
INFO: [ view_parse ] --START--
NOTIC: [8] Undefined index: ROOT H:\xampp\htdocs\thinkphp\Application\Runtime\Cache\ef3d929ad908a565aaf630421a33139ab4aa4e49.file.input.html.php 第 25 行.
NOTIC: [8] Undefined index: ROOT H:\xampp\htdocs\thinkphp\Application\Runtime\Cache\ef3d929ad908a565aaf630421a33139ab4aa4e49.file.input.html.php 第 27 行.
INFO: Run Behavior\ParseTemplateBehavior [ RunTime:0.005901s ]
INFO: [ view_parse ] --END-- [ RunTime:0.005943s ]
INFO: [ view_filter ] --START--
INFO: Run Behavior\WriteHtmlCacheBehavior [ RunTime:0.000150s ]
INFO: [ view_filter ] --END-- [ RunTime:0.000175s ]
INFO: [ app_end ] --START--
INFO: Run Behavior\ShowPageTraceBehavior [ RunTime:0.000316s ]
INFO: [ app_end ] --END-- [ RunTime:0.000344s ]

[ 2016-12-20T15:10:23+08:00 ] ::1 /thinkphp/index.php/Home/Index/verify
INFO: [ app_init ] --START--
INFO: Run Behavior\BuildLiteBehavior [ RunTime:0.000011s ]
INFO: [ app_init ] --END-- [ RunTime:0.000272s ]
INFO: [ app_begin ] --START--
INFO: Run Behavior\ReadHtmlCacheBehavior [ RunTime:0.000525s ]
INFO: [ app_begin ] --END-- [ RunTime:0.000597s ]
INFO: [ app_end ] --START--
INFO: Run Behavior\ShowPageTraceBehavior [ RunTime:0.000660s ]
INFO: [ app_end ] --END-- [ RunTime:0.000825s ]

[ 2016-12-20T15:10:28+08:00 ] ::1 /thinkphp/index.php/Home/Index/check
INFO: [ app_init ] --START--
INFO: Run Behavior\BuildLiteBehavior [ RunTime:0.000010s ]
INFO: [ app_init ] --END-- [ RunTime:0.000257s ]
INFO: [ app_begin ] --START--
INFO: Run Behavior\ReadHtmlCacheBehavior [ RunTime:0.000323s ]
INFO: [ app_begin ] --END-- [ RunTime:0.000361s ]
INFO: [ app_end ] --START--
INFO: Run Behavior\ShowPageTraceBehavior [ RunTime:0.000338s ]
INFO: [ app_end ] --END-- [ RunTime:0.000382s ]

[ 2016-12-20T16:11:44+08:00 ] ::1 /thinkphp/index.php/Home/Index/check
INFO: [ app_init ] --START--
INFO: Run Behavior\BuildLiteBehavior [ RunTime:0.000017s ]
INFO: [ app_init ] --END-- [ RunTime:0.000523s ]
INFO: [ app_begin ] --START--
INFO: Run Behavior\ReadHtmlCacheBehavior [ RunTime:0.000439s ]
INFO: [ app_begin ] --END-- [ RunTime:0.000484s ]
NOTIC: [8] Undefined index: verify H:\xampp\htdocs\thinkphp\Application\Home\Controller\IndexController.class.php 第 176 行.
INFO: [ app_end ] --START--
INFO: Run Behavior\ShowPageTraceBehavior [ RunTime:0.000700s ]
INFO: [ app_end ] --END-- [ RunTime:0.000774s ]

[ 2016-12-20T17:31:29+08:00 ] ::1 /thinkphp/index.php/Home/Index/test
INFO: [ app_init ] --START--
INFO: Run Behavior\BuildLiteBehavior [ RunTime:0.000011s ]
INFO: [ app_init ] --END-- [ RunTime:0.000297s ]
INFO: [ app_begin ] --START--
INFO: Run Behavior\ReadHtmlCacheBehavior [ RunTime:0.000417s ]
INFO: [ app_begin ] --END-- [ RunTime:0.000460s ]
INFO: [ app_end ] --START--
INFO: Run Behavior\ShowPageTraceBehavior [ RunTime:0.000416s ]
INFO: [ app_end ] --END-- [ RunTime:0.000457s ]

[ 2016-12-20T17:33:06+08:00 ] ::1 /thinkphp/index.php/Home/Index/test
INFO: [ app_init ] --START--
INFO: Run Behavior\BuildLiteBehavior [ RunTime:0.000011s ]
INFO: [ app_init ] --END-- [ RunTime:0.000292s ]
INFO: [ app_begin ] --START--
INFO: Run Behavior\ReadHtmlCacheBehavior [ RunTime:0.000416s ]
INFO: [ app_begin ] --END-- [ RunTime:0.000472s ]

[ 2016-12-20T17:34:08+08:00 ] ::1 /thinkphp/index.php/Home/Index/test
INFO: [ app_init ] --START--
INFO: Run Behavior\BuildLiteBehavior [ RunTime:0.000013s ]
INFO: [ app_init ] --END-- [ RunTime:0.000326s ]
INFO: [ app_begin ] --START--
INFO: Run Behavior\ReadHtmlCacheBehavior [ RunTime:0.000455s ]
INFO: [ app_begin ] --END-- [ RunTime:0.000500s ]
INFO: [ app_end ] --START--
INFO: Run Behavior\ShowPageTraceBehavior [ RunTime:0.000458s ]
INFO: [ app_end ] --END-- [ RunTime:0.000504s ]

[ 2016-12-20T17:35:05+08:00 ] ::1 /thinkphp/index.php/Home/Index/test
INFO: [ app_init ] --START--
INFO: Run Behavior\BuildLiteBehavior [ RunTime:0.000012s ]
INFO: [ app_init ] --END-- [ RunTime:0.000289s ]
INFO: [ app_begin ] --START--
INFO: Run Behavior\ReadHtmlCacheBehavior [ RunTime:0.000367s ]
INFO: [ app_begin ] --END-- [ RunTime:0.000410s ]
INFO: [ app_end ] --START--
INFO: Run Behavior\ShowPageTraceBehavior [ RunTime:0.000374s ]
INFO: [ app_end ] --END-- [ RunTime:0.000416s ]

[ 2016-12-20T17:35:58+08:00 ] ::1 /thinkphp/index.php/Home/Index/test
INFO: [ app_init ] --START--
INFO: Run Behavior\BuildLiteBehavior [ RunTime:0.000012s ]
INFO: [ app_init ] --END-- [ RunTime:0.000290s ]
INFO: [ app_begin ] --START--
INFO: Run Behavior\ReadHtmlCacheBehavior [ RunTime:0.000394s ]
INFO: [ app_begin ] --END-- [ RunTime:0.000442s ]
INFO: [ app_end ] --START--
INFO: Run Behavior\ShowPageTraceBehavior [ RunTime:0.000411s ]
INFO: [ app_end ] --END-- [ RunTime:0.000461s ]

[ 2016-12-20T17:35:59+08:00 ] ::1 /thinkphp/index.php/Home/Index/test
INFO: [ app_init ] --START--
INFO: Run Behavior\BuildLiteBehavior [ RunTime:0.000014s ]
INFO: [ app_init ] --END-- [ RunTime:0.000316s ]
INFO: [ app_begin ] --START--
INFO: Run Behavior\ReadHtmlCacheBehavior [ RunTime:0.000411s ]
INFO: [ app_begin ] --END-- [ RunTime:0.000464s ]
INFO: [ app_end ] --START--
INFO: Run Behavior\ShowPageTraceBehavior [ RunTime:0.000390s ]
INFO: [ app_end ] --END-- [ RunTime:0.000440s ]

[ 2016-12-20T17:35:59+08:00 ] ::1 /thinkphp/index.php/Home/Index/test
INFO: [ app_init ] --START--
INFO: Run Behavior\BuildLiteBehavior [ RunTime:0.000022s ]
INFO: [ app_init ] --END-- [ RunTime:0.000451s ]
INFO: [ app_begin ] --START--
INFO: Run Behavior\ReadHtmlCacheBehavior [ RunTime:0.000581s ]
INFO: [ app_begin ] --END-- [ RunTime:0.000663s ]
INFO: [ app_end ] --START--
INFO: Run Behavior\ShowPageTraceBehavior [ RunTime:0.000558s ]
INFO: [ app_end ] --END-- [ RunTime:0.000637s ]

