[ 2017-02-04T16:33:25+08:00 ] ::1 /weblog/index.php/Home/Blog/getaccount?jsonpCallback=jQuery19102100145538778797_1486197181257&account=123&_=1486197181258
INFO: [ app_init ] --START--
INFO: Run Behavior\BuildLiteBehavior [ RunTime:0.000014s ]
INFO: [ app_init ] --END-- [ RunTime:0.001986s ]
INFO: [ app_begin ] --START--
INFO: Run Behavior\ReadHtmlCacheBehavior [ RunTime:0.001232s ]
INFO: [ app_begin ] --END-- [ RunTime:0.001278s ]
SQL: select * from wb_user where account = "123" [ RunTime:0.0027s ]
INFO: [ app_end ] --START--
INFO: Run Behavior\ShowPageTraceBehavior [ RunTime:0.001416s ]
INFO: [ app_end ] --END-- [ RunTime:0.001465s ]

[ 2017-02-04T16:33:35+08:00 ] ::1 /weblog/index.php/Home/Blog/getaccount?jsonpCallback=jQuery19102100145538778797_1486197181257&account=user&_=1486197181259
INFO: [ app_init ] --START--
INFO: Run Behavior\BuildLiteBehavior [ RunTime:0.000010s ]
INFO: [ app_init ] --END-- [ RunTime:0.000338s ]
INFO: [ app_begin ] --START--
INFO: Run Behavior\ReadHtmlCacheBehavior [ RunTime:0.000576s ]
INFO: [ app_begin ] --END-- [ RunTime:0.000611s ]
SQL: select * from wb_user where account = "user" [ RunTime:0.0003s ]
INFO: [ app_end ] --START--
INFO: Run Behavior\ShowPageTraceBehavior [ RunTime:0.000824s ]
INFO: [ app_end ] --END-- [ RunTime:0.000863s ]

[ 2017-02-04T16:33:41+08:00 ] ::1 /weblog/index.php/Home/Blog/login?jsonpCallback=jQuery19102100145538778797_1486197181257&account=user&password=user&_=1486197181260
INFO: [ app_init ] --START--
INFO: Run Behavior\BuildLiteBehavior [ RunTime:0.000011s ]
INFO: [ app_init ] --END-- [ RunTime:0.000398s ]
INFO: [ app_begin ] --START--
INFO: Run Behavior\ReadHtmlCacheBehavior [ RunTime:0.000562s ]
INFO: [ app_begin ] --END-- [ RunTime:0.000598s ]
SQL: select * from wb_user where account = "user" limit 1 [ RunTime:0.0003s ]
INFO: [ app_end ] --START--
INFO: Run Behavior\ShowPageTraceBehavior [ RunTime:0.000799s ]
INFO: [ app_end ] --END-- [ RunTime:0.000839s ]

[ 2017-02-04T16:33:46+08:00 ] ::1 /weblog/index.php/Home/Blog/login?jsonpCallback=jQuery19102100145538778797_1486197181257&account=user&password=123&_=1486197181261
INFO: [ app_init ] --START--
INFO: Run Behavior\BuildLiteBehavior [ RunTime:0.000012s ]
INFO: [ app_init ] --END-- [ RunTime:0.000474s ]
INFO: [ app_begin ] --START--
INFO: Run Behavior\ReadHtmlCacheBehavior [ RunTime:0.000568s ]
INFO: [ app_begin ] --END-- [ RunTime:0.000604s ]
SQL: select * from wb_user where account = "user" limit 1 [ RunTime:0.0003s ]
INFO: [ app_end ] --START--
INFO: Run Behavior\ShowPageTraceBehavior [ RunTime:0.000775s ]
INFO: [ app_end ] --END-- [ RunTime:0.000814s ]

[ 2017-02-04T16:33:52+08:00 ] ::1 /weblog/index.php/Home/Blog/login?jsonpCallback=jQuery19102100145538778797_1486197181257&account=user&password=user&_=1486197181262
INFO: [ app_init ] --START--
INFO: Run Behavior\BuildLiteBehavior [ RunTime:0.000011s ]
INFO: [ app_init ] --END-- [ RunTime:0.000394s ]
INFO: [ app_begin ] --START--
INFO: Run Behavior\ReadHtmlCacheBehavior [ RunTime:0.000727s ]
INFO: [ app_begin ] --END-- [ RunTime:0.000781s ]
SQL: select * from wb_user where account = "user" limit 1 [ RunTime:0.0003s ]
INFO: [ app_end ] --START--
INFO: Run Behavior\ShowPageTraceBehavior [ RunTime:0.000785s ]
INFO: [ app_end ] --END-- [ RunTime:0.000831s ]

[ 2017-02-04T16:33:58+08:00 ] ::1 /weblog/index.php/Home/Blog/register_account?jsonpCallback=jQuery19102100145538778797_1486197181257&account=user&_=1486197181263
INFO: [ app_init ] --START--
INFO: Run Behavior\BuildLiteBehavior [ RunTime:0.000015s ]
INFO: [ app_init ] --END-- [ RunTime:0.000560s ]
INFO: [ app_begin ] --START--
INFO: Run Behavior\ReadHtmlCacheBehavior [ RunTime:0.001032s ]
INFO: [ app_begin ] --END-- [ RunTime:0.001106s ]
SQL: select * from wb_user where account = "user" [ RunTime:0.0004s ]
INFO: [ app_end ] --START--
INFO: Run Behavior\ShowPageTraceBehavior [ RunTime:0.001095s ]
INFO: [ app_end ] --END-- [ RunTime:0.001152s ]

[ 2017-02-04T16:34:04+08:00 ] ::1 /weblog/index.php/Home/Blog/register_account?jsonpCallback=jQuery19102100145538778797_1486197181257&account=user&_=1486197181264
INFO: [ app_init ] --START--
INFO: Run Behavior\BuildLiteBehavior [ RunTime:0.000012s ]
INFO: [ app_init ] --END-- [ RunTime:0.000404s ]
INFO: [ app_begin ] --START--
INFO: Run Behavior\ReadHtmlCacheBehavior [ RunTime:0.000680s ]
INFO: [ app_begin ] --END-- [ RunTime:0.000724s ]
SQL: select * from wb_user where account = "user" [ RunTime:0.0003s ]
INFO: [ app_end ] --START--
INFO: Run Behavior\ShowPageTraceBehavior [ RunTime:0.000796s ]
INFO: [ app_end ] --END-- [ RunTime:0.000836s ]

[ 2017-02-04T16:34:06+08:00 ] ::1 /weblog/index.php/Home/Blog/register_account?jsonpCallback=jQuery19102100145538778797_1486197181257&account=user&_=1486197181265
INFO: [ app_init ] --START--
INFO: Run Behavior\BuildLiteBehavior [ RunTime:0.000012s ]
INFO: [ app_init ] --END-- [ RunTime:0.000411s ]
INFO: [ app_begin ] --START--
INFO: Run Behavior\ReadHtmlCacheBehavior [ RunTime:0.000679s ]
INFO: [ app_begin ] --END-- [ RunTime:0.000724s ]
SQL: select * from wb_user where account = "user" [ RunTime:0.0003s ]
INFO: [ app_end ] --START--
INFO: Run Behavior\ShowPageTraceBehavior [ RunTime:0.000790s ]
INFO: [ app_end ] --END-- [ RunTime:0.000829s ]

[ 2017-02-04T16:34:06+08:00 ] ::1 /weblog/index.php/Home/Blog/register_account?jsonpCallback=jQuery19102100145538778797_1486197181257&account=user&_=1486197181266
INFO: [ app_init ] --START--
INFO: Run Behavior\BuildLiteBehavior [ RunTime:0.000011s ]
INFO: [ app_init ] --END-- [ RunTime:0.000392s ]
INFO: [ app_begin ] --START--
INFO: Run Behavior\ReadHtmlCacheBehavior [ RunTime:0.000667s ]
INFO: [ app_begin ] --END-- [ RunTime:0.000712s ]
SQL: select * from wb_user where account = "user" [ RunTime:0.0003s ]
INFO: [ app_end ] --START--
INFO: Run Behavior\ShowPageTraceBehavior [ RunTime:0.000835s ]
INFO: [ app_end ] --END-- [ RunTime:0.000876s ]

[ 2017-02-04T16:34:07+08:00 ] ::1 /weblog/index.php/Home/Blog/register_account?jsonpCallback=jQuery19102100145538778797_1486197181257&account=user&_=1486197181267
INFO: [ app_init ] --START--
INFO: Run Behavior\BuildLiteBehavior [ RunTime:0.000011s ]
INFO: [ app_init ] --END-- [ RunTime:0.000404s ]
INFO: [ app_begin ] --START--
INFO: Run Behavior\ReadHtmlCacheBehavior [ RunTime:0.000673s ]
INFO: [ app_begin ] --END-- [ RunTime:0.000719s ]
SQL: select * from wb_user where account = "user" [ RunTime:0.0003s ]
INFO: [ app_end ] --START--
INFO: Run Behavior\ShowPageTraceBehavior [ RunTime:0.000860s ]
INFO: [ app_end ] --END-- [ RunTime:0.000903s ]

[ 2017-02-04T16:34:07+08:00 ] ::1 /weblog/index.php/Home/Blog/register_account?jsonpCallback=jQuery19102100145538778797_1486197181257&account=user&_=1486197181268
INFO: [ app_init ] --START--
INFO: Run Behavior\BuildLiteBehavior [ RunTime:0.000013s ]
INFO: [ app_init ] --END-- [ RunTime:0.000492s ]
INFO: [ app_begin ] --START--
INFO: Run Behavior\ReadHtmlCacheBehavior [ RunTime:0.000603s ]
INFO: [ app_begin ] --END-- [ RunTime:0.000651s ]
SQL: select * from wb_user where account = "user" [ RunTime:0.0003s ]
INFO: [ app_end ] --START--
INFO: Run Behavior\ShowPageTraceBehavior [ RunTime:0.000739s ]
INFO: [ app_end ] --END-- [ RunTime:0.000782s ]

[ 2017-02-04T16:34:07+08:00 ] ::1 /weblog/index.php/Home/Blog/register_account?jsonpCallback=jQuery19102100145538778797_1486197181257&account=user&_=1486197181269
INFO: [ app_init ] --START--
INFO: Run Behavior\BuildLiteBehavior [ RunTime:0.000012s ]
INFO: [ app_init ] --END-- [ RunTime:0.000392s ]
INFO: [ app_begin ] --START--
INFO: Run Behavior\ReadHtmlCacheBehavior [ RunTime:0.000667s ]
INFO: [ app_begin ] --END-- [ RunTime:0.000711s ]
SQL: select * from wb_user where account = "user" [ RunTime:0.0003s ]
INFO: [ app_end ] --START--
INFO: Run Behavior\ShowPageTraceBehavior [ RunTime:0.000829s ]
INFO: [ app_end ] --END-- [ RunTime:0.000870s ]

[ 2017-02-04T16:34:07+08:00 ] ::1 /weblog/index.php/Home/Blog/register_account?jsonpCallback=jQuery19102100145538778797_1486197181257&account=user&_=1486197181270
INFO: [ app_init ] --START--
INFO: Run Behavior\BuildLiteBehavior [ RunTime:0.000010s ]
INFO: [ app_init ] --END-- [ RunTime:0.000347s ]
INFO: [ app_begin ] --START--
INFO: Run Behavior\ReadHtmlCacheBehavior [ RunTime:0.000545s ]
INFO: [ app_begin ] --END-- [ RunTime:0.000594s ]
SQL: select * from wb_user where account = "user" [ RunTime:0.0003s ]
INFO: [ app_end ] --START--
INFO: Run Behavior\ShowPageTraceBehavior [ RunTime:0.000755s ]
INFO: [ app_end ] --END-- [ RunTime:0.000791s ]

[ 2017-02-04T16:34:15+08:00 ] ::1 /weblog/index.php/Home/Blog/register_account?jsonpCallback=jQuery19102100145538778797_1486197181257&account=test&_=1486197181271
INFO: [ app_init ] --START--
INFO: Run Behavior\BuildLiteBehavior [ RunTime:0.000012s ]
INFO: [ app_init ] --END-- [ RunTime:0.000421s ]
INFO: [ app_begin ] --START--
INFO: Run Behavior\ReadHtmlCacheBehavior [ RunTime:0.000719s ]
INFO: [ app_begin ] --END-- [ RunTime:0.000768s ]
SQL: select * from wb_user where account = "test" [ RunTime:0.0003s ]
INFO: [ app_end ] --START--
INFO: Run Behavior\ShowPageTraceBehavior [ RunTime:0.000826s ]
INFO: [ app_end ] --END-- [ RunTime:0.000871s ]

[ 2017-02-04T16:34:26+08:00 ] ::1 /weblog/index.php/Home/Blog/register_account?jsonpCallback=jQuery19102100145538778797_1486197181257&account=%E6%9D%8E%E4%BC%9F%E4%B8%9A&_=1486197181272
INFO: [ app_init ] --START--
INFO: Run Behavior\BuildLiteBehavior [ RunTime:0.000009s ]
INFO: [ app_init ] --END-- [ RunTime:0.000324s ]
INFO: [ app_begin ] --START--
INFO: Run Behavior\ReadHtmlCacheBehavior [ RunTime:0.000571s ]
INFO: [ app_begin ] --END-- [ RunTime:0.000605s ]
SQL: select * from wb_user where account = "李伟业" [ RunTime:0.0003s ]
INFO: [ app_end ] --START--
INFO: Run Behavior\ShowPageTraceBehavior [ RunTime:0.000740s ]
INFO: [ app_end ] --END-- [ RunTime:0.000779s ]

[ 2017-02-04T16:34:30+08:00 ] ::1 /weblog/index.php/Home/Blog/register_account?jsonpCallback=jQuery19102100145538778797_1486197181257&account=%E6%9D%8E%E4%BC%9F%E4%B8%9A&_=1486197181273
INFO: [ app_init ] --START--
INFO: Run Behavior\BuildLiteBehavior [ RunTime:0.000022s ]
INFO: [ app_init ] --END-- [ RunTime:0.000779s ]
INFO: [ app_begin ] --START--
INFO: Run Behavior\ReadHtmlCacheBehavior [ RunTime:0.000901s ]
INFO: [ app_begin ] --END-- [ RunTime:0.000960s ]
SQL: select * from wb_user where account = "李伟业" [ RunTime:0.0002s ]
INFO: [ app_end ] --START--
INFO: Run Behavior\ShowPageTraceBehavior [ RunTime:0.000714s ]
INFO: [ app_end ] --END-- [ RunTime:0.000777s ]

[ 2017-02-04T16:34:32+08:00 ] ::1 /weblog/index.php/Home/Blog/register_account?jsonpCallback=jQuery19102100145538778797_1486197181257&account=%E6%9D%8E%E4%BC%9F%E4%B8%9A&_=1486197181274
INFO: [ app_init ] --START--
INFO: Run Behavior\BuildLiteBehavior [ RunTime:0.000010s ]
INFO: [ app_init ] --END-- [ RunTime:0.000391s ]
INFO: [ app_begin ] --START--
INFO: Run Behavior\ReadHtmlCacheBehavior [ RunTime:0.000544s ]
INFO: [ app_begin ] --END-- [ RunTime:0.000580s ]
SQL: select * from wb_user where account = "李伟业" [ RunTime:0.0002s ]
INFO: [ app_end ] --START--
INFO: Run Behavior\ShowPageTraceBehavior [ RunTime:0.000681s ]
INFO: [ app_end ] --END-- [ RunTime:0.000714s ]

[ 2017-02-04T16:34:41+08:00 ] ::1 /weblog/index.php/Home/Blog/register_account?jsonpCallback=jQuery19102100145538778797_1486197181257&account=account&_=1486197181275
INFO: [ app_init ] --START--
INFO: Run Behavior\BuildLiteBehavior [ RunTime:0.000014s ]
INFO: [ app_init ] --END-- [ RunTime:0.000523s ]
INFO: [ app_begin ] --START--
INFO: Run Behavior\ReadHtmlCacheBehavior [ RunTime:0.000907s ]
INFO: [ app_begin ] --END-- [ RunTime:0.000967s ]
SQL: select * from wb_user where account = "account" [ RunTime:0.0004s ]
INFO: [ app_end ] --START--
INFO: Run Behavior\ShowPageTraceBehavior [ RunTime:0.001200s ]
INFO: [ app_end ] --END-- [ RunTime:0.001251s ]

[ 2017-02-04T16:34:49+08:00 ] ::1 /weblog/index.php/Home/Blog/register_account?jsonpCallback=jQuery19102100145538778797_1486197181257&account=account&_=1486197181276
INFO: [ app_init ] --START--
INFO: Run Behavior\BuildLiteBehavior [ RunTime:0.000010s ]
INFO: [ app_init ] --END-- [ RunTime:0.000325s ]
INFO: [ app_begin ] --START--
INFO: Run Behavior\ReadHtmlCacheBehavior [ RunTime:0.000571s ]
INFO: [ app_begin ] --END-- [ RunTime:0.000609s ]
SQL: select * from wb_user where account = "account" [ RunTime:0.0002s ]
INFO: [ app_end ] --START--
INFO: Run Behavior\ShowPageTraceBehavior [ RunTime:0.000715s ]
INFO: [ app_end ] --END-- [ RunTime:0.000754s ]

[ 2017-02-04T16:34:49+08:00 ] ::1 /weblog/index.php/Home/Blog/register?jsonpCallback=jQuery19102100145538778797_1486197181257&account=account&password=account&comfirm=account&_=1486197181277
INFO: [ app_init ] --START--
INFO: Run Behavior\BuildLiteBehavior [ RunTime:0.000009s ]
INFO: [ app_init ] --END-- [ RunTime:0.000320s ]
INFO: [ app_begin ] --START--
INFO: Run Behavior\ReadHtmlCacheBehavior [ RunTime:0.000565s ]
INFO: [ app_begin ] --END-- [ RunTime:0.000600s ]
SQL: SHOW COLUMNS FROM `wb_user` [ RunTime:0.0060s ]
SQL: INSERT INTO `wb_user` (`account`,`password`,`level`,`days`,`register_date`) VALUES ('account','AzMAMVMyV2wAJwtqUCY=','0','1','2017-02-04 16:34:49') [ RunTime:0.0029s ]
INFO: [ app_end ] --START--
INFO: Run Behavior\ShowPageTraceBehavior [ RunTime:0.000812s ]
INFO: [ app_end ] --END-- [ RunTime:0.000855s ]

[ 2017-02-04T16:34:56+08:00 ] ::1 /weblog/index.php/Home/Blog/getaccount?jsonpCallback=jQuery19102100145538778797_1486197181257&account=account&_=1486197181278
INFO: [ app_init ] --START--
INFO: Run Behavior\BuildLiteBehavior [ RunTime:0.000016s ]
INFO: [ app_init ] --END-- [ RunTime:0.000594s ]
INFO: [ app_begin ] --START--
INFO: Run Behavior\ReadHtmlCacheBehavior [ RunTime:0.001011s ]
INFO: [ app_begin ] --END-- [ RunTime:0.001077s ]
SQL: select * from wb_user where account = "account" [ RunTime:0.0003s ]
INFO: [ app_end ] --START--
INFO: Run Behavior\ShowPageTraceBehavior [ RunTime:0.000725s ]
INFO: [ app_end ] --END-- [ RunTime:0.000761s ]

[ 2017-02-04T16:35:02+08:00 ] ::1 /weblog/index.php/Home/Blog/login?jsonpCallback=jQuery19102100145538778797_1486197181257&account=account&password=account&_=1486197181279
INFO: [ app_init ] --START--
INFO: Run Behavior\BuildLiteBehavior [ RunTime:0.000010s ]
INFO: [ app_init ] --END-- [ RunTime:0.000324s ]
INFO: [ app_begin ] --START--
INFO: Run Behavior\ReadHtmlCacheBehavior [ RunTime:0.000568s ]
INFO: [ app_begin ] --END-- [ RunTime:0.000605s ]
SQL: select * from wb_user where account = "account" limit 1 [ RunTime:0.0003s ]
NOTIC: [8] Undefined index: name C:\xampp\htdocs\weblog\Application\Home\Controller\BlogController.class.php 第 47 行.
NOTIC: [8] Undefined index: account C:\xampp\htdocs\weblog\Application\Home\Controller\BlogController.class.php 第 48 行.
INFO: [ app_end ] --START--
INFO: Run Behavior\ShowPageTraceBehavior [ RunTime:0.000903s ]
INFO: [ app_end ] --END-- [ RunTime:0.000957s ]

[ 2017-02-04T16:35:12+08:00 ] ::1 /weblog/index.php/Home/Blog/register_account?jsonpCallback=jQuery19102100145538778797_1486197181257&account=account&_=1486197181280
INFO: [ app_init ] --START--
INFO: Run Behavior\BuildLiteBehavior [ RunTime:0.000015s ]
INFO: [ app_init ] --END-- [ RunTime:0.000559s ]
INFO: [ app_begin ] --START--
INFO: Run Behavior\ReadHtmlCacheBehavior [ RunTime:0.000977s ]
INFO: [ app_begin ] --END-- [ RunTime:0.001046s ]
SQL: select * from wb_user where account = "account" [ RunTime:0.0004s ]
INFO: [ app_end ] --START--
INFO: Run Behavior\ShowPageTraceBehavior [ RunTime:0.001113s ]
INFO: [ app_end ] --END-- [ RunTime:0.001177s ]

[ 2017-02-04T16:35:14+08:00 ] ::1 /weblog/index.php/Home/Blog/register_account?jsonpCallback=jQuery19102100145538778797_1486197181257&account=account&_=1486197181281
INFO: [ app_init ] --START--
INFO: Run Behavior\BuildLiteBehavior [ RunTime:0.000015s ]
INFO: [ app_init ] --END-- [ RunTime:0.000510s ]
INFO: [ app_begin ] --START--
INFO: Run Behavior\ReadHtmlCacheBehavior [ RunTime:0.000863s ]
INFO: [ app_begin ] --END-- [ RunTime:0.000920s ]
SQL: select * from wb_user where account = "account" [ RunTime:0.0003s ]
INFO: [ app_end ] --START--
INFO: Run Behavior\ShowPageTraceBehavior [ RunTime:0.000736s ]
INFO: [ app_end ] --END-- [ RunTime:0.000775s ]

[ 2017-02-04T18:09:11+08:00 ] ::1 /weblog/index.php/Home/Blog/register_account?jsonpCallback=jQuery19108428271207920732_1486202918321&account=&_=1486202918322
INFO: [ app_init ] --START--
INFO: Run Behavior\BuildLiteBehavior [ RunTime:0.000010s ]
INFO: [ app_init ] --END-- [ RunTime:0.000502s ]
INFO: [ app_begin ] --START--
INFO: Run Behavior\ReadHtmlCacheBehavior [ RunTime:0.001134s ]
INFO: [ app_begin ] --END-- [ RunTime:0.001182s ]
SQL: select * from wb_user where account = "" [ RunTime:0.0013s ]
INFO: [ app_end ] --START--
INFO: Run Behavior\ShowPageTraceBehavior [ RunTime:0.000920s ]
INFO: [ app_end ] --END-- [ RunTime:0.000954s ]

[ 2017-02-04T18:09:48+08:00 ] ::1 /weblog/index.php/Home/Blog/register_account?jsonpCallback=jQuery19108428271207920732_1486202918321&account=&_=1486202918323
INFO: [ app_init ] --START--
INFO: Run Behavior\BuildLiteBehavior [ RunTime:0.000011s ]
INFO: [ app_init ] --END-- [ RunTime:0.000389s ]
INFO: [ app_begin ] --START--
INFO: Run Behavior\ReadHtmlCacheBehavior [ RunTime:0.000583s ]
INFO: [ app_begin ] --END-- [ RunTime:0.000619s ]
SQL: select * from wb_user where account = "" [ RunTime:0.0002s ]
INFO: [ app_end ] --START--
INFO: Run Behavior\ShowPageTraceBehavior [ RunTime:0.000782s ]
INFO: [ app_end ] --END-- [ RunTime:0.000818s ]

[ 2017-02-04T18:10:02+08:00 ] ::1 /weblog/index.php/Home/Blog/register_account?jsonpCallback=jQuery19108428271207920732_1486202918321&account=&_=1486202918324
INFO: [ app_init ] --START--
INFO: Run Behavior\BuildLiteBehavior [ RunTime:0.000013s ]
INFO: [ app_init ] --END-- [ RunTime:0.000416s ]
INFO: [ app_begin ] --START--
INFO: Run Behavior\ReadHtmlCacheBehavior [ RunTime:0.000672s ]
INFO: [ app_begin ] --END-- [ RunTime:0.000715s ]
SQL: select * from wb_user where account = "" [ RunTime:0.0003s ]
INFO: [ app_end ] --START--
INFO: Run Behavior\ShowPageTraceBehavior [ RunTime:0.000783s ]
INFO: [ app_end ] --END-- [ RunTime:0.000833s ]

[ 2017-02-04T18:10:03+08:00 ] ::1 /weblog/index.php/Home/Blog/register_account?jsonpCallback=jQuery19108428271207920732_1486202918321&account=&_=1486202918325
INFO: [ app_init ] --START--
INFO: Run Behavior\BuildLiteBehavior [ RunTime:0.000013s ]
INFO: [ app_init ] --END-- [ RunTime:0.000468s ]
INFO: [ app_begin ] --START--
INFO: Run Behavior\ReadHtmlCacheBehavior [ RunTime:0.000687s ]
INFO: [ app_begin ] --END-- [ RunTime:0.000729s ]
SQL: select * from wb_user where account = "" [ RunTime:0.0004s ]
INFO: [ app_end ] --START--
INFO: Run Behavior\ShowPageTraceBehavior [ RunTime:0.001259s ]
INFO: [ app_end ] --END-- [ RunTime:0.001334s ]

[ 2017-02-04T18:10:14+08:00 ] ::1 /weblog/index.php/Home/Blog/register_account?jsonpCallback=jQuery19108428271207920732_1486202918321&account=&_=1486202918326
INFO: [ app_init ] --START--
INFO: Run Behavior\BuildLiteBehavior [ RunTime:0.000010s ]
INFO: [ app_init ] --END-- [ RunTime:0.000343s ]
INFO: [ app_begin ] --START--
INFO: Run Behavior\ReadHtmlCacheBehavior [ RunTime:0.000554s ]
INFO: [ app_begin ] --END-- [ RunTime:0.000589s ]
SQL: select * from wb_user where account = "" [ RunTime:0.0003s ]
INFO: [ app_end ] --START--
INFO: Run Behavior\ShowPageTraceBehavior [ RunTime:0.000725s ]
INFO: [ app_end ] --END-- [ RunTime:0.000764s ]

