[ 2017-01-04T15:43:25+08:00 ] ::1 /thinkphp/index.php/Home/Index/send_verify?account=13169646401
INFO: [ app_init ] --START--
INFO: Run Behavior\BuildLiteBehavior [ RunTime:0.000016s ]
INFO: [ app_init ] --END-- [ RunTime:0.025218s ]
INFO: [ app_begin ] --START--
INFO: Run Behavior\ReadHtmlCacheBehavior [ RunTime:0.012522s ]
INFO: [ app_begin ] --END-- [ RunTime:0.012586s ]
SQL: select * from phone_message where Phone=13169646401 limit 1 [ RunTime:0.0006s ]
ERR: 1103:Incorrect table name ''
 [ SQL语句 ] : INSERT INTO `` (0,1,`Phone`,`Last_Send`) VALUES ('942256','6','13169646401','1483515805')
ERR: 1103:Incorrect table name ''
 [ SQL语句 ] : INSERT INTO `` (0,1,`Phone`,`Last_Send`) VALUES ('942256','6','13169646401','1483515805')

[ 2017-01-04T15:46:10+08:00 ] ::1 /thinkphp/index.php/Home/Index/send_verify?account=13169646401
INFO: [ app_init ] --START--
INFO: Run Behavior\BuildLiteBehavior [ RunTime:0.000019s ]
INFO: [ app_init ] --END-- [ RunTime:0.000624s ]
INFO: [ app_begin ] --START--
INFO: Run Behavior\ReadHtmlCacheBehavior [ RunTime:0.001115s ]
INFO: [ app_begin ] --END-- [ RunTime:0.001194s ]
SQL: select * from phone_message where Phone=13169646401 limit 1 [ RunTime:0.0003s ]
NOTIC: [8] Undefined offset: 0 H:\xampp\htdocs\thinkphp\Application\Home\Controller\IndexController.class.php 第 286 行.
ERR: 1103:Incorrect table name ''
 [ SQL语句 ] : INSERT INTO `` (0,1,`Phone`,`Last_Send`) VALUES ('601674','6','13169646401','1483515970')
ERR: 1103:Incorrect table name ''
 [ SQL语句 ] : INSERT INTO `` (0,1,`Phone`,`Last_Send`) VALUES ('601674','6','13169646401','1483515970')

[ 2017-01-04T15:46:42+08:00 ] ::1 /thinkphp/index.php/Home/Index/send_verify?account=13169646401
INFO: [ app_init ] --START--
INFO: Run Behavior\BuildLiteBehavior [ RunTime:0.000014s ]
INFO: [ app_init ] --END-- [ RunTime:0.000612s ]
INFO: [ app_begin ] --START--
INFO: Run Behavior\ReadHtmlCacheBehavior [ RunTime:0.000714s ]
INFO: [ app_begin ] --END-- [ RunTime:0.000788s ]
SQL: select * from phone_message where Phone=13169646401 limit 1 [ RunTime:0.0002s ]
NOTIC: [8] Undefined offset: 0 H:\xampp\htdocs\thinkphp\Application\Home\Controller\IndexController.class.php 第 286 行.
NOTIC: [8] Undefined variable: result H:\xampp\htdocs\thinkphp\Application\Home\Controller\IndexController.class.php 第 302 行.
NOTIC: [8] Undefined index: jsonpCallback H:\xampp\htdocs\thinkphp\Application\Home\Controller\IndexController.class.php 第 313 行.
INFO: [ app_end ] --START--
INFO: Run Behavior\ShowPageTraceBehavior [ RunTime:0.079316s ]
INFO: [ app_end ] --END-- [ RunTime:0.079401s ]

[ 2017-01-04T15:47:21+08:00 ] ::1 /thinkphp/index.php/Home/Index/send_verify?account=13169646401
INFO: [ app_init ] --START--
INFO: Run Behavior\BuildLiteBehavior [ RunTime:0.000011s ]
INFO: [ app_init ] --END-- [ RunTime:0.000289s ]
INFO: [ app_begin ] --START--
INFO: Run Behavior\ReadHtmlCacheBehavior [ RunTime:0.000364s ]
INFO: [ app_begin ] --END-- [ RunTime:0.000405s ]
SQL: select * from phone_message where Phone=13169646401 limit 1 [ RunTime:0.0002s ]
NOTIC: [8] Undefined offset: 0 H:\xampp\htdocs\thinkphp\Application\Home\Controller\IndexController.class.php 第 286 行.
NOTIC: [8] Undefined variable: result H:\xampp\htdocs\thinkphp\Application\Home\Controller\IndexController.class.php 第 302 行.
NOTIC: [8] Undefined index: jsonpCallback H:\xampp\htdocs\thinkphp\Application\Home\Controller\IndexController.class.php 第 313 行.
INFO: [ app_end ] --START--
INFO: Run Behavior\ShowPageTraceBehavior [ RunTime:0.000489s ]
INFO: [ app_end ] --END-- [ RunTime:0.000527s ]

[ 2017-01-04T15:50:53+08:00 ] ::1 /thinkphp/index.php/Home/Index/send_verify?account=13169646401
INFO: [ app_init ] --START--
INFO: Run Behavior\BuildLiteBehavior [ RunTime:0.000011s ]
INFO: [ app_init ] --END-- [ RunTime:0.000338s ]
INFO: [ app_begin ] --START--
INFO: Run Behavior\ReadHtmlCacheBehavior [ RunTime:0.000474s ]
INFO: [ app_begin ] --END-- [ RunTime:0.000517s ]
SQL: select * from phone_message where Phone=13169646401 limit 1 [ RunTime:0.0003s ]
NOTIC: [8] Undefined offset: 0 H:\xampp\htdocs\thinkphp\Application\Home\Controller\IndexController.class.php 第 286 行.
ERR: 1103:Incorrect table name ''
 [ SQL语句 ] : INSERT INTO `` (0,1,`Phone`,`Last_Send`) VALUES ('547403','6','13169646401','1483516253')
ERR: 1103:Incorrect table name ''
 [ SQL语句 ] : INSERT INTO `` (0,1,`Phone`,`Last_Send`) VALUES ('547403','6','13169646401','1483516253')

[ 2017-01-04T15:53:14+08:00 ] ::1 /thinkphp/index.php/Home/Index/send_verify?account=13169646401
INFO: [ app_init ] --START--
INFO: Run Behavior\BuildLiteBehavior [ RunTime:0.000011s ]
INFO: [ app_init ] --END-- [ RunTime:0.000319s ]
INFO: [ app_begin ] --START--
INFO: Run Behavior\ReadHtmlCacheBehavior [ RunTime:0.000449s ]
INFO: [ app_begin ] --END-- [ RunTime:0.000491s ]
SQL: select * from phone_message where Phone=13169646401 limit 1 [ RunTime:0.0003s ]
NOTIC: [8] Undefined offset: 0 H:\xampp\htdocs\thinkphp\Application\Home\Controller\IndexController.class.php 第 286 行.
ERR: 1103:Incorrect table name ''
 [ SQL语句 ] : INSERT INTO `` (`Phone`,`Last_Send`) VALUES ('13169646401','1483516394')
ERR: 1103:Incorrect table name ''
 [ SQL语句 ] : INSERT INTO `` (`Phone`,`Last_Send`) VALUES ('13169646401','1483516394')

[ 2017-01-04T15:54:18+08:00 ] ::1 /thinkphp/index.php/Home/Index/send_verify?account=13169646401
INFO: [ app_init ] --START--
INFO: Run Behavior\BuildLiteBehavior [ RunTime:0.000016s ]
INFO: [ app_init ] --END-- [ RunTime:0.001051s ]
INFO: [ app_begin ] --START--
INFO: Run Behavior\ReadHtmlCacheBehavior [ RunTime:0.000693s ]
INFO: [ app_begin ] --END-- [ RunTime:0.000792s ]
SQL: SHOW COLUMNS FROM `phone_message` [ RunTime:0.0028s ]
SQL: select * from phone_message where Phone=13169646401 limit 1 [ RunTime:0.0002s ]
NOTIC: [8] Undefined offset: 0 H:\xampp\htdocs\thinkphp\Application\Home\Controller\IndexController.class.php 第 286 行.
SQL: INSERT INTO `phone_message` (`Phone`,`Last_Send`) VALUES ('13169646401','1483516458') [ RunTime:0.1035s ]
NOTIC: [8] Undefined variable: result H:\xampp\htdocs\thinkphp\Application\Home\Controller\IndexController.class.php 第 302 行.
NOTIC: [8] Undefined index: jsonpCallback H:\xampp\htdocs\thinkphp\Application\Home\Controller\IndexController.class.php 第 313 行.
INFO: [ app_end ] --START--
INFO: Run Behavior\ShowPageTraceBehavior [ RunTime:0.001430s ]
INFO: [ app_end ] --END-- [ RunTime:0.001540s ]

[ 2017-01-04T15:54:29+08:00 ] ::1 /thinkphp/index.php/Home/Index/send_verify?account=13169646401
INFO: [ app_init ] --START--
INFO: Run Behavior\BuildLiteBehavior [ RunTime:0.000012s ]
INFO: [ app_init ] --END-- [ RunTime:0.000311s ]
INFO: [ app_begin ] --START--
INFO: Run Behavior\ReadHtmlCacheBehavior [ RunTime:0.000360s ]
INFO: [ app_begin ] --END-- [ RunTime:0.000401s ]
SQL: SHOW COLUMNS FROM `phone_message` [ RunTime:0.0027s ]
SQL: select * from phone_message where Phone=13169646401 limit 1 [ RunTime:0.0003s ]
NOTIC: [8] Undefined index: Phone H:\xampp\htdocs\thinkphp\Application\Home\Controller\IndexController.class.php 第 286 行.
NOTIC: [8] Undefined index: Last_Send H:\xampp\htdocs\thinkphp\Application\Home\Controller\IndexController.class.php 第 288 行.
SQL: UPDATE `phone_message` SET `Last_Send`='1483516469' WHERE ( Phone=13169646401 ) [ RunTime:0.1236s ]
NOTIC: [8] Undefined variable: result H:\xampp\htdocs\thinkphp\Application\Home\Controller\IndexController.class.php 第 302 行.
NOTIC: [8] Undefined index: jsonpCallback H:\xampp\htdocs\thinkphp\Application\Home\Controller\IndexController.class.php 第 313 行.
INFO: [ app_end ] --START--
INFO: Run Behavior\ShowPageTraceBehavior [ RunTime:0.001416s ]
INFO: [ app_end ] --END-- [ RunTime:0.001540s ]

[ 2017-01-04T15:55:12+08:00 ] ::1 /thinkphp/index.php/Home/Index/send_verify?account=13169646401
INFO: [ app_init ] --START--
INFO: Run Behavior\BuildLiteBehavior [ RunTime:0.000011s ]
INFO: [ app_init ] --END-- [ RunTime:0.000294s ]
INFO: [ app_begin ] --START--
INFO: Run Behavior\ReadHtmlCacheBehavior [ RunTime:0.000370s ]
INFO: [ app_begin ] --END-- [ RunTime:0.000410s ]
SQL: SHOW COLUMNS FROM `phone_message` [ RunTime:0.0027s ]
SQL: select * from phone_message where Phone=13169646401 limit 1 [ RunTime:0.0003s ]
NOTIC: [8] Undefined index: Phone H:\xampp\htdocs\thinkphp\Application\Home\Controller\IndexController.class.php 第 286 行.
NOTIC: [8] Undefined index: Last_Send H:\xampp\htdocs\thinkphp\Application\Home\Controller\IndexController.class.php 第 288 行.
SQL: UPDATE `phone_message` SET `Last_Send`='1483516512' WHERE ( Phone=13169646401 ) [ RunTime:0.1675s ]
NOTIC: [8] Undefined variable: result H:\xampp\htdocs\thinkphp\Application\Home\Controller\IndexController.class.php 第 301 行.
NOTIC: [8] Undefined variable: result H:\xampp\htdocs\thinkphp\Application\Home\Controller\IndexController.class.php 第 304 行.
NOTIC: [8] Undefined index: jsonpCallback H:\xampp\htdocs\thinkphp\Application\Home\Controller\IndexController.class.php 第 315 行.
INFO: [ app_end ] --START--
INFO: Run Behavior\ShowPageTraceBehavior [ RunTime:0.000594s ]
INFO: [ app_end ] --END-- [ RunTime:0.000645s ]

[ 2017-01-04T15:55:57+08:00 ] ::1 /thinkphp/index.php/Home/Index/send_verify?account=13169646401
INFO: [ app_init ] --START--
INFO: Run Behavior\BuildLiteBehavior [ RunTime:0.000011s ]
INFO: [ app_init ] --END-- [ RunTime:0.000282s ]
INFO: [ app_begin ] --START--
INFO: Run Behavior\ReadHtmlCacheBehavior [ RunTime:0.000424s ]
INFO: [ app_begin ] --END-- [ RunTime:0.000498s ]
SQL: SHOW COLUMNS FROM `phone_message` [ RunTime:0.0027s ]
SQL: select * from phone_message where Phone=13169646401 limit 1 [ RunTime:0.0002s ]
NOTIC: [8] Undefined index: Phone H:\xampp\htdocs\thinkphp\Application\Home\Controller\IndexController.class.php 第 286 行.
NOTIC: [8] Undefined index: Last_Send H:\xampp\htdocs\thinkphp\Application\Home\Controller\IndexController.class.php 第 288 行.
SQL: UPDATE `phone_message` SET `Last_Send`='1483516557' WHERE ( Phone=13169646401 ) [ RunTime:0.1031s ]
NOTIC: [8] Undefined variable: result H:\xampp\htdocs\thinkphp\Application\Home\Controller\IndexController.class.php 第 301 行.
NOTIC: [8] Undefined variable: result H:\xampp\htdocs\thinkphp\Application\Home\Controller\IndexController.class.php 第 304 行.
NOTIC: [8] Undefined index: jsonpCallback H:\xampp\htdocs\thinkphp\Application\Home\Controller\IndexController.class.php 第 315 行.
INFO: [ app_end ] --START--
INFO: Run Behavior\ShowPageTraceBehavior [ RunTime:0.001749s ]
INFO: [ app_end ] --END-- [ RunTime:0.001916s ]

[ 2017-01-04T15:57:04+08:00 ] ::1 /thinkphp/index.php/Home/Index/send_verify?account=13169646401
INFO: [ app_init ] --START--
INFO: Run Behavior\BuildLiteBehavior [ RunTime:0.000013s ]
INFO: [ app_init ] --END-- [ RunTime:0.000332s ]
INFO: [ app_begin ] --START--
INFO: Run Behavior\ReadHtmlCacheBehavior [ RunTime:0.000462s ]
INFO: [ app_begin ] --END-- [ RunTime:0.000506s ]
SQL: SHOW COLUMNS FROM `phone_message` [ RunTime:0.0030s ]
SQL: select * from phone_message where Phone=13169646401 limit 1 [ RunTime:0.0003s ]
NOTIC: [8] Undefined index: Phone H:\xampp\htdocs\thinkphp\Application\Home\Controller\IndexController.class.php 第 286 行.
NOTIC: [8] Undefined index: Last_Send H:\xampp\htdocs\thinkphp\Application\Home\Controller\IndexController.class.php 第 288 行.
SQL: UPDATE `phone_message` SET `Last_Send`='1483516624' WHERE ( Phone=13169646401 ) [ RunTime:0.0364s ]
NOTIC: [8] Undefined index: jsonpCallback H:\xampp\htdocs\thinkphp\Application\Home\Controller\IndexController.class.php 第 316 行.
INFO: [ app_end ] --START--
INFO: Run Behavior\ShowPageTraceBehavior [ RunTime:0.001617s ]
INFO: [ app_end ] --END-- [ RunTime:0.001741s ]

[ 2017-01-04T15:58:15+08:00 ] ::1 /thinkphp/index.php/Home/Index/send_verify?account=13169646401
INFO: [ app_init ] --START--
INFO: Run Behavior\BuildLiteBehavior [ RunTime:0.000015s ]
INFO: [ app_init ] --END-- [ RunTime:0.000421s ]
INFO: [ app_begin ] --START--
INFO: Run Behavior\ReadHtmlCacheBehavior [ RunTime:0.000670s ]
INFO: [ app_begin ] --END-- [ RunTime:0.000744s ]
NOTIC: [8] Undefined index: exprire_time H:\xampp\htdocs\thinkphp\Application\Home\Controller\IndexController.class.php 第 274 行.
SQL: SHOW COLUMNS FROM `phone_message` [ RunTime:0.0029s ]
SQL: select * from phone_message where Phone=13169646401 limit 1 [ RunTime:0.0003s ]
NOTIC: [8] Undefined index: Phone H:\xampp\htdocs\thinkphp\Application\Home\Controller\IndexController.class.php 第 286 行.
NOTIC: [8] Undefined index: Last_Send H:\xampp\htdocs\thinkphp\Application\Home\Controller\IndexController.class.php 第 288 行.
SQL: UPDATE `phone_message` SET `Last_Send`='1483516694' WHERE ( Phone=13169646401 ) [ RunTime:0.1261s ]
NOTIC: [8] Undefined index: jsonpCallback H:\xampp\htdocs\thinkphp\Application\Home\Controller\IndexController.class.php 第 316 行.
INFO: [ app_end ] --START--
INFO: Run Behavior\ShowPageTraceBehavior [ RunTime:0.002272s ]
INFO: [ app_end ] --END-- [ RunTime:0.002468s ]

[ 2017-01-04T15:59:04+08:00 ] ::1 /thinkphp/index.php/Home/Index/send_verify?account=13169646401
INFO: [ app_init ] --START--
INFO: Run Behavior\BuildLiteBehavior [ RunTime:0.000010s ]
INFO: [ app_init ] --END-- [ RunTime:0.000254s ]
INFO: [ app_begin ] --START--
INFO: Run Behavior\ReadHtmlCacheBehavior [ RunTime:0.000294s ]
INFO: [ app_begin ] --END-- [ RunTime:0.000328s ]
NOTIC: [8] Undefined index: exprire_time H:\xampp\htdocs\thinkphp\Application\Home\Controller\IndexController.class.php 第 274 行.
SQL: SHOW COLUMNS FROM `phone_message` [ RunTime:0.0023s ]
SQL: select * from phone_message where Phone=13169646401 limit 1 [ RunTime:0.0002s ]
NOTIC: [8] Undefined index: Phone H:\xampp\htdocs\thinkphp\Application\Home\Controller\IndexController.class.php 第 286 行.
NOTIC: [8] Undefined index: Last_Send H:\xampp\htdocs\thinkphp\Application\Home\Controller\IndexController.class.php 第 288 行.
SQL: UPDATE `phone_message` SET `Last_Send`='1483516744' WHERE ( Phone=13169646401 ) [ RunTime:0.1548s ]
NOTIC: [8] Undefined index: jsonpCallback H:\xampp\htdocs\thinkphp\Application\Home\Controller\IndexController.class.php 第 316 行.
INFO: [ app_end ] --START--
INFO: Run Behavior\ShowPageTraceBehavior [ RunTime:0.000809s ]
INFO: [ app_end ] --END-- [ RunTime:0.000881s ]

[ 2017-01-04T16:00:16+08:00 ] ::1 /thinkphp/index.php/Home/Index/send_verify?account=13169646401
INFO: [ app_init ] --START--
INFO: Run Behavior\BuildLiteBehavior [ RunTime:0.000017s ]
INFO: [ app_init ] --END-- [ RunTime:0.000515s ]
INFO: [ app_begin ] --START--
INFO: Run Behavior\ReadHtmlCacheBehavior [ RunTime:0.000661s ]
INFO: [ app_begin ] --END-- [ RunTime:0.000732s ]
NOTIC: [8] Undefined index: exprire_time H:\xampp\htdocs\thinkphp\Application\Home\Controller\IndexController.class.php 第 274 行.
SQL: SHOW COLUMNS FROM `phone_message` [ RunTime:0.0035s ]
SQL: select * from phone_message where Phone=13169646401 limit 1 [ RunTime:0.0005s ]
NOTIC: [8] Undefined index: Phone H:\xampp\htdocs\thinkphp\Application\Home\Controller\IndexController.class.php 第 286 行.
NOTIC: [8] Undefined index: Last_Send H:\xampp\htdocs\thinkphp\Application\Home\Controller\IndexController.class.php 第 288 行.
SQL: UPDATE `phone_message` SET `Last_Send`='1483516816' WHERE ( Phone=13169646401 ) [ RunTime:0.1769s ]
NOTIC: [8] Undefined index: jsonpCallback H:\xampp\htdocs\thinkphp\Application\Home\Controller\IndexController.class.php 第 318 行.
INFO: [ app_end ] --START--
INFO: Run Behavior\ShowPageTraceBehavior [ RunTime:0.000667s ]
INFO: [ app_end ] --END-- [ RunTime:0.000726s ]

[ 2017-01-04T16:00:25+08:00 ] ::1 /thinkphp/index.php/Home/Index/send_verify?account=13169646401
INFO: [ app_init ] --START--
INFO: Run Behavior\BuildLiteBehavior [ RunTime:0.000008s ]
INFO: [ app_init ] --END-- [ RunTime:0.000229s ]
INFO: [ app_begin ] --START--
INFO: Run Behavior\ReadHtmlCacheBehavior [ RunTime:0.000291s ]
INFO: [ app_begin ] --END-- [ RunTime:0.000325s ]
NOTIC: [8] Undefined index: exprire_time H:\xampp\htdocs\thinkphp\Application\Home\Controller\IndexController.class.php 第 274 行.
SQL: SHOW COLUMNS FROM `phone_message` [ RunTime:0.0025s ]
SQL: select * from phone_message where Phone=13169646401 limit 1 [ RunTime:0.0002s ]
NOTIC: [8] Undefined index: Phone H:\xampp\htdocs\thinkphp\Application\Home\Controller\IndexController.class.php 第 286 行.
NOTIC: [8] Undefined index: Last_Send H:\xampp\htdocs\thinkphp\Application\Home\Controller\IndexController.class.php 第 288 行.
SQL: UPDATE `phone_message` SET `Last_Send`='1483516825' WHERE ( Phone=13169646401 ) [ RunTime:0.1492s ]
NOTIC: [8] Undefined index: jsonpCallback H:\xampp\htdocs\thinkphp\Application\Home\Controller\IndexController.class.php 第 318 行.
INFO: [ app_end ] --START--
INFO: Run Behavior\ShowPageTraceBehavior [ RunTime:0.001315s ]
INFO: [ app_end ] --END-- [ RunTime:0.001440s ]

[ 2017-01-04T16:01:21+08:00 ] ::1 /thinkphp/index.php/Home/Index/send_verify?account=13169646401
INFO: [ app_init ] --START--
INFO: Run Behavior\BuildLiteBehavior [ RunTime:0.000011s ]
INFO: [ app_init ] --END-- [ RunTime:0.000357s ]
INFO: [ app_begin ] --START--
INFO: Run Behavior\ReadHtmlCacheBehavior [ RunTime:0.000483s ]
INFO: [ app_begin ] --END-- [ RunTime:0.000540s ]
NOTIC: [8] Undefined index: exprire_time H:\xampp\htdocs\thinkphp\Application\Home\Controller\IndexController.class.php 第 274 行.
SQL: SHOW COLUMNS FROM `phone_message` [ RunTime:0.0031s ]
SQL: select * from phone_message where Phone=13169646401 limit 1 [ RunTime:0.0003s ]
NOTIC: [8] Undefined index: Last_Send H:\xampp\htdocs\thinkphp\Application\Home\Controller\IndexController.class.php 第 288 行.
SQL: UPDATE `phone_message` SET `Last_Send`='1483516881' WHERE ( Phone=13169646401 ) [ RunTime:0.0394s ]
NOTIC: [8] Undefined index: jsonpCallback H:\xampp\htdocs\thinkphp\Application\Home\Controller\IndexController.class.php 第 318 行.
INFO: [ app_end ] --START--
INFO: Run Behavior\ShowPageTraceBehavior [ RunTime:0.001202s ]
INFO: [ app_end ] --END-- [ RunTime:0.001329s ]

[ 2017-01-04T16:02:29+08:00 ] ::1 /thinkphp/index.php/Home/Index/send_verify?account=13169646401
INFO: [ app_init ] --START--
INFO: Run Behavior\BuildLiteBehavior [ RunTime:0.000011s ]
INFO: [ app_init ] --END-- [ RunTime:0.000320s ]
INFO: [ app_begin ] --START--
INFO: Run Behavior\ReadHtmlCacheBehavior [ RunTime:0.000393s ]
INFO: [ app_begin ] --END-- [ RunTime:0.000439s ]
NOTIC: [8] Undefined index: exprire_time H:\xampp\htdocs\thinkphp\Application\Home\Controller\IndexController.class.php 第 274 行.
SQL: SHOW COLUMNS FROM `phone_message` [ RunTime:0.0027s ]
SQL: select * from phone_message where Phone=13169646401 limit 1 [ RunTime:0.0002s ]
SQL: UPDATE `phone_message` SET `Last_Send`='1483516949' WHERE ( Phone=13169646401 ) [ RunTime:0.1176s ]
NOTIC: [8] Undefined index: jsonpCallback H:\xampp\htdocs\thinkphp\Application\Home\Controller\IndexController.class.php 第 318 行.
INFO: [ app_end ] --START--
INFO: Run Behavior\ShowPageTraceBehavior [ RunTime:0.001332s ]
INFO: [ app_end ] --END-- [ RunTime:0.001454s ]

[ 2017-01-04T16:02:33+08:00 ] ::1 /thinkphp/index.php/Home/Index/send_verify?account=13169646401
INFO: [ app_init ] --START--
INFO: Run Behavior\BuildLiteBehavior [ RunTime:0.000011s ]
INFO: [ app_init ] --END-- [ RunTime:0.000314s ]
INFO: [ app_begin ] --START--
INFO: Run Behavior\ReadHtmlCacheBehavior [ RunTime:0.000358s ]
INFO: [ app_begin ] --END-- [ RunTime:0.000399s ]
NOTIC: [8] Undefined index: exprire_time H:\xampp\htdocs\thinkphp\Application\Home\Controller\IndexController.class.php 第 274 行.
SQL: SHOW COLUMNS FROM `phone_message` [ RunTime:0.0027s ]
SQL: select * from phone_message where Phone=13169646401 limit 1 [ RunTime:0.0002s ]
NOTIC: [8] Undefined variable: result H:\xampp\htdocs\thinkphp\Application\Home\Controller\IndexController.class.php 第 308 行.
NOTIC: [8] Undefined index: jsonpCallback H:\xampp\htdocs\thinkphp\Application\Home\Controller\IndexController.class.php 第 318 行.
INFO: [ app_end ] --START--
INFO: Run Behavior\ShowPageTraceBehavior [ RunTime:0.000493s ]
INFO: [ app_end ] --END-- [ RunTime:0.000531s ]

[ 2017-01-04T16:02:34+08:00 ] ::1 /thinkphp/index.php/Home/Index/send_verify?account=13169646401
INFO: [ app_init ] --START--
INFO: Run Behavior\BuildLiteBehavior [ RunTime:0.000011s ]
INFO: [ app_init ] --END-- [ RunTime:0.000280s ]
INFO: [ app_begin ] --START--
INFO: Run Behavior\ReadHtmlCacheBehavior [ RunTime:0.000424s ]
INFO: [ app_begin ] --END-- [ RunTime:0.000488s ]
NOTIC: [8] Undefined index: exprire_time H:\xampp\htdocs\thinkphp\Application\Home\Controller\IndexController.class.php 第 274 行.
SQL: SHOW COLUMNS FROM `phone_message` [ RunTime:0.0028s ]
SQL: select * from phone_message where Phone=13169646401 limit 1 [ RunTime:0.0002s ]
NOTIC: [8] Undefined variable: result H:\xampp\htdocs\thinkphp\Application\Home\Controller\IndexController.class.php 第 308 行.
NOTIC: [8] Undefined index: jsonpCallback H:\xampp\htdocs\thinkphp\Application\Home\Controller\IndexController.class.php 第 318 行.
INFO: [ app_end ] --START--
INFO: Run Behavior\ShowPageTraceBehavior [ RunTime:0.000457s ]
INFO: [ app_end ] --END-- [ RunTime:0.000497s ]

[ 2017-01-04T16:02:34+08:00 ] ::1 /thinkphp/index.php/Home/Index/send_verify?account=13169646401
INFO: [ app_init ] --START--
INFO: Run Behavior\BuildLiteBehavior [ RunTime:0.000010s ]
INFO: [ app_init ] --END-- [ RunTime:0.000279s ]
INFO: [ app_begin ] --START--
INFO: Run Behavior\ReadHtmlCacheBehavior [ RunTime:0.000373s ]
INFO: [ app_begin ] --END-- [ RunTime:0.000414s ]
NOTIC: [8] Undefined index: exprire_time H:\xampp\htdocs\thinkphp\Application\Home\Controller\IndexController.class.php 第 274 行.
SQL: SHOW COLUMNS FROM `phone_message` [ RunTime:0.0027s ]
SQL: select * from phone_message where Phone=13169646401 limit 1 [ RunTime:0.0002s ]
NOTIC: [8] Undefined variable: result H:\xampp\htdocs\thinkphp\Application\Home\Controller\IndexController.class.php 第 308 行.
NOTIC: [8] Undefined index: jsonpCallback H:\xampp\htdocs\thinkphp\Application\Home\Controller\IndexController.class.php 第 318 行.
INFO: [ app_end ] --START--
INFO: Run Behavior\ShowPageTraceBehavior [ RunTime:0.000460s ]
INFO: [ app_end ] --END-- [ RunTime:0.000499s ]

[ 2017-01-04T16:02:35+08:00 ] ::1 /thinkphp/index.php/Home/Index/send_verify?account=13169646401
INFO: [ app_init ] --START--
INFO: Run Behavior\BuildLiteBehavior [ RunTime:0.000016s ]
INFO: [ app_init ] --END-- [ RunTime:0.000359s ]
INFO: [ app_begin ] --START--
INFO: Run Behavior\ReadHtmlCacheBehavior [ RunTime:0.000605s ]
INFO: [ app_begin ] --END-- [ RunTime:0.000670s ]
NOTIC: [8] Undefined index: exprire_time H:\xampp\htdocs\thinkphp\Application\Home\Controller\IndexController.class.php 第 274 行.
SQL: SHOW COLUMNS FROM `phone_message` [ RunTime:0.0028s ]
SQL: select * from phone_message where Phone=13169646401 limit 1 [ RunTime:0.0002s ]
NOTIC: [8] Undefined variable: result H:\xampp\htdocs\thinkphp\Application\Home\Controller\IndexController.class.php 第 308 行.
NOTIC: [8] Undefined index: jsonpCallback H:\xampp\htdocs\thinkphp\Application\Home\Controller\IndexController.class.php 第 318 行.
INFO: [ app_end ] --START--
INFO: Run Behavior\ShowPageTraceBehavior [ RunTime:0.000600s ]
INFO: [ app_end ] --END-- [ RunTime:0.000652s ]

[ 2017-01-04T16:02:35+08:00 ] ::1 /thinkphp/index.php/Home/Index/send_verify?account=13169646401
INFO: [ app_init ] --START--
INFO: Run Behavior\BuildLiteBehavior [ RunTime:0.000010s ]
INFO: [ app_init ] --END-- [ RunTime:0.000279s ]
INFO: [ app_begin ] --START--
INFO: Run Behavior\ReadHtmlCacheBehavior [ RunTime:0.000364s ]
INFO: [ app_begin ] --END-- [ RunTime:0.000414s ]
NOTIC: [8] Undefined index: exprire_time H:\xampp\htdocs\thinkphp\Application\Home\Controller\IndexController.class.php 第 274 行.
SQL: SHOW COLUMNS FROM `phone_message` [ RunTime:0.0027s ]
SQL: select * from phone_message where Phone=13169646401 limit 1 [ RunTime:0.0002s ]
NOTIC: [8] Undefined variable: result H:\xampp\htdocs\thinkphp\Application\Home\Controller\IndexController.class.php 第 308 行.
NOTIC: [8] Undefined index: jsonpCallback H:\xampp\htdocs\thinkphp\Application\Home\Controller\IndexController.class.php 第 318 行.
INFO: [ app_end ] --START--
INFO: Run Behavior\ShowPageTraceBehavior [ RunTime:0.000456s ]
INFO: [ app_end ] --END-- [ RunTime:0.000494s ]

[ 2017-01-04T16:02:35+08:00 ] ::1 /thinkphp/index.php/Home/Index/send_verify?account=13169646401
INFO: [ app_init ] --START--
INFO: Run Behavior\BuildLiteBehavior [ RunTime:0.000011s ]
INFO: [ app_init ] --END-- [ RunTime:0.000283s ]
INFO: [ app_begin ] --START--
INFO: Run Behavior\ReadHtmlCacheBehavior [ RunTime:0.000360s ]
INFO: [ app_begin ] --END-- [ RunTime:0.000401s ]
NOTIC: [8] Undefined index: exprire_time H:\xampp\htdocs\thinkphp\Application\Home\Controller\IndexController.class.php 第 274 行.
SQL: SHOW COLUMNS FROM `phone_message` [ RunTime:0.0028s ]
SQL: select * from phone_message where Phone=13169646401 limit 1 [ RunTime:0.0002s ]
NOTIC: [8] Undefined variable: result H:\xampp\htdocs\thinkphp\Application\Home\Controller\IndexController.class.php 第 308 行.
NOTIC: [8] Undefined index: jsonpCallback H:\xampp\htdocs\thinkphp\Application\Home\Controller\IndexController.class.php 第 318 行.
INFO: [ app_end ] --START--
INFO: Run Behavior\ShowPageTraceBehavior [ RunTime:0.000455s ]
INFO: [ app_end ] --END-- [ RunTime:0.000496s ]

[ 2017-01-04T16:02:35+08:00 ] ::1 /thinkphp/index.php/Home/Index/send_verify?account=13169646401
INFO: [ app_init ] --START--
INFO: Run Behavior\BuildLiteBehavior [ RunTime:0.000011s ]
INFO: [ app_init ] --END-- [ RunTime:0.000288s ]
INFO: [ app_begin ] --START--
INFO: Run Behavior\ReadHtmlCacheBehavior [ RunTime:0.000364s ]
INFO: [ app_begin ] --END-- [ RunTime:0.000408s ]
NOTIC: [8] Undefined index: exprire_time H:\xampp\htdocs\thinkphp\Application\Home\Controller\IndexController.class.php 第 274 行.
SQL: SHOW COLUMNS FROM `phone_message` [ RunTime:0.0027s ]
SQL: select * from phone_message where Phone=13169646401 limit 1 [ RunTime:0.0003s ]
NOTIC: [8] Undefined variable: result H:\xampp\htdocs\thinkphp\Application\Home\Controller\IndexController.class.php 第 308 行.
NOTIC: [8] Undefined index: jsonpCallback H:\xampp\htdocs\thinkphp\Application\Home\Controller\IndexController.class.php 第 318 行.
INFO: [ app_end ] --START--
INFO: Run Behavior\ShowPageTraceBehavior [ RunTime:0.000474s ]
INFO: [ app_end ] --END-- [ RunTime:0.000513s ]

[ 2017-01-04T16:02:35+08:00 ] ::1 /thinkphp/index.php/Home/Index/send_verify?account=13169646401
INFO: [ app_init ] --START--
INFO: Run Behavior\BuildLiteBehavior [ RunTime:0.000026s ]
INFO: [ app_init ] --END-- [ RunTime:0.000359s ]
INFO: [ app_begin ] --START--
INFO: Run Behavior\ReadHtmlCacheBehavior [ RunTime:0.000358s ]
INFO: [ app_begin ] --END-- [ RunTime:0.000398s ]
NOTIC: [8] Undefined index: exprire_time H:\xampp\htdocs\thinkphp\Application\Home\Controller\IndexController.class.php 第 274 行.
SQL: SHOW COLUMNS FROM `phone_message` [ RunTime:0.0026s ]
SQL: select * from phone_message where Phone=13169646401 limit 1 [ RunTime:0.0002s ]
NOTIC: [8] Undefined variable: result H:\xampp\htdocs\thinkphp\Application\Home\Controller\IndexController.class.php 第 308 行.
NOTIC: [8] Undefined index: jsonpCallback H:\xampp\htdocs\thinkphp\Application\Home\Controller\IndexController.class.php 第 318 行.
INFO: [ app_end ] --START--
INFO: Run Behavior\ShowPageTraceBehavior [ RunTime:0.000461s ]
INFO: [ app_end ] --END-- [ RunTime:0.000500s ]

[ 2017-01-04T16:02:36+08:00 ] ::1 /thinkphp/index.php/Home/Index/send_verify?account=13169646401
INFO: [ app_init ] --START--
INFO: Run Behavior\BuildLiteBehavior [ RunTime:0.000011s ]
INFO: [ app_init ] --END-- [ RunTime:0.000279s ]
INFO: [ app_begin ] --START--
INFO: Run Behavior\ReadHtmlCacheBehavior [ RunTime:0.000364s ]
INFO: [ app_begin ] --END-- [ RunTime:0.000406s ]
NOTIC: [8] Undefined index: exprire_time H:\xampp\htdocs\thinkphp\Application\Home\Controller\IndexController.class.php 第 274 行.
SQL: SHOW COLUMNS FROM `phone_message` [ RunTime:0.0027s ]
SQL: select * from phone_message where Phone=13169646401 limit 1 [ RunTime:0.0002s ]
NOTIC: [8] Undefined variable: result H:\xampp\htdocs\thinkphp\Application\Home\Controller\IndexController.class.php 第 308 行.
NOTIC: [8] Undefined index: jsonpCallback H:\xampp\htdocs\thinkphp\Application\Home\Controller\IndexController.class.php 第 318 行.
INFO: [ app_end ] --START--
INFO: Run Behavior\ShowPageTraceBehavior [ RunTime:0.000457s ]
INFO: [ app_end ] --END-- [ RunTime:0.000497s ]

[ 2017-01-04T16:02:36+08:00 ] ::1 /thinkphp/index.php/Home/Index/send_verify?account=13169646401
INFO: [ app_init ] --START--
INFO: Run Behavior\BuildLiteBehavior [ RunTime:0.000010s ]
INFO: [ app_init ] --END-- [ RunTime:0.000280s ]
INFO: [ app_begin ] --START--
INFO: Run Behavior\ReadHtmlCacheBehavior [ RunTime:0.000302s ]
INFO: [ app_begin ] --END-- [ RunTime:0.000339s ]
NOTIC: [8] Undefined index: exprire_time H:\xampp\htdocs\thinkphp\Application\Home\Controller\IndexController.class.php 第 274 行.
SQL: SHOW COLUMNS FROM `phone_message` [ RunTime:0.0024s ]
SQL: select * from phone_message where Phone=13169646401 limit 1 [ RunTime:0.0002s ]
NOTIC: [8] Undefined variable: result H:\xampp\htdocs\thinkphp\Application\Home\Controller\IndexController.class.php 第 308 行.
NOTIC: [8] Undefined index: jsonpCallback H:\xampp\htdocs\thinkphp\Application\Home\Controller\IndexController.class.php 第 318 行.
INFO: [ app_end ] --START--
INFO: Run Behavior\ShowPageTraceBehavior [ RunTime:0.000447s ]
INFO: [ app_end ] --END-- [ RunTime:0.000485s ]

[ 2017-01-04T16:02:36+08:00 ] ::1 /thinkphp/index.php/Home/Index/send_verify?account=13169646401
INFO: [ app_init ] --START--
INFO: Run Behavior\BuildLiteBehavior [ RunTime:0.000015s ]
INFO: [ app_init ] --END-- [ RunTime:0.000416s ]
INFO: [ app_begin ] --START--
INFO: Run Behavior\ReadHtmlCacheBehavior [ RunTime:0.000479s ]
INFO: [ app_begin ] --END-- [ RunTime:0.000542s ]
NOTIC: [8] Undefined index: exprire_time H:\xampp\htdocs\thinkphp\Application\Home\Controller\IndexController.class.php 第 274 行.
SQL: SHOW COLUMNS FROM `phone_message` [ RunTime:0.0026s ]
SQL: select * from phone_message where Phone=13169646401 limit 1 [ RunTime:0.0002s ]
NOTIC: [8] Undefined variable: result H:\xampp\htdocs\thinkphp\Application\Home\Controller\IndexController.class.php 第 308 行.
NOTIC: [8] Undefined index: jsonpCallback H:\xampp\htdocs\thinkphp\Application\Home\Controller\IndexController.class.php 第 318 行.
INFO: [ app_end ] --START--
INFO: Run Behavior\ShowPageTraceBehavior [ RunTime:0.000435s ]
INFO: [ app_end ] --END-- [ RunTime:0.000471s ]

[ 2017-01-04T16:02:36+08:00 ] ::1 /thinkphp/index.php/Home/Index/send_verify?account=13169646401
INFO: [ app_init ] --START--
INFO: Run Behavior\BuildLiteBehavior [ RunTime:0.000010s ]
INFO: [ app_init ] --END-- [ RunTime:0.000278s ]
INFO: [ app_begin ] --START--
INFO: Run Behavior\ReadHtmlCacheBehavior [ RunTime:0.000467s ]
INFO: [ app_begin ] --END-- [ RunTime:0.000533s ]
NOTIC: [8] Undefined index: exprire_time H:\xampp\htdocs\thinkphp\Application\Home\Controller\IndexController.class.php 第 274 行.
SQL: SHOW COLUMNS FROM `phone_message` [ RunTime:0.0024s ]
SQL: select * from phone_message where Phone=13169646401 limit 1 [ RunTime:0.0002s ]
NOTIC: [8] Undefined variable: result H:\xampp\htdocs\thinkphp\Application\Home\Controller\IndexController.class.php 第 308 行.
NOTIC: [8] Undefined index: jsonpCallback H:\xampp\htdocs\thinkphp\Application\Home\Controller\IndexController.class.php 第 318 行.
INFO: [ app_end ] --START--
INFO: Run Behavior\ShowPageTraceBehavior [ RunTime:0.000409s ]
INFO: [ app_end ] --END-- [ RunTime:0.000446s ]

[ 2017-01-04T16:02:36+08:00 ] ::1 /thinkphp/index.php/Home/Index/send_verify?account=13169646401
INFO: [ app_init ] --START--
INFO: Run Behavior\BuildLiteBehavior [ RunTime:0.000010s ]
INFO: [ app_init ] --END-- [ RunTime:0.000279s ]
INFO: [ app_begin ] --START--
INFO: Run Behavior\ReadHtmlCacheBehavior [ RunTime:0.000370s ]
INFO: [ app_begin ] --END-- [ RunTime:0.000415s ]
NOTIC: [8] Undefined index: exprire_time H:\xampp\htdocs\thinkphp\Application\Home\Controller\IndexController.class.php 第 274 行.
SQL: SHOW COLUMNS FROM `phone_message` [ RunTime:0.0029s ]
SQL: select * from phone_message where Phone=13169646401 limit 1 [ RunTime:0.0002s ]
NOTIC: [8] Undefined variable: result H:\xampp\htdocs\thinkphp\Application\Home\Controller\IndexController.class.php 第 308 行.
NOTIC: [8] Undefined index: jsonpCallback H:\xampp\htdocs\thinkphp\Application\Home\Controller\IndexController.class.php 第 318 行.
INFO: [ app_end ] --START--
INFO: Run Behavior\ShowPageTraceBehavior [ RunTime:0.000460s ]
INFO: [ app_end ] --END-- [ RunTime:0.000500s ]

[ 2017-01-04T16:02:36+08:00 ] ::1 /thinkphp/index.php/Home/Index/send_verify?account=13169646401
INFO: [ app_init ] --START--
INFO: Run Behavior\BuildLiteBehavior [ RunTime:0.000018s ]
INFO: [ app_init ] --END-- [ RunTime:0.000455s ]
INFO: [ app_begin ] --START--
INFO: Run Behavior\ReadHtmlCacheBehavior [ RunTime:0.000295s ]
INFO: [ app_begin ] --END-- [ RunTime:0.000327s ]
NOTIC: [8] Undefined index: exprire_time H:\xampp\htdocs\thinkphp\Application\Home\Controller\IndexController.class.php 第 274 行.
SQL: SHOW COLUMNS FROM `phone_message` [ RunTime:0.0024s ]
SQL: select * from phone_message where Phone=13169646401 limit 1 [ RunTime:0.0002s ]
NOTIC: [8] Undefined variable: result H:\xampp\htdocs\thinkphp\Application\Home\Controller\IndexController.class.php 第 308 行.
NOTIC: [8] Undefined index: jsonpCallback H:\xampp\htdocs\thinkphp\Application\Home\Controller\IndexController.class.php 第 318 行.
INFO: [ app_end ] --START--
INFO: Run Behavior\ShowPageTraceBehavior [ RunTime:0.000447s ]
INFO: [ app_end ] --END-- [ RunTime:0.000487s ]

[ 2017-01-04T16:02:37+08:00 ] ::1 /thinkphp/index.php/Home/Index/send_verify?account=13169646401
INFO: [ app_init ] --START--
INFO: Run Behavior\BuildLiteBehavior [ RunTime:0.000012s ]
INFO: [ app_init ] --END-- [ RunTime:0.000315s ]
INFO: [ app_begin ] --START--
INFO: Run Behavior\ReadHtmlCacheBehavior [ RunTime:0.000391s ]
INFO: [ app_begin ] --END-- [ RunTime:0.000437s ]
NOTIC: [8] Undefined index: exprire_time H:\xampp\htdocs\thinkphp\Application\Home\Controller\IndexController.class.php 第 274 行.
SQL: SHOW COLUMNS FROM `phone_message` [ RunTime:0.0031s ]
SQL: select * from phone_message where Phone=13169646401 limit 1 [ RunTime:0.0002s ]
NOTIC: [8] Undefined variable: result H:\xampp\htdocs\thinkphp\Application\Home\Controller\IndexController.class.php 第 308 行.
NOTIC: [8] Undefined index: jsonpCallback H:\xampp\htdocs\thinkphp\Application\Home\Controller\IndexController.class.php 第 318 行.
INFO: [ app_end ] --START--
INFO: Run Behavior\ShowPageTraceBehavior [ RunTime:0.000460s ]
INFO: [ app_end ] --END-- [ RunTime:0.000499s ]

[ 2017-01-04T16:02:37+08:00 ] ::1 /thinkphp/index.php/Home/Index/send_verify?account=13169646401
INFO: [ app_init ] --START--
INFO: Run Behavior\BuildLiteBehavior [ RunTime:0.000010s ]
INFO: [ app_init ] --END-- [ RunTime:0.000278s ]
INFO: [ app_begin ] --START--
INFO: Run Behavior\ReadHtmlCacheBehavior [ RunTime:0.000363s ]
INFO: [ app_begin ] --END-- [ RunTime:0.000405s ]
NOTIC: [8] Undefined index: exprire_time H:\xampp\htdocs\thinkphp\Application\Home\Controller\IndexController.class.php 第 274 行.
SQL: SHOW COLUMNS FROM `phone_message` [ RunTime:0.0027s ]
SQL: select * from phone_message where Phone=13169646401 limit 1 [ RunTime:0.0002s ]
NOTIC: [8] Undefined variable: result H:\xampp\htdocs\thinkphp\Application\Home\Controller\IndexController.class.php 第 308 行.
NOTIC: [8] Undefined index: jsonpCallback H:\xampp\htdocs\thinkphp\Application\Home\Controller\IndexController.class.php 第 318 行.
INFO: [ app_end ] --START--
INFO: Run Behavior\ShowPageTraceBehavior [ RunTime:0.000458s ]
INFO: [ app_end ] --END-- [ RunTime:0.000496s ]

[ 2017-01-04T16:02:44+08:00 ] ::1 /thinkphp/index.php/Home/Index/send_verify?account=13169646401
INFO: [ app_init ] --START--
INFO: Run Behavior\BuildLiteBehavior [ RunTime:0.000013s ]
INFO: [ app_init ] --END-- [ RunTime:0.000313s ]
INFO: [ app_begin ] --START--
INFO: Run Behavior\ReadHtmlCacheBehavior [ RunTime:0.000296s ]
INFO: [ app_begin ] --END-- [ RunTime:0.000329s ]
NOTIC: [8] Undefined index: exprire_time H:\xampp\htdocs\thinkphp\Application\Home\Controller\IndexController.class.php 第 274 行.
SQL: SHOW COLUMNS FROM `phone_message` [ RunTime:0.0023s ]
SQL: select * from phone_message where Phone=13169646401 limit 1 [ RunTime:0.0002s ]
NOTIC: [8] Undefined variable: result H:\xampp\htdocs\thinkphp\Application\Home\Controller\IndexController.class.php 第 308 行.
NOTIC: [8] Undefined index: jsonpCallback H:\xampp\htdocs\thinkphp\Application\Home\Controller\IndexController.class.php 第 318 行.
INFO: [ app_end ] --START--
INFO: Run Behavior\ShowPageTraceBehavior [ RunTime:0.000453s ]
INFO: [ app_end ] --END-- [ RunTime:0.000485s ]

[ 2017-01-04T16:03:17+08:00 ] ::1 /thinkphp/index.php/Home/Index/send_verify?account=13169646401
INFO: [ app_init ] --START--
INFO: Run Behavior\BuildLiteBehavior [ RunTime:0.000011s ]
INFO: [ app_init ] --END-- [ RunTime:0.000257s ]
INFO: [ app_begin ] --START--
INFO: Run Behavior\ReadHtmlCacheBehavior [ RunTime:0.000320s ]
INFO: [ app_begin ] --END-- [ RunTime:0.000360s ]
NOTIC: [8] Undefined index: exprire_time H:\xampp\htdocs\thinkphp\Application\Home\Controller\IndexController.class.php 第 274 行.
SQL: SHOW COLUMNS FROM `phone_message` [ RunTime:0.0031s ]
SQL: select * from phone_message where Phone=13169646401 limit 1 [ RunTime:0.0002s ]
NOTIC: [8] Undefined variable: result H:\xampp\htdocs\thinkphp\Application\Home\Controller\IndexController.class.php 第 308 行.
NOTIC: [8] Undefined index: jsonpCallback H:\xampp\htdocs\thinkphp\Application\Home\Controller\IndexController.class.php 第 318 行.
INFO: [ app_end ] --START--
INFO: Run Behavior\ShowPageTraceBehavior [ RunTime:0.000406s ]
INFO: [ app_end ] --END-- [ RunTime:0.000441s ]

[ 2017-01-04T16:03:18+08:00 ] ::1 /thinkphp/index.php/Home/Index/send_verify?account=13169646401
INFO: [ app_init ] --START--
INFO: Run Behavior\BuildLiteBehavior [ RunTime:0.000013s ]
INFO: [ app_init ] --END-- [ RunTime:0.000304s ]
INFO: [ app_begin ] --START--
INFO: Run Behavior\ReadHtmlCacheBehavior [ RunTime:0.000369s ]
INFO: [ app_begin ] --END-- [ RunTime:0.000413s ]
NOTIC: [8] Undefined index: exprire_time H:\xampp\htdocs\thinkphp\Application\Home\Controller\IndexController.class.php 第 274 行.
SQL: SHOW COLUMNS FROM `phone_message` [ RunTime:0.0028s ]
SQL: select * from phone_message where Phone=13169646401 limit 1 [ RunTime:0.0002s ]
NOTIC: [8] Undefined variable: result H:\xampp\htdocs\thinkphp\Application\Home\Controller\IndexController.class.php 第 308 行.
NOTIC: [8] Undefined index: jsonpCallback H:\xampp\htdocs\thinkphp\Application\Home\Controller\IndexController.class.php 第 318 行.
INFO: [ app_end ] --START--
INFO: Run Behavior\ShowPageTraceBehavior [ RunTime:0.000481s ]
INFO: [ app_end ] --END-- [ RunTime:0.000520s ]

[ 2017-01-04T16:03:18+08:00 ] ::1 /thinkphp/index.php/Home/Index/send_verify?account=13169646401
INFO: [ app_init ] --START--
INFO: Run Behavior\BuildLiteBehavior [ RunTime:0.000010s ]
INFO: [ app_init ] --END-- [ RunTime:0.000281s ]
INFO: [ app_begin ] --START--
INFO: Run Behavior\ReadHtmlCacheBehavior [ RunTime:0.000299s ]
INFO: [ app_begin ] --END-- [ RunTime:0.000334s ]
NOTIC: [8] Undefined index: exprire_time H:\xampp\htdocs\thinkphp\Application\Home\Controller\IndexController.class.php 第 274 行.
SQL: SHOW COLUMNS FROM `phone_message` [ RunTime:0.0023s ]
SQL: select * from phone_message where Phone=13169646401 limit 1 [ RunTime:0.0002s ]
NOTIC: [8] Undefined variable: result H:\xampp\htdocs\thinkphp\Application\Home\Controller\IndexController.class.php 第 308 行.
NOTIC: [8] Undefined index: jsonpCallback H:\xampp\htdocs\thinkphp\Application\Home\Controller\IndexController.class.php 第 318 行.
INFO: [ app_end ] --START--
INFO: Run Behavior\ShowPageTraceBehavior [ RunTime:0.000432s ]
INFO: [ app_end ] --END-- [ RunTime:0.000470s ]

[ 2017-01-04T16:03:18+08:00 ] ::1 /thinkphp/index.php/Home/Index/send_verify?account=13169646401
INFO: [ app_init ] --START--
INFO: Run Behavior\BuildLiteBehavior [ RunTime:0.000011s ]
INFO: [ app_init ] --END-- [ RunTime:0.000284s ]
INFO: [ app_begin ] --START--
INFO: Run Behavior\ReadHtmlCacheBehavior [ RunTime:0.000377s ]
INFO: [ app_begin ] --END-- [ RunTime:0.000422s ]
NOTIC: [8] Undefined index: exprire_time H:\xampp\htdocs\thinkphp\Application\Home\Controller\IndexController.class.php 第 274 行.
SQL: SHOW COLUMNS FROM `phone_message` [ RunTime:0.0027s ]
SQL: select * from phone_message where Phone=13169646401 limit 1 [ RunTime:0.0002s ]
NOTIC: [8] Undefined variable: result H:\xampp\htdocs\thinkphp\Application\Home\Controller\IndexController.class.php 第 308 行.
NOTIC: [8] Undefined index: jsonpCallback H:\xampp\htdocs\thinkphp\Application\Home\Controller\IndexController.class.php 第 318 行.
INFO: [ app_end ] --START--
INFO: Run Behavior\ShowPageTraceBehavior [ RunTime:0.000480s ]
INFO: [ app_end ] --END-- [ RunTime:0.000519s ]

[ 2017-01-04T16:03:18+08:00 ] ::1 /thinkphp/index.php/Home/Index/send_verify?account=13169646401
INFO: [ app_init ] --START--
INFO: Run Behavior\BuildLiteBehavior [ RunTime:0.000017s ]
INFO: [ app_init ] --END-- [ RunTime:0.000367s ]
INFO: [ app_begin ] --START--
INFO: Run Behavior\ReadHtmlCacheBehavior [ RunTime:0.000365s ]
INFO: [ app_begin ] --END-- [ RunTime:0.000407s ]
NOTIC: [8] Undefined index: exprire_time H:\xampp\htdocs\thinkphp\Application\Home\Controller\IndexController.class.php 第 274 行.
SQL: SHOW COLUMNS FROM `phone_message` [ RunTime:0.0027s ]
SQL: select * from phone_message where Phone=13169646401 limit 1 [ RunTime:0.0002s ]
NOTIC: [8] Undefined variable: result H:\xampp\htdocs\thinkphp\Application\Home\Controller\IndexController.class.php 第 308 行.
NOTIC: [8] Undefined index: jsonpCallback H:\xampp\htdocs\thinkphp\Application\Home\Controller\IndexController.class.php 第 318 行.
INFO: [ app_end ] --START--
INFO: Run Behavior\ShowPageTraceBehavior [ RunTime:0.000460s ]
INFO: [ app_end ] --END-- [ RunTime:0.000500s ]

[ 2017-01-04T16:03:18+08:00 ] ::1 /thinkphp/index.php/Home/Index/send_verify?account=13169646401
INFO: [ app_init ] --START--
INFO: Run Behavior\BuildLiteBehavior [ RunTime:0.000011s ]
INFO: [ app_init ] --END-- [ RunTime:0.000280s ]
INFO: [ app_begin ] --START--
INFO: Run Behavior\ReadHtmlCacheBehavior [ RunTime:0.000340s ]
INFO: [ app_begin ] --END-- [ RunTime:0.000382s ]
NOTIC: [8] Undefined index: exprire_time H:\xampp\htdocs\thinkphp\Application\Home\Controller\IndexController.class.php 第 274 行.
SQL: SHOW COLUMNS FROM `phone_message` [ RunTime:0.0025s ]
SQL: select * from phone_message where Phone=13169646401 limit 1 [ RunTime:0.0002s ]
NOTIC: [8] Undefined variable: result H:\xampp\htdocs\thinkphp\Application\Home\Controller\IndexController.class.php 第 308 行.
NOTIC: [8] Undefined index: jsonpCallback H:\xampp\htdocs\thinkphp\Application\Home\Controller\IndexController.class.php 第 318 行.
INFO: [ app_end ] --START--
INFO: Run Behavior\ShowPageTraceBehavior [ RunTime:0.000399s ]
INFO: [ app_end ] --END-- [ RunTime:0.000433s ]

[ 2017-01-04T16:03:19+08:00 ] ::1 /thinkphp/index.php/Home/Index/send_verify?account=13169646401
INFO: [ app_init ] --START--
INFO: Run Behavior\BuildLiteBehavior [ RunTime:0.000011s ]
INFO: [ app_init ] --END-- [ RunTime:0.000326s ]
INFO: [ app_begin ] --START--
INFO: Run Behavior\ReadHtmlCacheBehavior [ RunTime:0.000329s ]
INFO: [ app_begin ] --END-- [ RunTime:0.000371s ]
NOTIC: [8] Undefined index: exprire_time H:\xampp\htdocs\thinkphp\Application\Home\Controller\IndexController.class.php 第 274 行.
SQL: SHOW COLUMNS FROM `phone_message` [ RunTime:0.0024s ]
SQL: select * from phone_message where Phone=13169646401 limit 1 [ RunTime:0.0002s ]
NOTIC: [8] Undefined variable: result H:\xampp\htdocs\thinkphp\Application\Home\Controller\IndexController.class.php 第 308 行.
NOTIC: [8] Undefined index: jsonpCallback H:\xampp\htdocs\thinkphp\Application\Home\Controller\IndexController.class.php 第 318 行.
INFO: [ app_end ] --START--
INFO: Run Behavior\ShowPageTraceBehavior [ RunTime:0.000421s ]
INFO: [ app_end ] --END-- [ RunTime:0.000455s ]

[ 2017-01-04T16:03:19+08:00 ] ::1 /thinkphp/index.php/Home/Index/send_verify?account=13169646401
INFO: [ app_init ] --START--
INFO: Run Behavior\BuildLiteBehavior [ RunTime:0.000013s ]
INFO: [ app_init ] --END-- [ RunTime:0.000289s ]
INFO: [ app_begin ] --START--
INFO: Run Behavior\ReadHtmlCacheBehavior [ RunTime:0.000351s ]
INFO: [ app_begin ] --END-- [ RunTime:0.000392s ]
NOTIC: [8] Undefined index: exprire_time H:\xampp\htdocs\thinkphp\Application\Home\Controller\IndexController.class.php 第 274 行.
SQL: SHOW COLUMNS FROM `phone_message` [ RunTime:0.0029s ]
SQL: select * from phone_message where Phone=13169646401 limit 1 [ RunTime:0.0002s ]
NOTIC: [8] Undefined variable: result H:\xampp\htdocs\thinkphp\Application\Home\Controller\IndexController.class.php 第 308 行.
NOTIC: [8] Undefined index: jsonpCallback H:\xampp\htdocs\thinkphp\Application\Home\Controller\IndexController.class.php 第 318 行.
INFO: [ app_end ] --START--
INFO: Run Behavior\ShowPageTraceBehavior [ RunTime:0.000462s ]
INFO: [ app_end ] --END-- [ RunTime:0.000501s ]

[ 2017-01-04T16:03:19+08:00 ] ::1 /thinkphp/index.php/Home/Index/send_verify?account=13169646401
INFO: [ app_init ] --START--
INFO: Run Behavior\BuildLiteBehavior [ RunTime:0.000011s ]
INFO: [ app_init ] --END-- [ RunTime:0.000285s ]
INFO: [ app_begin ] --START--
INFO: Run Behavior\ReadHtmlCacheBehavior [ RunTime:0.000368s ]
INFO: [ app_begin ] --END-- [ RunTime:0.000412s ]
NOTIC: [8] Undefined index: exprire_time H:\xampp\htdocs\thinkphp\Application\Home\Controller\IndexController.class.php 第 274 行.
SQL: SHOW COLUMNS FROM `phone_message` [ RunTime:0.0027s ]
SQL: select * from phone_message where Phone=13169646401 limit 1 [ RunTime:0.0003s ]
NOTIC: [8] Undefined variable: result H:\xampp\htdocs\thinkphp\Application\Home\Controller\IndexController.class.php 第 308 行.
NOTIC: [8] Undefined index: jsonpCallback H:\xampp\htdocs\thinkphp\Application\Home\Controller\IndexController.class.php 第 318 行.
INFO: [ app_end ] --START--
INFO: Run Behavior\ShowPageTraceBehavior [ RunTime:0.000499s ]
INFO: [ app_end ] --END-- [ RunTime:0.000547s ]

[ 2017-01-04T16:03:50+08:00 ] ::1 /thinkphp/index.php/Home/Index/send_verify?account=13169646401
INFO: [ app_init ] --START--
INFO: Run Behavior\BuildLiteBehavior [ RunTime:0.000011s ]
INFO: [ app_init ] --END-- [ RunTime:0.000321s ]
INFO: [ app_begin ] --START--
INFO: Run Behavior\ReadHtmlCacheBehavior [ RunTime:0.000453s ]
INFO: [ app_begin ] --END-- [ RunTime:0.000495s ]
NOTIC: [8] Undefined index: exprire_time H:\xampp\htdocs\thinkphp\Application\Home\Controller\IndexController.class.php 第 274 行.
SQL: SHOW COLUMNS FROM `phone_message` [ RunTime:0.0027s ]
SQL: select * from phone_message where Phone=13169646401 limit 1 [ RunTime:0.0002s ]
SQL: UPDATE `phone_message` SET `Last_Send`='1483517030' WHERE ( Phone=13169646401 ) [ RunTime:0.1222s ]
NOTIC: [8] Undefined index: jsonpCallback H:\xampp\htdocs\thinkphp\Application\Home\Controller\IndexController.class.php 第 318 行.
INFO: [ app_end ] --START--
INFO: Run Behavior\ShowPageTraceBehavior [ RunTime:0.001625s ]
INFO: [ app_end ] --END-- [ RunTime:0.001755s ]

[ 2017-01-04T16:03:55+08:00 ] ::1 /thinkphp/index.php/Home/Index/send_verify?account=13169646401
INFO: [ app_init ] --START--
INFO: Run Behavior\BuildLiteBehavior [ RunTime:0.000016s ]
INFO: [ app_init ] --END-- [ RunTime:0.000400s ]
INFO: [ app_begin ] --START--
INFO: Run Behavior\ReadHtmlCacheBehavior [ RunTime:0.000304s ]
INFO: [ app_begin ] --END-- [ RunTime:0.000340s ]
NOTIC: [8] Undefined index: exprire_time H:\xampp\htdocs\thinkphp\Application\Home\Controller\IndexController.class.php 第 274 行.
SQL: SHOW COLUMNS FROM `phone_message` [ RunTime:0.0024s ]
SQL: select * from phone_message where Phone=13169646401 limit 1 [ RunTime:0.0002s ]
NOTIC: [8] Undefined variable: result H:\xampp\htdocs\thinkphp\Application\Home\Controller\IndexController.class.php 第 308 行.
NOTIC: [8] Undefined index: jsonpCallback H:\xampp\htdocs\thinkphp\Application\Home\Controller\IndexController.class.php 第 318 行.
INFO: [ app_end ] --START--
INFO: Run Behavior\ShowPageTraceBehavior [ RunTime:0.000413s ]
INFO: [ app_end ] --END-- [ RunTime:0.000476s ]

[ 2017-01-04T16:03:56+08:00 ] ::1 /thinkphp/index.php/Home/Index/send_verify?account=13169646401
INFO: [ app_init ] --START--
INFO: Run Behavior\BuildLiteBehavior [ RunTime:0.000010s ]
INFO: [ app_init ] --END-- [ RunTime:0.000280s ]
INFO: [ app_begin ] --START--
INFO: Run Behavior\ReadHtmlCacheBehavior [ RunTime:0.000352s ]
INFO: [ app_begin ] --END-- [ RunTime:0.000391s ]
NOTIC: [8] Undefined index: exprire_time H:\xampp\htdocs\thinkphp\Application\Home\Controller\IndexController.class.php 第 274 行.
SQL: SHOW COLUMNS FROM `phone_message` [ RunTime:0.0028s ]
SQL: select * from phone_message where Phone=13169646401 limit 1 [ RunTime:0.0002s ]
NOTIC: [8] Undefined variable: result H:\xampp\htdocs\thinkphp\Application\Home\Controller\IndexController.class.php 第 308 行.
NOTIC: [8] Undefined index: jsonpCallback H:\xampp\htdocs\thinkphp\Application\Home\Controller\IndexController.class.php 第 318 行.
INFO: [ app_end ] --START--
INFO: Run Behavior\ShowPageTraceBehavior [ RunTime:0.000441s ]
INFO: [ app_end ] --END-- [ RunTime:0.000477s ]

[ 2017-01-04T16:03:56+08:00 ] ::1 /thinkphp/index.php/Home/Index/send_verify?account=13169646401
INFO: [ app_init ] --START--
INFO: Run Behavior\BuildLiteBehavior [ RunTime:0.000015s ]
INFO: [ app_init ] --END-- [ RunTime:0.000439s ]
INFO: [ app_begin ] --START--
INFO: Run Behavior\ReadHtmlCacheBehavior [ RunTime:0.000299s ]
INFO: [ app_begin ] --END-- [ RunTime:0.000332s ]
NOTIC: [8] Undefined index: exprire_time H:\xampp\htdocs\thinkphp\Application\Home\Controller\IndexController.class.php 第 274 行.
SQL: SHOW COLUMNS FROM `phone_message` [ RunTime:0.0023s ]
SQL: select * from phone_message where Phone=13169646401 limit 1 [ RunTime:0.0002s ]
NOTIC: [8] Undefined variable: result H:\xampp\htdocs\thinkphp\Application\Home\Controller\IndexController.class.php 第 308 行.
NOTIC: [8] Undefined index: jsonpCallback H:\xampp\htdocs\thinkphp\Application\Home\Controller\IndexController.class.php 第 318 行.
INFO: [ app_end ] --START--
INFO: Run Behavior\ShowPageTraceBehavior [ RunTime:0.000411s ]
INFO: [ app_end ] --END-- [ RunTime:0.000445s ]

[ 2017-01-04T16:03:56+08:00 ] ::1 /thinkphp/index.php/Home/Index/send_verify?account=13169646401
INFO: [ app_init ] --START--
INFO: Run Behavior\BuildLiteBehavior [ RunTime:0.000015s ]
INFO: [ app_init ] --END-- [ RunTime:0.000353s ]
INFO: [ app_begin ] --START--
INFO: Run Behavior\ReadHtmlCacheBehavior [ RunTime:0.000355s ]
INFO: [ app_begin ] --END-- [ RunTime:0.000395s ]
NOTIC: [8] Undefined index: exprire_time H:\xampp\htdocs\thinkphp\Application\Home\Controller\IndexController.class.php 第 274 行.
SQL: SHOW COLUMNS FROM `phone_message` [ RunTime:0.0027s ]
SQL: select * from phone_message where Phone=13169646401 limit 1 [ RunTime:0.0002s ]
NOTIC: [8] Undefined variable: result H:\xampp\htdocs\thinkphp\Application\Home\Controller\IndexController.class.php 第 308 行.
NOTIC: [8] Undefined index: jsonpCallback H:\xampp\htdocs\thinkphp\Application\Home\Controller\IndexController.class.php 第 318 行.
INFO: [ app_end ] --START--
INFO: Run Behavior\ShowPageTraceBehavior [ RunTime:0.000456s ]
INFO: [ app_end ] --END-- [ RunTime:0.000495s ]

[ 2017-01-04T16:03:57+08:00 ] ::1 /thinkphp/index.php/Home/Index/send_verify?account=13169646401
INFO: [ app_init ] --START--
INFO: Run Behavior\BuildLiteBehavior [ RunTime:0.000009s ]
INFO: [ app_init ] --END-- [ RunTime:0.000232s ]
INFO: [ app_begin ] --START--
INFO: Run Behavior\ReadHtmlCacheBehavior [ RunTime:0.000296s ]
INFO: [ app_begin ] --END-- [ RunTime:0.000330s ]
NOTIC: [8] Undefined index: exprire_time H:\xampp\htdocs\thinkphp\Application\Home\Controller\IndexController.class.php 第 274 行.
SQL: SHOW COLUMNS FROM `phone_message` [ RunTime:0.0027s ]
SQL: select * from phone_message where Phone=13169646401 limit 1 [ RunTime:0.0002s ]
NOTIC: [8] Undefined variable: result H:\xampp\htdocs\thinkphp\Application\Home\Controller\IndexController.class.php 第 308 行.
NOTIC: [8] Undefined index: jsonpCallback H:\xampp\htdocs\thinkphp\Application\Home\Controller\IndexController.class.php 第 318 行.
INFO: [ app_end ] --START--
INFO: Run Behavior\ShowPageTraceBehavior [ RunTime:0.000400s ]
INFO: [ app_end ] --END-- [ RunTime:0.000433s ]

[ 2017-01-04T16:03:57+08:00 ] ::1 /thinkphp/index.php/Home/Index/send_verify?account=13169646401
INFO: [ app_init ] --START--
INFO: Run Behavior\BuildLiteBehavior [ RunTime:0.000009s ]
INFO: [ app_init ] --END-- [ RunTime:0.000276s ]
INFO: [ app_begin ] --START--
INFO: Run Behavior\ReadHtmlCacheBehavior [ RunTime:0.000473s ]
INFO: [ app_begin ] --END-- [ RunTime:0.000521s ]
NOTIC: [8] Undefined index: exprire_time H:\xampp\htdocs\thinkphp\Application\Home\Controller\IndexController.class.php 第 274 行.
SQL: SHOW COLUMNS FROM `phone_message` [ RunTime:0.0027s ]
SQL: select * from phone_message where Phone=13169646401 limit 1 [ RunTime:0.0002s ]
NOTIC: [8] Undefined variable: result H:\xampp\htdocs\thinkphp\Application\Home\Controller\IndexController.class.php 第 308 行.
NOTIC: [8] Undefined index: jsonpCallback H:\xampp\htdocs\thinkphp\Application\Home\Controller\IndexController.class.php 第 318 行.
INFO: [ app_end ] --START--
INFO: Run Behavior\ShowPageTraceBehavior [ RunTime:0.000460s ]
INFO: [ app_end ] --END-- [ RunTime:0.000499s ]

[ 2017-01-04T16:15:46+08:00 ] ::1 /thinkphp/index.php/Home/Index/send_verify?account=13169646401
INFO: [ app_init ] --START--
INFO: Run Behavior\BuildLiteBehavior [ RunTime:0.000013s ]
INFO: [ app_init ] --END-- [ RunTime:0.000373s ]
INFO: [ app_begin ] --START--
INFO: Run Behavior\ReadHtmlCacheBehavior [ RunTime:0.000479s ]
INFO: [ app_begin ] --END-- [ RunTime:0.000526s ]
NOTIC: [8] Undefined index: exprire_time H:\xampp\htdocs\thinkphp\Application\Home\Controller\IndexController.class.php 第 274 行.
SQL: SHOW COLUMNS FROM `phone_message` [ RunTime:0.0028s ]
SQL: select * from phone_message where Phone=13169646401 limit 1 [ RunTime:0.0003s ]
SQL: UPDATE `phone_message` SET `Last_Send`='1483517745' WHERE ( Phone=13169646401 ) [ RunTime:0.0715s ]
NOTIC: [8] Undefined index: jsonpCallback H:\xampp\htdocs\thinkphp\Application\Home\Controller\IndexController.class.php 第 318 行.
INFO: [ app_end ] --START--
INFO: Run Behavior\ShowPageTraceBehavior [ RunTime:0.001639s ]
INFO: [ app_end ] --END-- [ RunTime:0.001762s ]

[ 2017-01-04T16:15:50+08:00 ] ::1 /thinkphp/index.php/Home/Index/send_verify?account=13169646401
INFO: [ app_init ] --START--
INFO: Run Behavior\BuildLiteBehavior [ RunTime:0.000011s ]
INFO: [ app_init ] --END-- [ RunTime:0.000290s ]
INFO: [ app_begin ] --START--
INFO: Run Behavior\ReadHtmlCacheBehavior [ RunTime:0.000357s ]
INFO: [ app_begin ] --END-- [ RunTime:0.000398s ]
NOTIC: [8] Undefined index: exprire_time H:\xampp\htdocs\thinkphp\Application\Home\Controller\IndexController.class.php 第 274 行.
SQL: SHOW COLUMNS FROM `phone_message` [ RunTime:0.0028s ]
SQL: select * from phone_message where Phone=13169646401 limit 1 [ RunTime:0.0002s ]
NOTIC: [8] Undefined variable: result H:\xampp\htdocs\thinkphp\Application\Home\Controller\IndexController.class.php 第 308 行.
NOTIC: [8] Undefined index: jsonpCallback H:\xampp\htdocs\thinkphp\Application\Home\Controller\IndexController.class.php 第 318 行.
INFO: [ app_end ] --START--
INFO: Run Behavior\ShowPageTraceBehavior [ RunTime:0.000474s ]
INFO: [ app_end ] --END-- [ RunTime:0.000515s ]

[ 2017-01-04T16:15:50+08:00 ] ::1 /thinkphp/index.php/Home/Index/send_verify?account=13169646401
INFO: [ app_init ] --START--
INFO: Run Behavior\BuildLiteBehavior [ RunTime:0.000011s ]
INFO: [ app_init ] --END-- [ RunTime:0.000285s ]
INFO: [ app_begin ] --START--
INFO: Run Behavior\ReadHtmlCacheBehavior [ RunTime:0.000353s ]
INFO: [ app_begin ] --END-- [ RunTime:0.000395s ]
NOTIC: [8] Undefined index: exprire_time H:\xampp\htdocs\thinkphp\Application\Home\Controller\IndexController.class.php 第 274 行.
SQL: SHOW COLUMNS FROM `phone_message` [ RunTime:0.0026s ]
SQL: select * from phone_message where Phone=13169646401 limit 1 [ RunTime:0.0003s ]
NOTIC: [8] Undefined variable: result H:\xampp\htdocs\thinkphp\Application\Home\Controller\IndexController.class.php 第 308 行.
NOTIC: [8] Undefined index: jsonpCallback H:\xampp\htdocs\thinkphp\Application\Home\Controller\IndexController.class.php 第 318 行.
INFO: [ app_end ] --START--
INFO: Run Behavior\ShowPageTraceBehavior [ RunTime:0.000504s ]
INFO: [ app_end ] --END-- [ RunTime:0.000557s ]

[ 2017-01-04T16:15:51+08:00 ] ::1 /thinkphp/index.php/Home/Index/send_verify?account=13169646401
INFO: [ app_init ] --START--
INFO: Run Behavior\BuildLiteBehavior [ RunTime:0.000010s ]
INFO: [ app_init ] --END-- [ RunTime:0.000277s ]
INFO: [ app_begin ] --START--
INFO: Run Behavior\ReadHtmlCacheBehavior [ RunTime:0.000352s ]
INFO: [ app_begin ] --END-- [ RunTime:0.000393s ]
NOTIC: [8] Undefined index: exprire_time H:\xampp\htdocs\thinkphp\Application\Home\Controller\IndexController.class.php 第 274 行.
SQL: SHOW COLUMNS FROM `phone_message` [ RunTime:0.0028s ]
SQL: select * from phone_message where Phone=13169646401 limit 1 [ RunTime:0.0002s ]
NOTIC: [8] Undefined variable: result H:\xampp\htdocs\thinkphp\Application\Home\Controller\IndexController.class.php 第 308 行.
NOTIC: [8] Undefined index: jsonpCallback H:\xampp\htdocs\thinkphp\Application\Home\Controller\IndexController.class.php 第 318 行.
INFO: [ app_end ] --START--
INFO: Run Behavior\ShowPageTraceBehavior [ RunTime:0.000471s ]
INFO: [ app_end ] --END-- [ RunTime:0.000512s ]

[ 2017-01-04T16:15:51+08:00 ] ::1 /thinkphp/index.php/Home/Index/send_verify?account=13169646401
INFO: [ app_init ] --START--
INFO: Run Behavior\BuildLiteBehavior [ RunTime:0.000011s ]
INFO: [ app_init ] --END-- [ RunTime:0.000282s ]
INFO: [ app_begin ] --START--
INFO: Run Behavior\ReadHtmlCacheBehavior [ RunTime:0.000354s ]
INFO: [ app_begin ] --END-- [ RunTime:0.000396s ]
NOTIC: [8] Undefined index: exprire_time H:\xampp\htdocs\thinkphp\Application\Home\Controller\IndexController.class.php 第 274 行.
SQL: SHOW COLUMNS FROM `phone_message` [ RunTime:0.0029s ]
SQL: select * from phone_message where Phone=13169646401 limit 1 [ RunTime:0.0002s ]
NOTIC: [8] Undefined variable: result H:\xampp\htdocs\thinkphp\Application\Home\Controller\IndexController.class.php 第 308 行.
NOTIC: [8] Undefined index: jsonpCallback H:\xampp\htdocs\thinkphp\Application\Home\Controller\IndexController.class.php 第 318 行.
INFO: [ app_end ] --START--
INFO: Run Behavior\ShowPageTraceBehavior [ RunTime:0.000464s ]
INFO: [ app_end ] --END-- [ RunTime:0.000504s ]

[ 2017-01-04T16:15:51+08:00 ] ::1 /thinkphp/index.php/Home/Index/send_verify?account=13169646401
INFO: [ app_init ] --START--
INFO: Run Behavior\BuildLiteBehavior [ RunTime:0.000009s ]
INFO: [ app_init ] --END-- [ RunTime:0.000256s ]
INFO: [ app_begin ] --START--
INFO: Run Behavior\ReadHtmlCacheBehavior [ RunTime:0.000289s ]
INFO: [ app_begin ] --END-- [ RunTime:0.000323s ]
NOTIC: [8] Undefined index: exprire_time H:\xampp\htdocs\thinkphp\Application\Home\Controller\IndexController.class.php 第 274 行.
SQL: SHOW COLUMNS FROM `phone_message` [ RunTime:0.0024s ]
SQL: select * from phone_message where Phone=13169646401 limit 1 [ RunTime:0.0002s ]
NOTIC: [8] Undefined variable: result H:\xampp\htdocs\thinkphp\Application\Home\Controller\IndexController.class.php 第 308 行.
NOTIC: [8] Undefined index: jsonpCallback H:\xampp\htdocs\thinkphp\Application\Home\Controller\IndexController.class.php 第 318 行.
INFO: [ app_end ] --START--
INFO: Run Behavior\ShowPageTraceBehavior [ RunTime:0.000465s ]
INFO: [ app_end ] --END-- [ RunTime:0.000512s ]

[ 2017-01-04T16:15:51+08:00 ] ::1 /thinkphp/index.php/Home/Index/send_verify?account=13169646401
INFO: [ app_init ] --START--
INFO: Run Behavior\BuildLiteBehavior [ RunTime:0.000012s ]
INFO: [ app_init ] --END-- [ RunTime:0.000320s ]
INFO: [ app_begin ] --START--
INFO: Run Behavior\ReadHtmlCacheBehavior [ RunTime:0.000362s ]
INFO: [ app_begin ] --END-- [ RunTime:0.000403s ]
NOTIC: [8] Undefined index: exprire_time H:\xampp\htdocs\thinkphp\Application\Home\Controller\IndexController.class.php 第 274 行.
SQL: SHOW COLUMNS FROM `phone_message` [ RunTime:0.0027s ]
SQL: select * from phone_message where Phone=13169646401 limit 1 [ RunTime:0.0003s ]
NOTIC: [8] Undefined variable: result H:\xampp\htdocs\thinkphp\Application\Home\Controller\IndexController.class.php 第 308 行.
NOTIC: [8] Undefined index: jsonpCallback H:\xampp\htdocs\thinkphp\Application\Home\Controller\IndexController.class.php 第 318 行.
INFO: [ app_end ] --START--
INFO: Run Behavior\ShowPageTraceBehavior [ RunTime:0.000495s ]
INFO: [ app_end ] --END-- [ RunTime:0.000535s ]

[ 2017-01-04T16:15:52+08:00 ] ::1 /thinkphp/index.php/Home/Index/send_verify?account=13169646401
INFO: [ app_init ] --START--
INFO: Run Behavior\BuildLiteBehavior [ RunTime:0.000013s ]
INFO: [ app_init ] --END-- [ RunTime:0.000313s ]
INFO: [ app_begin ] --START--
INFO: Run Behavior\ReadHtmlCacheBehavior [ RunTime:0.000387s ]
INFO: [ app_begin ] --END-- [ RunTime:0.000432s ]
NOTIC: [8] Undefined index: exprire_time H:\xampp\htdocs\thinkphp\Application\Home\Controller\IndexController.class.php 第 274 行.
SQL: SHOW COLUMNS FROM `phone_message` [ RunTime:0.0028s ]
SQL: select * from phone_message where Phone=13169646401 limit 1 [ RunTime:0.0002s ]
NOTIC: [8] Undefined variable: result H:\xampp\htdocs\thinkphp\Application\Home\Controller\IndexController.class.php 第 308 行.
NOTIC: [8] Undefined index: jsonpCallback H:\xampp\htdocs\thinkphp\Application\Home\Controller\IndexController.class.php 第 318 行.
INFO: [ app_end ] --START--
INFO: Run Behavior\ShowPageTraceBehavior [ RunTime:0.000461s ]
INFO: [ app_end ] --END-- [ RunTime:0.000501s ]

[ 2017-01-04T16:15:52+08:00 ] ::1 /thinkphp/index.php/Home/Index/send_verify?account=13169646401
INFO: [ app_init ] --START--
INFO: Run Behavior\BuildLiteBehavior [ RunTime:0.000011s ]
INFO: [ app_init ] --END-- [ RunTime:0.000267s ]
INFO: [ app_begin ] --START--
INFO: Run Behavior\ReadHtmlCacheBehavior [ RunTime:0.000347s ]
INFO: [ app_begin ] --END-- [ RunTime:0.000390s ]
NOTIC: [8] Undefined index: exprire_time H:\xampp\htdocs\thinkphp\Application\Home\Controller\IndexController.class.php 第 274 行.
SQL: SHOW COLUMNS FROM `phone_message` [ RunTime:0.0025s ]
SQL: select * from phone_message where Phone=13169646401 limit 1 [ RunTime:0.0002s ]
NOTIC: [8] Undefined variable: result H:\xampp\htdocs\thinkphp\Application\Home\Controller\IndexController.class.php 第 308 行.
NOTIC: [8] Undefined index: jsonpCallback H:\xampp\htdocs\thinkphp\Application\Home\Controller\IndexController.class.php 第 318 行.
INFO: [ app_end ] --START--
INFO: Run Behavior\ShowPageTraceBehavior [ RunTime:0.000416s ]
INFO: [ app_end ] --END-- [ RunTime:0.000450s ]

[ 2017-01-04T16:15:52+08:00 ] ::1 /thinkphp/index.php/Home/Index/send_verify?account=13169646401
INFO: [ app_init ] --START--
INFO: Run Behavior\BuildLiteBehavior [ RunTime:0.000010s ]
INFO: [ app_init ] --END-- [ RunTime:0.000245s ]
INFO: [ app_begin ] --START--
INFO: Run Behavior\ReadHtmlCacheBehavior [ RunTime:0.000310s ]
INFO: [ app_begin ] --END-- [ RunTime:0.000352s ]
NOTIC: [8] Undefined index: exprire_time H:\xampp\htdocs\thinkphp\Application\Home\Controller\IndexController.class.php 第 274 行.
SQL: SHOW COLUMNS FROM `phone_message` [ RunTime:0.0024s ]
SQL: select * from phone_message where Phone=13169646401 limit 1 [ RunTime:0.0003s ]
NOTIC: [8] Undefined variable: result H:\xampp\htdocs\thinkphp\Application\Home\Controller\IndexController.class.php 第 308 行.
NOTIC: [8] Undefined index: jsonpCallback H:\xampp\htdocs\thinkphp\Application\Home\Controller\IndexController.class.php 第 318 行.
INFO: [ app_end ] --START--
INFO: Run Behavior\ShowPageTraceBehavior [ RunTime:0.000419s ]
INFO: [ app_end ] --END-- [ RunTime:0.000453s ]

[ 2017-01-04T16:15:52+08:00 ] ::1 /thinkphp/index.php/Home/Index/send_verify?account=13169646401
INFO: [ app_init ] --START--
INFO: Run Behavior\BuildLiteBehavior [ RunTime:0.000017s ]
INFO: [ app_init ] --END-- [ RunTime:0.000423s ]
INFO: [ app_begin ] --START--
INFO: Run Behavior\ReadHtmlCacheBehavior [ RunTime:0.000489s ]
INFO: [ app_begin ] --END-- [ RunTime:0.000553s ]
NOTIC: [8] Undefined index: exprire_time H:\xampp\htdocs\thinkphp\Application\Home\Controller\IndexController.class.php 第 274 行.
SQL: SHOW COLUMNS FROM `phone_message` [ RunTime:0.0025s ]
SQL: select * from phone_message where Phone=13169646401 limit 1 [ RunTime:0.0002s ]
NOTIC: [8] Undefined variable: result H:\xampp\htdocs\thinkphp\Application\Home\Controller\IndexController.class.php 第 308 行.
NOTIC: [8] Undefined index: jsonpCallback H:\xampp\htdocs\thinkphp\Application\Home\Controller\IndexController.class.php 第 318 行.
INFO: [ app_end ] --START--
INFO: Run Behavior\ShowPageTraceBehavior [ RunTime:0.000489s ]
INFO: [ app_end ] --END-- [ RunTime:0.000525s ]

[ 2017-01-04T16:15:52+08:00 ] ::1 /thinkphp/index.php/Home/Index/send_verify?account=13169646401
INFO: [ app_init ] --START--
INFO: Run Behavior\BuildLiteBehavior [ RunTime:0.000011s ]
INFO: [ app_init ] --END-- [ RunTime:0.000303s ]
INFO: [ app_begin ] --START--
INFO: Run Behavior\ReadHtmlCacheBehavior [ RunTime:0.000375s ]
INFO: [ app_begin ] --END-- [ RunTime:0.000415s ]
NOTIC: [8] Undefined index: exprire_time H:\xampp\htdocs\thinkphp\Application\Home\Controller\IndexController.class.php 第 274 行.
SQL: SHOW COLUMNS FROM `phone_message` [ RunTime:0.0025s ]
SQL: select * from phone_message where Phone=13169646401 limit 1 [ RunTime:0.0002s ]
NOTIC: [8] Undefined variable: result H:\xampp\htdocs\thinkphp\Application\Home\Controller\IndexController.class.php 第 308 行.
NOTIC: [8] Undefined index: jsonpCallback H:\xampp\htdocs\thinkphp\Application\Home\Controller\IndexController.class.php 第 318 行.
INFO: [ app_end ] --START--
INFO: Run Behavior\ShowPageTraceBehavior [ RunTime:0.000460s ]
INFO: [ app_end ] --END-- [ RunTime:0.000498s ]

[ 2017-01-04T16:15:52+08:00 ] ::1 /thinkphp/index.php/Home/Index/send_verify?account=13169646401
INFO: [ app_init ] --START--
INFO: Run Behavior\BuildLiteBehavior [ RunTime:0.000011s ]
INFO: [ app_init ] --END-- [ RunTime:0.000290s ]
INFO: [ app_begin ] --START--
INFO: Run Behavior\ReadHtmlCacheBehavior [ RunTime:0.000346s ]
INFO: [ app_begin ] --END-- [ RunTime:0.000386s ]
NOTIC: [8] Undefined index: exprire_time H:\xampp\htdocs\thinkphp\Application\Home\Controller\IndexController.class.php 第 274 行.
SQL: SHOW COLUMNS FROM `phone_message` [ RunTime:0.0025s ]
SQL: select * from phone_message where Phone=13169646401 limit 1 [ RunTime:0.0002s ]
NOTIC: [8] Undefined variable: result H:\xampp\htdocs\thinkphp\Application\Home\Controller\IndexController.class.php 第 308 行.
NOTIC: [8] Undefined index: jsonpCallback H:\xampp\htdocs\thinkphp\Application\Home\Controller\IndexController.class.php 第 318 行.
INFO: [ app_end ] --START--
INFO: Run Behavior\ShowPageTraceBehavior [ RunTime:0.000425s ]
INFO: [ app_end ] --END-- [ RunTime:0.000465s ]

[ 2017-01-04T16:15:53+08:00 ] ::1 /thinkphp/index.php/Home/Index/send_verify?account=13169646401
INFO: [ app_init ] --START--
INFO: Run Behavior\BuildLiteBehavior [ RunTime:0.000010s ]
INFO: [ app_init ] --END-- [ RunTime:0.000241s ]
INFO: [ app_begin ] --START--
INFO: Run Behavior\ReadHtmlCacheBehavior [ RunTime:0.000307s ]
INFO: [ app_begin ] --END-- [ RunTime:0.000343s ]
NOTIC: [8] Undefined index: exprire_time H:\xampp\htdocs\thinkphp\Application\Home\Controller\IndexController.class.php 第 274 行.
SQL: SHOW COLUMNS FROM `phone_message` [ RunTime:0.0031s ]
SQL: select * from phone_message where Phone=13169646401 limit 1 [ RunTime:0.0002s ]
NOTIC: [8] Undefined variable: result H:\xampp\htdocs\thinkphp\Application\Home\Controller\IndexController.class.php 第 308 行.
NOTIC: [8] Undefined index: jsonpCallback H:\xampp\htdocs\thinkphp\Application\Home\Controller\IndexController.class.php 第 318 行.
INFO: [ app_end ] --START--
INFO: Run Behavior\ShowPageTraceBehavior [ RunTime:0.000415s ]
INFO: [ app_end ] --END-- [ RunTime:0.000458s ]

[ 2017-01-04T16:15:53+08:00 ] ::1 /thinkphp/index.php/Home/Index/send_verify?account=13169646401
INFO: [ app_init ] --START--
INFO: Run Behavior\BuildLiteBehavior [ RunTime:0.000016s ]
INFO: [ app_init ] --END-- [ RunTime:0.000375s ]
INFO: [ app_begin ] --START--
INFO: Run Behavior\ReadHtmlCacheBehavior [ RunTime:0.000458s ]
INFO: [ app_begin ] --END-- [ RunTime:0.000509s ]
NOTIC: [8] Undefined index: exprire_time H:\xampp\htdocs\thinkphp\Application\Home\Controller\IndexController.class.php 第 274 行.
SQL: SHOW COLUMNS FROM `phone_message` [ RunTime:0.0027s ]
SQL: select * from phone_message where Phone=13169646401 limit 1 [ RunTime:0.0002s ]
NOTIC: [8] Undefined variable: result H:\xampp\htdocs\thinkphp\Application\Home\Controller\IndexController.class.php 第 308 行.
NOTIC: [8] Undefined index: jsonpCallback H:\xampp\htdocs\thinkphp\Application\Home\Controller\IndexController.class.php 第 318 行.
INFO: [ app_end ] --START--
INFO: Run Behavior\ShowPageTraceBehavior [ RunTime:0.000445s ]
INFO: [ app_end ] --END-- [ RunTime:0.000480s ]

[ 2017-01-04T16:15:53+08:00 ] ::1 /thinkphp/index.php/Home/Index/send_verify?account=13169646401
INFO: [ app_init ] --START--
INFO: Run Behavior\BuildLiteBehavior [ RunTime:0.000012s ]
INFO: [ app_init ] --END-- [ RunTime:0.000286s ]
INFO: [ app_begin ] --START--
INFO: Run Behavior\ReadHtmlCacheBehavior [ RunTime:0.000356s ]
INFO: [ app_begin ] --END-- [ RunTime:0.000398s ]
NOTIC: [8] Undefined index: exprire_time H:\xampp\htdocs\thinkphp\Application\Home\Controller\IndexController.class.php 第 274 行.
SQL: SHOW COLUMNS FROM `phone_message` [ RunTime:0.0028s ]
SQL: select * from phone_message where Phone=13169646401 limit 1 [ RunTime:0.0003s ]
NOTIC: [8] Undefined variable: result H:\xampp\htdocs\thinkphp\Application\Home\Controller\IndexController.class.php 第 308 行.
NOTIC: [8] Undefined index: jsonpCallback H:\xampp\htdocs\thinkphp\Application\Home\Controller\IndexController.class.php 第 318 行.
INFO: [ app_end ] --START--
INFO: Run Behavior\ShowPageTraceBehavior [ RunTime:0.000464s ]
INFO: [ app_end ] --END-- [ RunTime:0.000501s ]

